INFO: [VRFC 10-163] Analyzing VHDL file "/home/puftester/PhD/repo/Hw-designs/PUFs/tima_ro_puf_2/tima_ro_puf_2.sim/sim_1/synth/func/xsim/tb_tima_ro_puf_func_synth.vhd" into library xil_defaultlib
INFO: [VRFC 10-3107] analyzing entity 'ROs'
INFO: [VRFC 10-3107] analyzing entity '\ROs__1\'
INFO: [VRFC 10-3107] analyzing entity '\ROs__10\'
INFO: [VRFC 10-3107] analyzing entity '\ROs__100\'
INFO: [VRFC 10-3107] analyzing entity '\ROs__101\'
INFO: [VRFC 10-3107] analyzing entity '\ROs__102\'
INFO: [VRFC 10-3107] analyzing entity '\ROs__103\'
INFO: [VRFC 10-3107] analyzing entity '\ROs__104\'
INFO: [VRFC 10-3107] analyzing entity '\ROs__105\'
INFO: [VRFC 10-3107] analyzing entity '\ROs__106\'
INFO: [VRFC 10-3107] analyzing entity '\ROs__107\'
INFO: [VRFC 10-3107] analyzing entity '\ROs__108\'
INFO: [VRFC 10-3107] analyzing entity '\ROs__109\'
INFO: [VRFC 10-3107] analyzing entity '\ROs__11\'
INFO: [VRFC 10-3107] analyzing entity '\ROs__110\'
INFO: [VRFC 10-3107] analyzing entity '\ROs__111\'
INFO: [VRFC 10-3107] analyzing entity '\ROs__112\'
INFO: [VRFC 10-3107] analyzing entity '\ROs__113\'
INFO: [VRFC 10-3107] analyzing entity '\ROs__114\'
INFO: [VRFC 10-3107] analyzing entity '\ROs__115\'
INFO: [VRFC 10-3107] analyzing entity '\ROs__116\'
INFO: [VRFC 10-3107] analyzing entity '\ROs__117\'
INFO: [VRFC 10-3107] analyzing entity '\ROs__118\'
INFO: [VRFC 10-3107] analyzing entity '\ROs__119\'
INFO: [VRFC 10-3107] analyzing entity '\ROs__12\'
INFO: [VRFC 10-3107] analyzing entity '\ROs__120\'
INFO: [VRFC 10-3107] analyzing entity '\ROs__121\'
INFO: [VRFC 10-3107] analyzing entity '\ROs__122\'
INFO: [VRFC 10-3107] analyzing entity '\ROs__123\'
INFO: [VRFC 10-3107] analyzing entity '\ROs__124\'
INFO: [VRFC 10-3107] analyzing entity '\ROs__125\'
INFO: [VRFC 10-3107] analyzing entity '\ROs__126\'
INFO: [VRFC 10-3107] analyzing entity '\ROs__127\'
INFO: [VRFC 10-3107] analyzing entity '\ROs__128\'
INFO: [VRFC 10-3107] analyzing entity '\ROs__129\'
INFO: [VRFC 10-3107] analyzing entity '\ROs__13\'
INFO: [VRFC 10-3107] analyzing entity '\ROs__130\'
INFO: [VRFC 10-3107] analyzing entity '\ROs__131\'
INFO: [VRFC 10-3107] analyzing entity '\ROs__132\'
INFO: [VRFC 10-3107] analyzing entity '\ROs__133\'
INFO: [VRFC 10-3107] analyzing entity '\ROs__134\'
INFO: [VRFC 10-3107] analyzing entity '\ROs__135\'
INFO: [VRFC 10-3107] analyzing entity '\ROs__136\'
INFO: [VRFC 10-3107] analyzing entity '\ROs__137\'
INFO: [VRFC 10-3107] analyzing entity '\ROs__138\'
INFO: [VRFC 10-3107] analyzing entity '\ROs__139\'
INFO: [VRFC 10-3107] analyzing entity '\ROs__14\'
INFO: [VRFC 10-3107] analyzing entity '\ROs__140\'
INFO: [VRFC 10-3107] analyzing entity '\ROs__141\'
INFO: [VRFC 10-3107] analyzing entity '\ROs__142\'
INFO: [VRFC 10-3107] analyzing entity '\ROs__143\'
INFO: [VRFC 10-3107] analyzing entity '\ROs__144\'
INFO: [VRFC 10-3107] analyzing entity '\ROs__145\'
INFO: [VRFC 10-3107] analyzing entity '\ROs__146\'
INFO: [VRFC 10-3107] analyzing entity '\ROs__147\'
INFO: [VRFC 10-3107] analyzing entity '\ROs__148\'
INFO: [VRFC 10-3107] analyzing entity '\ROs__149\'
INFO: [VRFC 10-3107] analyzing entity '\ROs__15\'
INFO: [VRFC 10-3107] analyzing entity '\ROs__150\'
INFO: [VRFC 10-3107] analyzing entity '\ROs__151\'
INFO: [VRFC 10-3107] analyzing entity '\ROs__152\'
INFO: [VRFC 10-3107] analyzing entity '\ROs__153\'
INFO: [VRFC 10-3107] analyzing entity '\ROs__154\'
INFO: [VRFC 10-3107] analyzing entity '\ROs__155\'
INFO: [VRFC 10-3107] analyzing entity '\ROs__156\'
INFO: [VRFC 10-3107] analyzing entity '\ROs__157\'
INFO: [VRFC 10-3107] analyzing entity '\ROs__158\'
INFO: [VRFC 10-3107] analyzing entity '\ROs__159\'
INFO: [VRFC 10-3107] analyzing entity '\ROs__16\'
INFO: [VRFC 10-3107] analyzing entity '\ROs__160\'
INFO: [VRFC 10-3107] analyzing entity '\ROs__161\'
INFO: [VRFC 10-3107] analyzing entity '\ROs__162\'
INFO: [VRFC 10-3107] analyzing entity '\ROs__163\'
INFO: [VRFC 10-3107] analyzing entity '\ROs__164\'
INFO: [VRFC 10-3107] analyzing entity '\ROs__165\'
INFO: [VRFC 10-3107] analyzing entity '\ROs__166\'
INFO: [VRFC 10-3107] analyzing entity '\ROs__167\'
INFO: [VRFC 10-3107] analyzing entity '\ROs__168\'
INFO: [VRFC 10-3107] analyzing entity '\ROs__169\'
INFO: [VRFC 10-3107] analyzing entity '\ROs__17\'
INFO: [VRFC 10-3107] analyzing entity '\ROs__170\'
INFO: [VRFC 10-3107] analyzing entity '\ROs__171\'
INFO: [VRFC 10-3107] analyzing entity '\ROs__172\'
INFO: [VRFC 10-3107] analyzing entity '\ROs__173\'
INFO: [VRFC 10-3107] analyzing entity '\ROs__174\'
INFO: [VRFC 10-3107] analyzing entity '\ROs__175\'
INFO: [VRFC 10-3107] analyzing entity '\ROs__176\'
INFO: [VRFC 10-3107] analyzing entity '\ROs__177\'
INFO: [VRFC 10-3107] analyzing entity '\ROs__178\'
INFO: [VRFC 10-3107] analyzing entity '\ROs__179\'
INFO: [VRFC 10-3107] analyzing entity '\ROs__18\'
INFO: [VRFC 10-3107] analyzing entity '\ROs__180\'
INFO: [VRFC 10-3107] analyzing entity '\ROs__181\'
INFO: [VRFC 10-3107] analyzing entity '\ROs__182\'
INFO: [VRFC 10-3107] analyzing entity '\ROs__183\'
INFO: [VRFC 10-3107] analyzing entity '\ROs__184\'
INFO: [VRFC 10-3107] analyzing entity '\ROs__185\'
INFO: [VRFC 10-3107] analyzing entity '\ROs__186\'
INFO: [VRFC 10-3107] analyzing entity '\ROs__187\'
INFO: [VRFC 10-3107] analyzing entity '\ROs__188\'
INFO: [VRFC 10-3107] analyzing entity '\ROs__189\'
INFO: [VRFC 10-3107] analyzing entity '\ROs__19\'
INFO: [VRFC 10-3107] analyzing entity '\ROs__190\'
INFO: [VRFC 10-3107] analyzing entity '\ROs__191\'
INFO: [VRFC 10-3107] analyzing entity '\ROs__192\'
INFO: [VRFC 10-3107] analyzing entity '\ROs__193\'
INFO: [VRFC 10-3107] analyzing entity '\ROs__194\'
INFO: [VRFC 10-3107] analyzing entity '\ROs__195\'
INFO: [VRFC 10-3107] analyzing entity '\ROs__196\'
INFO: [VRFC 10-3107] analyzing entity '\ROs__197\'
INFO: [VRFC 10-3107] analyzing entity '\ROs__198\'
INFO: [VRFC 10-3107] analyzing entity '\ROs__199\'
INFO: [VRFC 10-3107] analyzing entity '\ROs__2\'
INFO: [VRFC 10-3107] analyzing entity '\ROs__20\'
INFO: [VRFC 10-3107] analyzing entity '\ROs__200\'
INFO: [VRFC 10-3107] analyzing entity '\ROs__201\'
INFO: [VRFC 10-3107] analyzing entity '\ROs__202\'
INFO: [VRFC 10-3107] analyzing entity '\ROs__203\'
INFO: [VRFC 10-3107] analyzing entity '\ROs__204\'
INFO: [VRFC 10-3107] analyzing entity '\ROs__205\'
INFO: [VRFC 10-3107] analyzing entity '\ROs__206\'
INFO: [VRFC 10-3107] analyzing entity '\ROs__207\'
INFO: [VRFC 10-3107] analyzing entity '\ROs__208\'
INFO: [VRFC 10-3107] analyzing entity '\ROs__209\'
INFO: [VRFC 10-3107] analyzing entity '\ROs__21\'
INFO: [VRFC 10-3107] analyzing entity '\ROs__210\'
INFO: [VRFC 10-3107] analyzing entity '\ROs__211\'
INFO: [VRFC 10-3107] analyzing entity '\ROs__212\'
INFO: [VRFC 10-3107] analyzing entity '\ROs__213\'
INFO: [VRFC 10-3107] analyzing entity '\ROs__214\'
INFO: [VRFC 10-3107] analyzing entity '\ROs__215\'
INFO: [VRFC 10-3107] analyzing entity '\ROs__216\'
INFO: [VRFC 10-3107] analyzing entity '\ROs__217\'
INFO: [VRFC 10-3107] analyzing entity '\ROs__218\'
INFO: [VRFC 10-3107] analyzing entity '\ROs__219\'
INFO: [VRFC 10-3107] analyzing entity '\ROs__22\'
INFO: [VRFC 10-3107] analyzing entity '\ROs__220\'
INFO: [VRFC 10-3107] analyzing entity '\ROs__221\'
INFO: [VRFC 10-3107] analyzing entity '\ROs__222\'
INFO: [VRFC 10-3107] analyzing entity '\ROs__223\'
INFO: [VRFC 10-3107] analyzing entity '\ROs__224\'
INFO: [VRFC 10-3107] analyzing entity '\ROs__225\'
INFO: [VRFC 10-3107] analyzing entity '\ROs__226\'
INFO: [VRFC 10-3107] analyzing entity '\ROs__227\'
INFO: [VRFC 10-3107] analyzing entity '\ROs__228\'
INFO: [VRFC 10-3107] analyzing entity '\ROs__229\'
INFO: [VRFC 10-3107] analyzing entity '\ROs__23\'
INFO: [VRFC 10-3107] analyzing entity '\ROs__230\'
INFO: [VRFC 10-3107] analyzing entity '\ROs__231\'
INFO: [VRFC 10-3107] analyzing entity '\ROs__232\'
INFO: [VRFC 10-3107] analyzing entity '\ROs__233\'
INFO: [VRFC 10-3107] analyzing entity '\ROs__234\'
INFO: [VRFC 10-3107] analyzing entity '\ROs__235\'
INFO: [VRFC 10-3107] analyzing entity '\ROs__236\'
INFO: [VRFC 10-3107] analyzing entity '\ROs__237\'
INFO: [VRFC 10-3107] analyzing entity '\ROs__238\'
INFO: [VRFC 10-3107] analyzing entity '\ROs__239\'
INFO: [VRFC 10-3107] analyzing entity '\ROs__24\'
INFO: [VRFC 10-3107] analyzing entity '\ROs__240\'
INFO: [VRFC 10-3107] analyzing entity '\ROs__241\'
INFO: [VRFC 10-3107] analyzing entity '\ROs__242\'
INFO: [VRFC 10-3107] analyzing entity '\ROs__243\'
INFO: [VRFC 10-3107] analyzing entity '\ROs__244\'
INFO: [VRFC 10-3107] analyzing entity '\ROs__245\'
INFO: [VRFC 10-3107] analyzing entity '\ROs__246\'
INFO: [VRFC 10-3107] analyzing entity '\ROs__247\'
INFO: [VRFC 10-3107] analyzing entity '\ROs__248\'
INFO: [VRFC 10-3107] analyzing entity '\ROs__249\'
INFO: [VRFC 10-3107] analyzing entity '\ROs__25\'
INFO: [VRFC 10-3107] analyzing entity '\ROs__250\'
INFO: [VRFC 10-3107] analyzing entity '\ROs__251\'
INFO: [VRFC 10-3107] analyzing entity '\ROs__252\'
INFO: [VRFC 10-3107] analyzing entity '\ROs__253\'
INFO: [VRFC 10-3107] analyzing entity '\ROs__254\'
INFO: [VRFC 10-3107] analyzing entity '\ROs__255\'
INFO: [VRFC 10-3107] analyzing entity '\ROs__256\'
INFO: [VRFC 10-3107] analyzing entity '\ROs__257\'
INFO: [VRFC 10-3107] analyzing entity '\ROs__258\'
INFO: [VRFC 10-3107] analyzing entity '\ROs__259\'
INFO: [VRFC 10-3107] analyzing entity '\ROs__26\'
INFO: [VRFC 10-3107] analyzing entity '\ROs__260\'
INFO: [VRFC 10-3107] analyzing entity '\ROs__261\'
INFO: [VRFC 10-3107] analyzing entity '\ROs__262\'
INFO: [VRFC 10-3107] analyzing entity '\ROs__263\'
INFO: [VRFC 10-3107] analyzing entity '\ROs__264\'
INFO: [VRFC 10-3107] analyzing entity '\ROs__265\'
INFO: [VRFC 10-3107] analyzing entity '\ROs__266\'
INFO: [VRFC 10-3107] analyzing entity '\ROs__267\'
INFO: [VRFC 10-3107] analyzing entity '\ROs__268\'
INFO: [VRFC 10-3107] analyzing entity '\ROs__269\'
INFO: [VRFC 10-3107] analyzing entity '\ROs__27\'
INFO: [VRFC 10-3107] analyzing entity '\ROs__270\'
INFO: [VRFC 10-3107] analyzing entity '\ROs__271\'
INFO: [VRFC 10-3107] analyzing entity '\ROs__272\'
INFO: [VRFC 10-3107] analyzing entity '\ROs__273\'
INFO: [VRFC 10-3107] analyzing entity '\ROs__274\'
INFO: [VRFC 10-3107] analyzing entity '\ROs__275\'
INFO: [VRFC 10-3107] analyzing entity '\ROs__276\'
INFO: [VRFC 10-3107] analyzing entity '\ROs__277\'
INFO: [VRFC 10-3107] analyzing entity '\ROs__278\'
INFO: [VRFC 10-3107] analyzing entity '\ROs__279\'
INFO: [VRFC 10-3107] analyzing entity '\ROs__28\'
INFO: [VRFC 10-3107] analyzing entity '\ROs__280\'
INFO: [VRFC 10-3107] analyzing entity '\ROs__281\'
INFO: [VRFC 10-3107] analyzing entity '\ROs__282\'
INFO: [VRFC 10-3107] analyzing entity '\ROs__283\'
INFO: [VRFC 10-3107] analyzing entity '\ROs__284\'
INFO: [VRFC 10-3107] analyzing entity '\ROs__285\'
INFO: [VRFC 10-3107] analyzing entity '\ROs__286\'
INFO: [VRFC 10-3107] analyzing entity '\ROs__287\'
INFO: [VRFC 10-3107] analyzing entity '\ROs__288\'
INFO: [VRFC 10-3107] analyzing entity '\ROs__289\'
INFO: [VRFC 10-3107] analyzing entity '\ROs__29\'
INFO: [VRFC 10-3107] analyzing entity '\ROs__290\'
INFO: [VRFC 10-3107] analyzing entity '\ROs__291\'
INFO: [VRFC 10-3107] analyzing entity '\ROs__292\'
INFO: [VRFC 10-3107] analyzing entity '\ROs__293\'
INFO: [VRFC 10-3107] analyzing entity '\ROs__294\'
INFO: [VRFC 10-3107] analyzing entity '\ROs__295\'
INFO: [VRFC 10-3107] analyzing entity '\ROs__296\'
INFO: [VRFC 10-3107] analyzing entity '\ROs__297\'
INFO: [VRFC 10-3107] analyzing entity '\ROs__298\'
INFO: [VRFC 10-3107] analyzing entity '\ROs__299\'
INFO: [VRFC 10-3107] analyzing entity '\ROs__3\'
INFO: [VRFC 10-3107] analyzing entity '\ROs__30\'
INFO: [VRFC 10-3107] analyzing entity '\ROs__300\'
INFO: [VRFC 10-3107] analyzing entity '\ROs__301\'
INFO: [VRFC 10-3107] analyzing entity '\ROs__302\'
INFO: [VRFC 10-3107] analyzing entity '\ROs__303\'
INFO: [VRFC 10-3107] analyzing entity '\ROs__304\'
INFO: [VRFC 10-3107] analyzing entity '\ROs__305\'
INFO: [VRFC 10-3107] analyzing entity '\ROs__306\'
INFO: [VRFC 10-3107] analyzing entity '\ROs__307\'
INFO: [VRFC 10-3107] analyzing entity '\ROs__308\'
INFO: [VRFC 10-3107] analyzing entity '\ROs__309\'
INFO: [VRFC 10-3107] analyzing entity '\ROs__31\'
INFO: [VRFC 10-3107] analyzing entity '\ROs__310\'
INFO: [VRFC 10-3107] analyzing entity '\ROs__311\'
INFO: [VRFC 10-3107] analyzing entity '\ROs__312\'
INFO: [VRFC 10-3107] analyzing entity '\ROs__313\'
INFO: [VRFC 10-3107] analyzing entity '\ROs__314\'
INFO: [VRFC 10-3107] analyzing entity '\ROs__315\'
INFO: [VRFC 10-3107] analyzing entity '\ROs__316\'
INFO: [VRFC 10-3107] analyzing entity '\ROs__317\'
INFO: [VRFC 10-3107] analyzing entity '\ROs__318\'
INFO: [VRFC 10-3107] analyzing entity '\ROs__319\'
INFO: [VRFC 10-3107] analyzing entity '\ROs__32\'
INFO: [VRFC 10-3107] analyzing entity '\ROs__320\'
INFO: [VRFC 10-3107] analyzing entity '\ROs__321\'
INFO: [VRFC 10-3107] analyzing entity '\ROs__322\'
INFO: [VRFC 10-3107] analyzing entity '\ROs__323\'
INFO: [VRFC 10-3107] analyzing entity '\ROs__324\'
INFO: [VRFC 10-3107] analyzing entity '\ROs__325\'
INFO: [VRFC 10-3107] analyzing entity '\ROs__326\'
INFO: [VRFC 10-3107] analyzing entity '\ROs__327\'
INFO: [VRFC 10-3107] analyzing entity '\ROs__328\'
INFO: [VRFC 10-3107] analyzing entity '\ROs__329\'
INFO: [VRFC 10-3107] analyzing entity '\ROs__33\'
INFO: [VRFC 10-3107] analyzing entity '\ROs__330\'
INFO: [VRFC 10-3107] analyzing entity '\ROs__331\'
INFO: [VRFC 10-3107] analyzing entity '\ROs__332\'
INFO: [VRFC 10-3107] analyzing entity '\ROs__333\'
INFO: [VRFC 10-3107] analyzing entity '\ROs__334\'
INFO: [VRFC 10-3107] analyzing entity '\ROs__335\'
INFO: [VRFC 10-3107] analyzing entity '\ROs__336\'
INFO: [VRFC 10-3107] analyzing entity '\ROs__337\'
INFO: [VRFC 10-3107] analyzing entity '\ROs__338\'
INFO: [VRFC 10-3107] analyzing entity '\ROs__339\'
INFO: [VRFC 10-3107] analyzing entity '\ROs__34\'
INFO: [VRFC 10-3107] analyzing entity '\ROs__340\'
INFO: [VRFC 10-3107] analyzing entity '\ROs__341\'
INFO: [VRFC 10-3107] analyzing entity '\ROs__342\'
INFO: [VRFC 10-3107] analyzing entity '\ROs__343\'
INFO: [VRFC 10-3107] analyzing entity '\ROs__344\'
INFO: [VRFC 10-3107] analyzing entity '\ROs__345\'
INFO: [VRFC 10-3107] analyzing entity '\ROs__346\'
INFO: [VRFC 10-3107] analyzing entity '\ROs__347\'
INFO: [VRFC 10-3107] analyzing entity '\ROs__348\'
INFO: [VRFC 10-3107] analyzing entity '\ROs__349\'
INFO: [VRFC 10-3107] analyzing entity '\ROs__35\'
INFO: [VRFC 10-3107] analyzing entity '\ROs__350\'
INFO: [VRFC 10-3107] analyzing entity '\ROs__351\'
INFO: [VRFC 10-3107] analyzing entity '\ROs__352\'
INFO: [VRFC 10-3107] analyzing entity '\ROs__353\'
INFO: [VRFC 10-3107] analyzing entity '\ROs__354\'
INFO: [VRFC 10-3107] analyzing entity '\ROs__355\'
INFO: [VRFC 10-3107] analyzing entity '\ROs__356\'
INFO: [VRFC 10-3107] analyzing entity '\ROs__357\'
INFO: [VRFC 10-3107] analyzing entity '\ROs__358\'
INFO: [VRFC 10-3107] analyzing entity '\ROs__359\'
INFO: [VRFC 10-3107] analyzing entity '\ROs__36\'
INFO: [VRFC 10-3107] analyzing entity '\ROs__360\'
INFO: [VRFC 10-3107] analyzing entity '\ROs__361\'
INFO: [VRFC 10-3107] analyzing entity '\ROs__362\'
INFO: [VRFC 10-3107] analyzing entity '\ROs__363\'
INFO: [VRFC 10-3107] analyzing entity '\ROs__364\'
INFO: [VRFC 10-3107] analyzing entity '\ROs__365\'
INFO: [VRFC 10-3107] analyzing entity '\ROs__366\'
INFO: [VRFC 10-3107] analyzing entity '\ROs__367\'
INFO: [VRFC 10-3107] analyzing entity '\ROs__368\'
INFO: [VRFC 10-3107] analyzing entity '\ROs__369\'
INFO: [VRFC 10-3107] analyzing entity '\ROs__37\'
INFO: [VRFC 10-3107] analyzing entity '\ROs__370\'
INFO: [VRFC 10-3107] analyzing entity '\ROs__371\'
INFO: [VRFC 10-3107] analyzing entity '\ROs__372\'
INFO: [VRFC 10-3107] analyzing entity '\ROs__373\'
INFO: [VRFC 10-3107] analyzing entity '\ROs__374\'
INFO: [VRFC 10-3107] analyzing entity '\ROs__375\'
INFO: [VRFC 10-3107] analyzing entity '\ROs__376\'
INFO: [VRFC 10-3107] analyzing entity '\ROs__377\'
INFO: [VRFC 10-3107] analyzing entity '\ROs__378\'
INFO: [VRFC 10-3107] analyzing entity '\ROs__379\'
INFO: [VRFC 10-3107] analyzing entity '\ROs__38\'
INFO: [VRFC 10-3107] analyzing entity '\ROs__380\'
INFO: [VRFC 10-3107] analyzing entity '\ROs__381\'
INFO: [VRFC 10-3107] analyzing entity '\ROs__382\'
INFO: [VRFC 10-3107] analyzing entity '\ROs__383\'
INFO: [VRFC 10-3107] analyzing entity '\ROs__384\'
INFO: [VRFC 10-3107] analyzing entity '\ROs__385\'
INFO: [VRFC 10-3107] analyzing entity '\ROs__386\'
INFO: [VRFC 10-3107] analyzing entity '\ROs__387\'
INFO: [VRFC 10-3107] analyzing entity '\ROs__388\'
INFO: [VRFC 10-3107] analyzing entity '\ROs__389\'
INFO: [VRFC 10-3107] analyzing entity '\ROs__39\'
INFO: [VRFC 10-3107] analyzing entity '\ROs__390\'
INFO: [VRFC 10-3107] analyzing entity '\ROs__391\'
INFO: [VRFC 10-3107] analyzing entity '\ROs__392\'
INFO: [VRFC 10-3107] analyzing entity '\ROs__393\'
INFO: [VRFC 10-3107] analyzing entity '\ROs__394\'
INFO: [VRFC 10-3107] analyzing entity '\ROs__395\'
INFO: [VRFC 10-3107] analyzing entity '\ROs__396\'
INFO: [VRFC 10-3107] analyzing entity '\ROs__397\'
INFO: [VRFC 10-3107] analyzing entity '\ROs__398\'
INFO: [VRFC 10-3107] analyzing entity '\ROs__399\'
INFO: [VRFC 10-3107] analyzing entity '\ROs__4\'
INFO: [VRFC 10-3107] analyzing entity '\ROs__40\'
INFO: [VRFC 10-3107] analyzing entity '\ROs__400\'
INFO: [VRFC 10-3107] analyzing entity '\ROs__401\'
INFO: [VRFC 10-3107] analyzing entity '\ROs__402\'
INFO: [VRFC 10-3107] analyzing entity '\ROs__403\'
INFO: [VRFC 10-3107] analyzing entity '\ROs__404\'
INFO: [VRFC 10-3107] analyzing entity '\ROs__405\'
INFO: [VRFC 10-3107] analyzing entity '\ROs__406\'
INFO: [VRFC 10-3107] analyzing entity '\ROs__407\'
INFO: [VRFC 10-3107] analyzing entity '\ROs__408\'
INFO: [VRFC 10-3107] analyzing entity '\ROs__409\'
INFO: [VRFC 10-3107] analyzing entity '\ROs__41\'
INFO: [VRFC 10-3107] analyzing entity '\ROs__410\'
INFO: [VRFC 10-3107] analyzing entity '\ROs__411\'
INFO: [VRFC 10-3107] analyzing entity '\ROs__412\'
INFO: [VRFC 10-3107] analyzing entity '\ROs__413\'
INFO: [VRFC 10-3107] analyzing entity '\ROs__414\'
INFO: [VRFC 10-3107] analyzing entity '\ROs__415\'
INFO: [VRFC 10-3107] analyzing entity '\ROs__416\'
INFO: [VRFC 10-3107] analyzing entity '\ROs__417\'
INFO: [VRFC 10-3107] analyzing entity '\ROs__418\'
INFO: [VRFC 10-3107] analyzing entity '\ROs__419\'
INFO: [VRFC 10-3107] analyzing entity '\ROs__42\'
INFO: [VRFC 10-3107] analyzing entity '\ROs__420\'
INFO: [VRFC 10-3107] analyzing entity '\ROs__421\'
INFO: [VRFC 10-3107] analyzing entity '\ROs__422\'
INFO: [VRFC 10-3107] analyzing entity '\ROs__423\'
INFO: [VRFC 10-3107] analyzing entity '\ROs__424\'
INFO: [VRFC 10-3107] analyzing entity '\ROs__425\'
INFO: [VRFC 10-3107] analyzing entity '\ROs__426\'
INFO: [VRFC 10-3107] analyzing entity '\ROs__427\'
INFO: [VRFC 10-3107] analyzing entity '\ROs__428\'
INFO: [VRFC 10-3107] analyzing entity '\ROs__429\'
INFO: [VRFC 10-3107] analyzing entity '\ROs__43\'
INFO: [VRFC 10-3107] analyzing entity '\ROs__430\'
INFO: [VRFC 10-3107] analyzing entity '\ROs__431\'
INFO: [VRFC 10-3107] analyzing entity '\ROs__432\'
INFO: [VRFC 10-3107] analyzing entity '\ROs__433\'
INFO: [VRFC 10-3107] analyzing entity '\ROs__434\'
INFO: [VRFC 10-3107] analyzing entity '\ROs__435\'
INFO: [VRFC 10-3107] analyzing entity '\ROs__436\'
INFO: [VRFC 10-3107] analyzing entity '\ROs__437\'
INFO: [VRFC 10-3107] analyzing entity '\ROs__438\'
INFO: [VRFC 10-3107] analyzing entity '\ROs__439\'
INFO: [VRFC 10-3107] analyzing entity '\ROs__44\'
INFO: [VRFC 10-3107] analyzing entity '\ROs__440\'
INFO: [VRFC 10-3107] analyzing entity '\ROs__441\'
INFO: [VRFC 10-3107] analyzing entity '\ROs__442\'
INFO: [VRFC 10-3107] analyzing entity '\ROs__443\'
INFO: [VRFC 10-3107] analyzing entity '\ROs__444\'
INFO: [VRFC 10-3107] analyzing entity '\ROs__445\'
INFO: [VRFC 10-3107] analyzing entity '\ROs__446\'
INFO: [VRFC 10-3107] analyzing entity '\ROs__447\'
INFO: [VRFC 10-3107] analyzing entity '\ROs__448\'
INFO: [VRFC 10-3107] analyzing entity '\ROs__449\'
INFO: [VRFC 10-3107] analyzing entity '\ROs__45\'
INFO: [VRFC 10-3107] analyzing entity '\ROs__450\'
INFO: [VRFC 10-3107] analyzing entity '\ROs__451\'
INFO: [VRFC 10-3107] analyzing entity '\ROs__452\'
INFO: [VRFC 10-3107] analyzing entity '\ROs__453\'
INFO: [VRFC 10-3107] analyzing entity '\ROs__454\'
INFO: [VRFC 10-3107] analyzing entity '\ROs__455\'
INFO: [VRFC 10-3107] analyzing entity '\ROs__456\'
INFO: [VRFC 10-3107] analyzing entity '\ROs__457\'
INFO: [VRFC 10-3107] analyzing entity '\ROs__458\'
INFO: [VRFC 10-3107] analyzing entity '\ROs__459\'
INFO: [VRFC 10-3107] analyzing entity '\ROs__46\'
INFO: [VRFC 10-3107] analyzing entity '\ROs__460\'
INFO: [VRFC 10-3107] analyzing entity '\ROs__461\'
INFO: [VRFC 10-3107] analyzing entity '\ROs__462\'
INFO: [VRFC 10-3107] analyzing entity '\ROs__463\'
INFO: [VRFC 10-3107] analyzing entity '\ROs__464\'
INFO: [VRFC 10-3107] analyzing entity '\ROs__465\'
INFO: [VRFC 10-3107] analyzing entity '\ROs__466\'
INFO: [VRFC 10-3107] analyzing entity '\ROs__467\'
INFO: [VRFC 10-3107] analyzing entity '\ROs__468\'
INFO: [VRFC 10-3107] analyzing entity '\ROs__469\'
INFO: [VRFC 10-3107] analyzing entity '\ROs__47\'
INFO: [VRFC 10-3107] analyzing entity '\ROs__470\'
INFO: [VRFC 10-3107] analyzing entity '\ROs__471\'
INFO: [VRFC 10-3107] analyzing entity '\ROs__472\'
INFO: [VRFC 10-3107] analyzing entity '\ROs__473\'
INFO: [VRFC 10-3107] analyzing entity '\ROs__474\'
INFO: [VRFC 10-3107] analyzing entity '\ROs__475\'
INFO: [VRFC 10-3107] analyzing entity '\ROs__476\'
INFO: [VRFC 10-3107] analyzing entity '\ROs__477\'
INFO: [VRFC 10-3107] analyzing entity '\ROs__478\'
INFO: [VRFC 10-3107] analyzing entity '\ROs__479\'
INFO: [VRFC 10-3107] analyzing entity '\ROs__48\'
INFO: [VRFC 10-3107] analyzing entity '\ROs__480\'
INFO: [VRFC 10-3107] analyzing entity '\ROs__481\'
INFO: [VRFC 10-3107] analyzing entity '\ROs__482\'
INFO: [VRFC 10-3107] analyzing entity '\ROs__483\'
INFO: [VRFC 10-3107] analyzing entity '\ROs__484\'
INFO: [VRFC 10-3107] analyzing entity '\ROs__485\'
INFO: [VRFC 10-3107] analyzing entity '\ROs__486\'
INFO: [VRFC 10-3107] analyzing entity '\ROs__487\'
INFO: [VRFC 10-3107] analyzing entity '\ROs__488\'
INFO: [VRFC 10-3107] analyzing entity '\ROs__489\'
INFO: [VRFC 10-3107] analyzing entity '\ROs__49\'
INFO: [VRFC 10-3107] analyzing entity '\ROs__490\'
INFO: [VRFC 10-3107] analyzing entity '\ROs__491\'
INFO: [VRFC 10-3107] analyzing entity '\ROs__492\'
INFO: [VRFC 10-3107] analyzing entity '\ROs__493\'
INFO: [VRFC 10-3107] analyzing entity '\ROs__494\'
INFO: [VRFC 10-3107] analyzing entity '\ROs__495\'
INFO: [VRFC 10-3107] analyzing entity '\ROs__496\'
INFO: [VRFC 10-3107] analyzing entity '\ROs__497\'
INFO: [VRFC 10-3107] analyzing entity '\ROs__498\'
INFO: [VRFC 10-3107] analyzing entity '\ROs__499\'
INFO: [VRFC 10-3107] analyzing entity '\ROs__5\'
INFO: [VRFC 10-3107] analyzing entity '\ROs__50\'
INFO: [VRFC 10-3107] analyzing entity '\ROs__500\'
INFO: [VRFC 10-3107] analyzing entity '\ROs__501\'
INFO: [VRFC 10-3107] analyzing entity '\ROs__502\'
INFO: [VRFC 10-3107] analyzing entity '\ROs__503\'
INFO: [VRFC 10-3107] analyzing entity '\ROs__504\'
INFO: [VRFC 10-3107] analyzing entity '\ROs__505\'
INFO: [VRFC 10-3107] analyzing entity '\ROs__506\'
INFO: [VRFC 10-3107] analyzing entity '\ROs__507\'
INFO: [VRFC 10-3107] analyzing entity '\ROs__508\'
INFO: [VRFC 10-3107] analyzing entity '\ROs__509\'
INFO: [VRFC 10-3107] analyzing entity '\ROs__51\'
INFO: [VRFC 10-3107] analyzing entity '\ROs__510\'
INFO: [VRFC 10-3107] analyzing entity '\ROs__511\'
INFO: [VRFC 10-3107] analyzing entity '\ROs__52\'
INFO: [VRFC 10-3107] analyzing entity '\ROs__53\'
INFO: [VRFC 10-3107] analyzing entity '\ROs__54\'
INFO: [VRFC 10-3107] analyzing entity '\ROs__55\'
INFO: [VRFC 10-3107] analyzing entity '\ROs__56\'
INFO: [VRFC 10-3107] analyzing entity '\ROs__57\'
INFO: [VRFC 10-3107] analyzing entity '\ROs__58\'
INFO: [VRFC 10-3107] analyzing entity '\ROs__59\'
INFO: [VRFC 10-3107] analyzing entity '\ROs__6\'
INFO: [VRFC 10-3107] analyzing entity '\ROs__60\'
INFO: [VRFC 10-3107] analyzing entity '\ROs__61\'
INFO: [VRFC 10-3107] analyzing entity '\ROs__62\'
INFO: [VRFC 10-3107] analyzing entity '\ROs__63\'
INFO: [VRFC 10-3107] analyzing entity '\ROs__64\'
INFO: [VRFC 10-3107] analyzing entity '\ROs__65\'
INFO: [VRFC 10-3107] analyzing entity '\ROs__66\'
INFO: [VRFC 10-3107] analyzing entity '\ROs__67\'
INFO: [VRFC 10-3107] analyzing entity '\ROs__68\'
INFO: [VRFC 10-3107] analyzing entity '\ROs__69\'
INFO: [VRFC 10-3107] analyzing entity '\ROs__7\'
INFO: [VRFC 10-3107] analyzing entity '\ROs__70\'
INFO: [VRFC 10-3107] analyzing entity '\ROs__71\'
INFO: [VRFC 10-3107] analyzing entity '\ROs__72\'
INFO: [VRFC 10-3107] analyzing entity '\ROs__73\'
INFO: [VRFC 10-3107] analyzing entity '\ROs__74\'
INFO: [VRFC 10-3107] analyzing entity '\ROs__75\'
INFO: [VRFC 10-3107] analyzing entity '\ROs__76\'
INFO: [VRFC 10-3107] analyzing entity '\ROs__77\'
INFO: [VRFC 10-3107] analyzing entity '\ROs__78\'
INFO: [VRFC 10-3107] analyzing entity '\ROs__79\'
INFO: [VRFC 10-3107] analyzing entity '\ROs__8\'
INFO: [VRFC 10-3107] analyzing entity '\ROs__80\'
INFO: [VRFC 10-3107] analyzing entity '\ROs__81\'
INFO: [VRFC 10-3107] analyzing entity '\ROs__82\'
INFO: [VRFC 10-3107] analyzing entity '\ROs__83\'
INFO: [VRFC 10-3107] analyzing entity '\ROs__84\'
INFO: [VRFC 10-3107] analyzing entity '\ROs__85\'
INFO: [VRFC 10-3107] analyzing entity '\ROs__86\'
INFO: [VRFC 10-3107] analyzing entity '\ROs__87\'
INFO: [VRFC 10-3107] analyzing entity '\ROs__88\'
INFO: [VRFC 10-3107] analyzing entity '\ROs__89\'
INFO: [VRFC 10-3107] analyzing entity '\ROs__9\'
INFO: [VRFC 10-3107] analyzing entity '\ROs__90\'
INFO: [VRFC 10-3107] analyzing entity '\ROs__91\'
INFO: [VRFC 10-3107] analyzing entity '\ROs__92\'
INFO: [VRFC 10-3107] analyzing entity '\ROs__93\'
INFO: [VRFC 10-3107] analyzing entity '\ROs__94\'
INFO: [VRFC 10-3107] analyzing entity '\ROs__95\'
INFO: [VRFC 10-3107] analyzing entity '\ROs__96\'
INFO: [VRFC 10-3107] analyzing entity '\ROs__97\'
INFO: [VRFC 10-3107] analyzing entity '\ROs__98\'
INFO: [VRFC 10-3107] analyzing entity '\ROs__99\'
INFO: [VRFC 10-3107] analyzing entity 'RO_selection'
INFO: [VRFC 10-3107] analyzing entity '\RO_selection__1\'
INFO: [VRFC 10-3107] analyzing entity 'tima_ro_puf'
INFO: [VRFC 10-3107] analyzing entity 'top_tima_ro_puf'
INFO: [VRFC 10-163] Analyzing VHDL file "/home/puftester/PhD/repo/Hw-designs/PUFs/tima_ro_puf_2/tima_ro_puf_2.srcs/sources_1/imports/new/ro_puf_7inverters_new.vhd" into library xil_defaultlib
INFO: [VRFC 10-3107] analyzing entity 'tima_ro_puf'
WARNING: [VRFC 10-3607] overwriting existing primary unit 'tima_ro_puf' [/home/puftester/PhD/repo/Hw-designs/PUFs/tima_ro_puf_2/tima_ro_puf_2.srcs/sources_1/imports/new/ro_puf_7inverters_new.vhd:8]
