
*** Running vivado
    with args -log u96_v2_tima_ropuf2_tima_ro_0_0.vds -m64 -product Vivado -mode batch -messageDb vivado.pb -notrace -source u96_v2_tima_ropuf2_tima_ro_0_0.tcl


****** Vivado v2020.2 (64-bit)
  **** SW Build 3064766 on Wed Nov 18 09:12:47 MST 2020
  **** IP Build 3064653 on Wed Nov 18 14:17:31 MST 2020
    ** Copyright 1986-2020 Xilinx, Inc. All Rights Reserved.

source u96_v2_tima_ropuf2_tima_ro_0_0.tcl -notrace
INFO: [IP_Flow 19-234] Refreshing IP repositories
INFO: [IP_Flow 19-1700] Loaded user IP repository '/home/puftester/PhD/repo/hdl/ip/PWM_w_Int'.
INFO: [IP_Flow 19-1700] Loaded user IP repository '/home/puftester/PhD/repo/Hw-designs/IPs'.
INFO: [IP_Flow 19-2313] Loaded Vivado IP repository '/home/puftester/tools/Xilinx/Vivado/2020.2/data/ip'.
Command: synth_design -top u96_v2_tima_ropuf2_tima_ro_0_0 -part xczu3eg-sbva484-1-i -mode out_of_context
Starting synth_design
Attempting to get a license for feature 'Synthesis' and/or device 'xczu3eg'
INFO: [Common 17-349] Got license for feature 'Synthesis' and/or device 'xczu3eg'
INFO: [Device 21-403] Loading part xczu3eg-sbva484-1-i
INFO: [Synth 8-7079] Multithreading enabled for synth_design using a maximum of 4 processes.
INFO: [Synth 8-7078] Launching helper process for spawning children vivado processes
INFO: [Synth 8-7075] Helper process launched with PID 9647
---------------------------------------------------------------------------------
Starting RTL Elaboration : Time (s): cpu = 00:00:05 ; elapsed = 00:00:05 . Memory (MB): peak = 2602.215 ; gain = 30.902 ; free physical = 127 ; free virtual = 17274
---------------------------------------------------------------------------------
INFO: [Synth 8-638] synthesizing module 'u96_v2_tima_ropuf2_tima_ro_0_0' [/home/puftester/PhD/repo/Hw-designs/Platforms/Ultra96v2/u96_v2_tima_ropuf2/u96_v2_tima_ropuf2.gen/sources_1/bd/u96_v2_tima_ropuf2/ip/u96_v2_tima_ropuf2_tima_ro_0_0/synth/u96_v2_tima_ropuf2_tima_ro_0_0.vhd:82]
	Parameter C_PUF_AXI_DATA_WIDTH bound to: 32 - type: integer 
	Parameter C_PUF_AXI_ADDR_WIDTH bound to: 6 - type: integer 
	Parameter num_inverters bound to: 7 - type: integer 
	Parameter abs_pos bound to: X0Y120 - type: string 
	Parameter offset_pos bound to: 20 - type: integer 
INFO: [Synth 8-3491] module 'tima_ro_v2_0' declared at '/home/puftester/PhD/repo/Hw-designs/Platforms/Ultra96v2/u96_v2_tima_ropuf2/u96_v2_tima_ropuf2.gen/sources_1/bd/u96_v2_tima_ropuf2/ipshared/e866/hdl/tima_ro_v2_0.vhd:5' bound to instance 'U0' of component 'tima_ro_v2_0' [/home/puftester/PhD/repo/Hw-designs/Platforms/Ultra96v2/u96_v2_tima_ropuf2/u96_v2_tima_ropuf2.gen/sources_1/bd/u96_v2_tima_ropuf2/ip/u96_v2_tima_ropuf2_tima_ro_0_0/synth/u96_v2_tima_ropuf2_tima_ro_0_0.vhd:149]
INFO: [Synth 8-638] synthesizing module 'tima_ro_v2_0' [/home/puftester/PhD/repo/Hw-designs/Platforms/Ultra96v2/u96_v2_tima_ropuf2/u96_v2_tima_ropuf2.gen/sources_1/bd/u96_v2_tima_ropuf2/ipshared/e866/hdl/tima_ro_v2_0.vhd:51]
	Parameter num_inverters bound to: 7 - type: integer 
	Parameter abs_pos bound to: X0Y120 - type: string 
	Parameter offset_pos bound to: 20 - type: integer 
	Parameter C_PUF_AXI_DATA_WIDTH bound to: 32 - type: integer 
	Parameter C_PUF_AXI_ADDR_WIDTH bound to: 6 - type: integer 
	Parameter num_inverters bound to: 7 - type: integer 
	Parameter abs_pos bound to: X0Y120 - type: string 
	Parameter offset_pos bound to: 20 - type: integer 
	Parameter C_S_AXI_DATA_WIDTH bound to: 32 - type: integer 
	Parameter C_S_AXI_ADDR_WIDTH bound to: 6 - type: integer 
INFO: [Synth 8-3491] module 'tima_ro_v2_0_PUF_AXI' declared at '/home/puftester/PhD/repo/Hw-designs/Platforms/Ultra96v2/u96_v2_tima_ropuf2/u96_v2_tima_ropuf2.gen/sources_1/bd/u96_v2_tima_ropuf2/ipshared/e866/hdl/tima_ro_v2_0_PUF_AXI.vhd:5' bound to instance 'tima_ro_v2_0_PUF_AXI_inst' of component 'tima_ro_v2_0_PUF_AXI' [/home/puftester/PhD/repo/Hw-designs/Platforms/Ultra96v2/u96_v2_tima_ropuf2/u96_v2_tima_ropuf2.gen/sources_1/bd/u96_v2_tima_ropuf2/ipshared/e866/hdl/tima_ro_v2_0.vhd:90]
INFO: [Synth 8-638] synthesizing module 'tima_ro_v2_0_PUF_AXI' [/home/puftester/PhD/repo/Hw-designs/Platforms/Ultra96v2/u96_v2_tima_ropuf2/u96_v2_tima_ropuf2.gen/sources_1/bd/u96_v2_tima_ropuf2/ipshared/e866/hdl/tima_ro_v2_0_PUF_AXI.vhd:88]
	Parameter num_inverters bound to: 7 - type: integer 
	Parameter abs_pos bound to: X0Y120 - type: string 
	Parameter offset_pos bound to: 20 - type: integer 
	Parameter C_S_AXI_DATA_WIDTH bound to: 32 - type: integer 
	Parameter C_S_AXI_ADDR_WIDTH bound to: 6 - type: integer 
	Parameter num_inverters bound to: 7 - type: integer 
	Parameter abs_pos bound to: X0Y120 - type: string 
	Parameter offset_pos bound to: 20 - type: integer 
INFO: [Synth 8-3491] module 'top_tima_ro_puf' declared at '/home/puftester/PhD/repo/Hw-designs/Platforms/Ultra96v2/u96_v2_tima_ropuf2/u96_v2_tima_ropuf2.gen/sources_1/bd/u96_v2_tima_ropuf2/ipshared/e866/src/top_tima_ro_puf.vhd:34' bound to instance 'TIMA_RO_PUF' of component 'top_tima_ro_puf' [/home/puftester/PhD/repo/Hw-designs/Platforms/Ultra96v2/u96_v2_tima_ropuf2/u96_v2_tima_ropuf2.gen/sources_1/bd/u96_v2_tima_ropuf2/ipshared/e866/hdl/tima_ro_v2_0_PUF_AXI.vhd:407]
INFO: [Synth 8-638] synthesizing module 'top_tima_ro_puf' [/home/puftester/PhD/repo/Hw-designs/Platforms/Ultra96v2/u96_v2_tima_ropuf2/u96_v2_tima_ropuf2.gen/sources_1/bd/u96_v2_tima_ropuf2/ipshared/e866/src/top_tima_ro_puf.vhd:60]
	Parameter num_inverters bound to: 7 - type: integer 
	Parameter abs_pos bound to: X0Y120 - type: string 
	Parameter offset_pos bound to: 20 - type: integer 
	Parameter num_inverters bound to: 7 - type: integer 
	Parameter abs_pos bound to: X0Y120 - type: string 
	Parameter offset_pos bound to: 20 - type: integer 
INFO: [Synth 8-3491] module 'tima_ro_puf' declared at '/home/puftester/PhD/repo/Hw-designs/Platforms/Ultra96v2/u96_v2_tima_ropuf2/u96_v2_tima_ropuf2.gen/sources_1/bd/u96_v2_tima_ropuf2/ipshared/e866/src/ro_puf_7inverters_new.vhd:8' bound to instance 'RO_PUF' of component 'tima_ro_puf' [/home/puftester/PhD/repo/Hw-designs/Platforms/Ultra96v2/u96_v2_tima_ropuf2/u96_v2_tima_ropuf2.gen/sources_1/bd/u96_v2_tima_ropuf2/ipshared/e866/src/top_tima_ro_puf.vhd:82]
INFO: [Synth 8-638] synthesizing module 'tima_ro_puf' [/home/puftester/PhD/repo/Hw-designs/Platforms/Ultra96v2/u96_v2_tima_ropuf2/u96_v2_tima_ropuf2.gen/sources_1/bd/u96_v2_tima_ropuf2/ipshared/e866/src/ro_puf_7inverters_new.vhd:35]
	Parameter num_inverters bound to: 7 - type: integer 
	Parameter abs_pos bound to: X0Y120 - type: string 
	Parameter offset_pos bound to: 20 - type: integer 
	Parameter num_inverters bound to: 7 - type: integer 
INFO: [Synth 8-3491] module 'RO_selection' declared at '/home/puftester/PhD/repo/Hw-designs/Platforms/Ultra96v2/u96_v2_tima_ropuf2/u96_v2_tima_ropuf2.gen/sources_1/bd/u96_v2_tima_ropuf2/ipshared/e866/src/RO_selection.vhd:6' bound to instance 'RO_BLOCK_1' of component 'RO_selection' [/home/puftester/PhD/repo/Hw-designs/Platforms/Ultra96v2/u96_v2_tima_ropuf2/u96_v2_tima_ropuf2.gen/sources_1/bd/u96_v2_tima_ropuf2/ipshared/e866/src/ro_puf_7inverters_new.vhd:97]
INFO: [Synth 8-638] synthesizing module 'RO_selection' [/home/puftester/PhD/repo/Hw-designs/Platforms/Ultra96v2/u96_v2_tima_ropuf2/u96_v2_tima_ropuf2.gen/sources_1/bd/u96_v2_tima_ropuf2/ipshared/e866/src/RO_selection.vhd:16]
	Parameter num_inverters bound to: 7 - type: integer 
	Parameter num_inverters bound to: 7 - type: integer 
INFO: [Synth 8-3491] module 'ROs' declared at '/home/puftester/PhD/repo/Hw-designs/Platforms/Ultra96v2/u96_v2_tima_ropuf2/u96_v2_tima_ropuf2.gen/sources_1/bd/u96_v2_tima_ropuf2/ipshared/e866/src/ROs.vhd:11' bound to instance 'RO_INST' of component 'ROs' [/home/puftester/PhD/repo/Hw-designs/Platforms/Ultra96v2/u96_v2_tima_ropuf2/u96_v2_tima_ropuf2.gen/sources_1/bd/u96_v2_tima_ropuf2/ipshared/e866/src/RO_selection.vhd:35]
INFO: [Synth 8-638] synthesizing module 'ROs' [/home/puftester/PhD/repo/Hw-designs/Platforms/Ultra96v2/u96_v2_tima_ropuf2/u96_v2_tima_ropuf2.gen/sources_1/bd/u96_v2_tima_ropuf2/ipshared/e866/src/ROs.vhd:34]
	Parameter num_inverters bound to: 7 - type: integer 
	Parameter INIT bound to: 4'b0111 
INFO: [Synth 8-113] binding component instance 'NAND_IN' to cell 'LUT2' [/home/puftester/PhD/repo/Hw-designs/Platforms/Ultra96v2/u96_v2_tima_ropuf2/u96_v2_tima_ropuf2.gen/sources_1/bd/u96_v2_tima_ropuf2/ipshared/e866/src/ROs.vhd:72]
	Parameter INIT bound to: 2'b01 
INFO: [Synth 8-113] binding component instance 'INVERTER_0' to cell 'LUT1' [/home/puftester/PhD/repo/Hw-designs/Platforms/Ultra96v2/u96_v2_tima_ropuf2/u96_v2_tima_ropuf2.gen/sources_1/bd/u96_v2_tima_ropuf2/ipshared/e866/src/ROs.vhd:82]
	Parameter INIT bound to: 2'b01 
INFO: [Synth 8-113] binding component instance 'INVERTER' to cell 'LUT1' [/home/puftester/PhD/repo/Hw-designs/Platforms/Ultra96v2/u96_v2_tima_ropuf2/u96_v2_tima_ropuf2.gen/sources_1/bd/u96_v2_tima_ropuf2/ipshared/e866/src/ROs.vhd:101]
	Parameter INIT bound to: 2'b01 
INFO: [Synth 8-113] binding component instance 'INVERTER' to cell 'LUT1' [/home/puftester/PhD/repo/Hw-designs/Platforms/Ultra96v2/u96_v2_tima_ropuf2/u96_v2_tima_ropuf2.gen/sources_1/bd/u96_v2_tima_ropuf2/ipshared/e866/src/ROs.vhd:101]
	Parameter INIT bound to: 2'b01 
INFO: [Synth 8-113] binding component instance 'INVERTER' to cell 'LUT1' [/home/puftester/PhD/repo/Hw-designs/Platforms/Ultra96v2/u96_v2_tima_ropuf2/u96_v2_tima_ropuf2.gen/sources_1/bd/u96_v2_tima_ropuf2/ipshared/e866/src/ROs.vhd:101]
	Parameter INIT bound to: 2'b01 
INFO: [Synth 8-113] binding component instance 'INVERTER' to cell 'LUT1' [/home/puftester/PhD/repo/Hw-designs/Platforms/Ultra96v2/u96_v2_tima_ropuf2/u96_v2_tima_ropuf2.gen/sources_1/bd/u96_v2_tima_ropuf2/ipshared/e866/src/ROs.vhd:101]
	Parameter INIT bound to: 2'b01 
INFO: [Synth 8-113] binding component instance 'INVERTER' to cell 'LUT1' [/home/puftester/PhD/repo/Hw-designs/Platforms/Ultra96v2/u96_v2_tima_ropuf2/u96_v2_tima_ropuf2.gen/sources_1/bd/u96_v2_tima_ropuf2/ipshared/e866/src/ROs.vhd:101]
	Parameter INIT bound to: 2'b01 
INFO: [Synth 8-113] binding component instance 'INVERTER' to cell 'LUT1' [/home/puftester/PhD/repo/Hw-designs/Platforms/Ultra96v2/u96_v2_tima_ropuf2/u96_v2_tima_ropuf2.gen/sources_1/bd/u96_v2_tima_ropuf2/ipshared/e866/src/ROs.vhd:101]
INFO: [Synth 8-256] done synthesizing module 'ROs' (1#1) [/home/puftester/PhD/repo/Hw-designs/Platforms/Ultra96v2/u96_v2_tima_ropuf2/u96_v2_tima_ropuf2.gen/sources_1/bd/u96_v2_tima_ropuf2/ipshared/e866/src/ROs.vhd:34]
	Parameter num_inverters bound to: 7 - type: integer 
INFO: [Synth 8-3491] module 'ROs' declared at '/home/puftester/PhD/repo/Hw-designs/Platforms/Ultra96v2/u96_v2_tima_ropuf2/u96_v2_tima_ropuf2.gen/sources_1/bd/u96_v2_tima_ropuf2/ipshared/e866/src/ROs.vhd:11' bound to instance 'RO_INST' of component 'ROs' [/home/puftester/PhD/repo/Hw-designs/Platforms/Ultra96v2/u96_v2_tima_ropuf2/u96_v2_tima_ropuf2.gen/sources_1/bd/u96_v2_tima_ropuf2/ipshared/e866/src/RO_selection.vhd:35]
	Parameter num_inverters bound to: 7 - type: integer 
INFO: [Synth 8-3491] module 'ROs' declared at '/home/puftester/PhD/repo/Hw-designs/Platforms/Ultra96v2/u96_v2_tima_ropuf2/u96_v2_tima_ropuf2.gen/sources_1/bd/u96_v2_tima_ropuf2/ipshared/e866/src/ROs.vhd:11' bound to instance 'RO_INST' of component 'ROs' [/home/puftester/PhD/repo/Hw-designs/Platforms/Ultra96v2/u96_v2_tima_ropuf2/u96_v2_tima_ropuf2.gen/sources_1/bd/u96_v2_tima_ropuf2/ipshared/e866/src/RO_selection.vhd:35]
	Parameter num_inverters bound to: 7 - type: integer 
INFO: [Synth 8-3491] module 'ROs' declared at '/home/puftester/PhD/repo/Hw-designs/Platforms/Ultra96v2/u96_v2_tima_ropuf2/u96_v2_tima_ropuf2.gen/sources_1/bd/u96_v2_tima_ropuf2/ipshared/e866/src/ROs.vhd:11' bound to instance 'RO_INST' of component 'ROs' [/home/puftester/PhD/repo/Hw-designs/Platforms/Ultra96v2/u96_v2_tima_ropuf2/u96_v2_tima_ropuf2.gen/sources_1/bd/u96_v2_tima_ropuf2/ipshared/e866/src/RO_selection.vhd:35]
	Parameter num_inverters bound to: 7 - type: integer 
INFO: [Synth 8-3491] module 'ROs' declared at '/home/puftester/PhD/repo/Hw-designs/Platforms/Ultra96v2/u96_v2_tima_ropuf2/u96_v2_tima_ropuf2.gen/sources_1/bd/u96_v2_tima_ropuf2/ipshared/e866/src/ROs.vhd:11' bound to instance 'RO_INST' of component 'ROs' [/home/puftester/PhD/repo/Hw-designs/Platforms/Ultra96v2/u96_v2_tima_ropuf2/u96_v2_tima_ropuf2.gen/sources_1/bd/u96_v2_tima_ropuf2/ipshared/e866/src/RO_selection.vhd:35]
	Parameter num_inverters bound to: 7 - type: integer 
INFO: [Synth 8-3491] module 'ROs' declared at '/home/puftester/PhD/repo/Hw-designs/Platforms/Ultra96v2/u96_v2_tima_ropuf2/u96_v2_tima_ropuf2.gen/sources_1/bd/u96_v2_tima_ropuf2/ipshared/e866/src/ROs.vhd:11' bound to instance 'RO_INST' of component 'ROs' [/home/puftester/PhD/repo/Hw-designs/Platforms/Ultra96v2/u96_v2_tima_ropuf2/u96_v2_tima_ropuf2.gen/sources_1/bd/u96_v2_tima_ropuf2/ipshared/e866/src/RO_selection.vhd:35]
	Parameter num_inverters bound to: 7 - type: integer 
INFO: [Synth 8-3491] module 'ROs' declared at '/home/puftester/PhD/repo/Hw-designs/Platforms/Ultra96v2/u96_v2_tima_ropuf2/u96_v2_tima_ropuf2.gen/sources_1/bd/u96_v2_tima_ropuf2/ipshared/e866/src/ROs.vhd:11' bound to instance 'RO_INST' of component 'ROs' [/home/puftester/PhD/repo/Hw-designs/Platforms/Ultra96v2/u96_v2_tima_ropuf2/u96_v2_tima_ropuf2.gen/sources_1/bd/u96_v2_tima_ropuf2/ipshared/e866/src/RO_selection.vhd:35]
	Parameter num_inverters bound to: 7 - type: integer 
INFO: [Synth 8-3491] module 'ROs' declared at '/home/puftester/PhD/repo/Hw-designs/Platforms/Ultra96v2/u96_v2_tima_ropuf2/u96_v2_tima_ropuf2.gen/sources_1/bd/u96_v2_tima_ropuf2/ipshared/e866/src/ROs.vhd:11' bound to instance 'RO_INST' of component 'ROs' [/home/puftester/PhD/repo/Hw-designs/Platforms/Ultra96v2/u96_v2_tima_ropuf2/u96_v2_tima_ropuf2.gen/sources_1/bd/u96_v2_tima_ropuf2/ipshared/e866/src/RO_selection.vhd:35]
	Parameter num_inverters bound to: 7 - type: integer 
INFO: [Synth 8-3491] module 'ROs' declared at '/home/puftester/PhD/repo/Hw-designs/Platforms/Ultra96v2/u96_v2_tima_ropuf2/u96_v2_tima_ropuf2.gen/sources_1/bd/u96_v2_tima_ropuf2/ipshared/e866/src/ROs.vhd:11' bound to instance 'RO_INST' of component 'ROs' [/home/puftester/PhD/repo/Hw-designs/Platforms/Ultra96v2/u96_v2_tima_ropuf2/u96_v2_tima_ropuf2.gen/sources_1/bd/u96_v2_tima_ropuf2/ipshared/e866/src/RO_selection.vhd:35]
	Parameter num_inverters bound to: 7 - type: integer 
INFO: [Synth 8-3491] module 'ROs' declared at '/home/puftester/PhD/repo/Hw-designs/Platforms/Ultra96v2/u96_v2_tima_ropuf2/u96_v2_tima_ropuf2.gen/sources_1/bd/u96_v2_tima_ropuf2/ipshared/e866/src/ROs.vhd:11' bound to instance 'RO_INST' of component 'ROs' [/home/puftester/PhD/repo/Hw-designs/Platforms/Ultra96v2/u96_v2_tima_ropuf2/u96_v2_tima_ropuf2.gen/sources_1/bd/u96_v2_tima_ropuf2/ipshared/e866/src/RO_selection.vhd:35]
	Parameter num_inverters bound to: 7 - type: integer 
INFO: [Synth 8-3491] module 'ROs' declared at '/home/puftester/PhD/repo/Hw-designs/Platforms/Ultra96v2/u96_v2_tima_ropuf2/u96_v2_tima_ropuf2.gen/sources_1/bd/u96_v2_tima_ropuf2/ipshared/e866/src/ROs.vhd:11' bound to instance 'RO_INST' of component 'ROs' [/home/puftester/PhD/repo/Hw-designs/Platforms/Ultra96v2/u96_v2_tima_ropuf2/u96_v2_tima_ropuf2.gen/sources_1/bd/u96_v2_tima_ropuf2/ipshared/e866/src/RO_selection.vhd:35]
	Parameter num_inverters bound to: 7 - type: integer 
INFO: [Synth 8-3491] module 'ROs' declared at '/home/puftester/PhD/repo/Hw-designs/Platforms/Ultra96v2/u96_v2_tima_ropuf2/u96_v2_tima_ropuf2.gen/sources_1/bd/u96_v2_tima_ropuf2/ipshared/e866/src/ROs.vhd:11' bound to instance 'RO_INST' of component 'ROs' [/home/puftester/PhD/repo/Hw-designs/Platforms/Ultra96v2/u96_v2_tima_ropuf2/u96_v2_tima_ropuf2.gen/sources_1/bd/u96_v2_tima_ropuf2/ipshared/e866/src/RO_selection.vhd:35]
	Parameter num_inverters bound to: 7 - type: integer 
INFO: [Synth 8-3491] module 'ROs' declared at '/home/puftester/PhD/repo/Hw-designs/Platforms/Ultra96v2/u96_v2_tima_ropuf2/u96_v2_tima_ropuf2.gen/sources_1/bd/u96_v2_tima_ropuf2/ipshared/e866/src/ROs.vhd:11' bound to instance 'RO_INST' of component 'ROs' [/home/puftester/PhD/repo/Hw-designs/Platforms/Ultra96v2/u96_v2_tima_ropuf2/u96_v2_tima_ropuf2.gen/sources_1/bd/u96_v2_tima_ropuf2/ipshared/e866/src/RO_selection.vhd:35]
	Parameter num_inverters bound to: 7 - type: integer 
INFO: [Synth 8-3491] module 'ROs' declared at '/home/puftester/PhD/repo/Hw-designs/Platforms/Ultra96v2/u96_v2_tima_ropuf2/u96_v2_tima_ropuf2.gen/sources_1/bd/u96_v2_tima_ropuf2/ipshared/e866/src/ROs.vhd:11' bound to instance 'RO_INST' of component 'ROs' [/home/puftester/PhD/repo/Hw-designs/Platforms/Ultra96v2/u96_v2_tima_ropuf2/u96_v2_tima_ropuf2.gen/sources_1/bd/u96_v2_tima_ropuf2/ipshared/e866/src/RO_selection.vhd:35]
	Parameter num_inverters bound to: 7 - type: integer 
INFO: [Synth 8-3491] module 'ROs' declared at '/home/puftester/PhD/repo/Hw-designs/Platforms/Ultra96v2/u96_v2_tima_ropuf2/u96_v2_tima_ropuf2.gen/sources_1/bd/u96_v2_tima_ropuf2/ipshared/e866/src/ROs.vhd:11' bound to instance 'RO_INST' of component 'ROs' [/home/puftester/PhD/repo/Hw-designs/Platforms/Ultra96v2/u96_v2_tima_ropuf2/u96_v2_tima_ropuf2.gen/sources_1/bd/u96_v2_tima_ropuf2/ipshared/e866/src/RO_selection.vhd:35]
	Parameter num_inverters bound to: 7 - type: integer 
INFO: [Synth 8-3491] module 'ROs' declared at '/home/puftester/PhD/repo/Hw-designs/Platforms/Ultra96v2/u96_v2_tima_ropuf2/u96_v2_tima_ropuf2.gen/sources_1/bd/u96_v2_tima_ropuf2/ipshared/e866/src/ROs.vhd:11' bound to instance 'RO_INST' of component 'ROs' [/home/puftester/PhD/repo/Hw-designs/Platforms/Ultra96v2/u96_v2_tima_ropuf2/u96_v2_tima_ropuf2.gen/sources_1/bd/u96_v2_tima_ropuf2/ipshared/e866/src/RO_selection.vhd:35]
	Parameter num_inverters bound to: 7 - type: integer 
INFO: [Synth 8-3491] module 'ROs' declared at '/home/puftester/PhD/repo/Hw-designs/Platforms/Ultra96v2/u96_v2_tima_ropuf2/u96_v2_tima_ropuf2.gen/sources_1/bd/u96_v2_tima_ropuf2/ipshared/e866/src/ROs.vhd:11' bound to instance 'RO_INST' of component 'ROs' [/home/puftester/PhD/repo/Hw-designs/Platforms/Ultra96v2/u96_v2_tima_ropuf2/u96_v2_tima_ropuf2.gen/sources_1/bd/u96_v2_tima_ropuf2/ipshared/e866/src/RO_selection.vhd:35]
	Parameter num_inverters bound to: 7 - type: integer 
INFO: [Synth 8-3491] module 'ROs' declared at '/home/puftester/PhD/repo/Hw-designs/Platforms/Ultra96v2/u96_v2_tima_ropuf2/u96_v2_tima_ropuf2.gen/sources_1/bd/u96_v2_tima_ropuf2/ipshared/e866/src/ROs.vhd:11' bound to instance 'RO_INST' of component 'ROs' [/home/puftester/PhD/repo/Hw-designs/Platforms/Ultra96v2/u96_v2_tima_ropuf2/u96_v2_tima_ropuf2.gen/sources_1/bd/u96_v2_tima_ropuf2/ipshared/e866/src/RO_selection.vhd:35]
	Parameter num_inverters bound to: 7 - type: integer 
INFO: [Synth 8-3491] module 'ROs' declared at '/home/puftester/PhD/repo/Hw-designs/Platforms/Ultra96v2/u96_v2_tima_ropuf2/u96_v2_tima_ropuf2.gen/sources_1/bd/u96_v2_tima_ropuf2/ipshared/e866/src/ROs.vhd:11' bound to instance 'RO_INST' of component 'ROs' [/home/puftester/PhD/repo/Hw-designs/Platforms/Ultra96v2/u96_v2_tima_ropuf2/u96_v2_tima_ropuf2.gen/sources_1/bd/u96_v2_tima_ropuf2/ipshared/e866/src/RO_selection.vhd:35]
	Parameter num_inverters bound to: 7 - type: integer 
INFO: [Synth 8-3491] module 'ROs' declared at '/home/puftester/PhD/repo/Hw-designs/Platforms/Ultra96v2/u96_v2_tima_ropuf2/u96_v2_tima_ropuf2.gen/sources_1/bd/u96_v2_tima_ropuf2/ipshared/e866/src/ROs.vhd:11' bound to instance 'RO_INST' of component 'ROs' [/home/puftester/PhD/repo/Hw-designs/Platforms/Ultra96v2/u96_v2_tima_ropuf2/u96_v2_tima_ropuf2.gen/sources_1/bd/u96_v2_tima_ropuf2/ipshared/e866/src/RO_selection.vhd:35]
	Parameter num_inverters bound to: 7 - type: integer 
INFO: [Synth 8-3491] module 'ROs' declared at '/home/puftester/PhD/repo/Hw-designs/Platforms/Ultra96v2/u96_v2_tima_ropuf2/u96_v2_tima_ropuf2.gen/sources_1/bd/u96_v2_tima_ropuf2/ipshared/e866/src/ROs.vhd:11' bound to instance 'RO_INST' of component 'ROs' [/home/puftester/PhD/repo/Hw-designs/Platforms/Ultra96v2/u96_v2_tima_ropuf2/u96_v2_tima_ropuf2.gen/sources_1/bd/u96_v2_tima_ropuf2/ipshared/e866/src/RO_selection.vhd:35]
	Parameter num_inverters bound to: 7 - type: integer 
INFO: [Synth 8-3491] module 'ROs' declared at '/home/puftester/PhD/repo/Hw-designs/Platforms/Ultra96v2/u96_v2_tima_ropuf2/u96_v2_tima_ropuf2.gen/sources_1/bd/u96_v2_tima_ropuf2/ipshared/e866/src/ROs.vhd:11' bound to instance 'RO_INST' of component 'ROs' [/home/puftester/PhD/repo/Hw-designs/Platforms/Ultra96v2/u96_v2_tima_ropuf2/u96_v2_tima_ropuf2.gen/sources_1/bd/u96_v2_tima_ropuf2/ipshared/e866/src/RO_selection.vhd:35]
	Parameter num_inverters bound to: 7 - type: integer 
INFO: [Synth 8-3491] module 'ROs' declared at '/home/puftester/PhD/repo/Hw-designs/Platforms/Ultra96v2/u96_v2_tima_ropuf2/u96_v2_tima_ropuf2.gen/sources_1/bd/u96_v2_tima_ropuf2/ipshared/e866/src/ROs.vhd:11' bound to instance 'RO_INST' of component 'ROs' [/home/puftester/PhD/repo/Hw-designs/Platforms/Ultra96v2/u96_v2_tima_ropuf2/u96_v2_tima_ropuf2.gen/sources_1/bd/u96_v2_tima_ropuf2/ipshared/e866/src/RO_selection.vhd:35]
	Parameter num_inverters bound to: 7 - type: integer 
INFO: [Synth 8-3491] module 'ROs' declared at '/home/puftester/PhD/repo/Hw-designs/Platforms/Ultra96v2/u96_v2_tima_ropuf2/u96_v2_tima_ropuf2.gen/sources_1/bd/u96_v2_tima_ropuf2/ipshared/e866/src/ROs.vhd:11' bound to instance 'RO_INST' of component 'ROs' [/home/puftester/PhD/repo/Hw-designs/Platforms/Ultra96v2/u96_v2_tima_ropuf2/u96_v2_tima_ropuf2.gen/sources_1/bd/u96_v2_tima_ropuf2/ipshared/e866/src/RO_selection.vhd:35]
	Parameter num_inverters bound to: 7 - type: integer 
INFO: [Synth 8-3491] module 'ROs' declared at '/home/puftester/PhD/repo/Hw-designs/Platforms/Ultra96v2/u96_v2_tima_ropuf2/u96_v2_tima_ropuf2.gen/sources_1/bd/u96_v2_tima_ropuf2/ipshared/e866/src/ROs.vhd:11' bound to instance 'RO_INST' of component 'ROs' [/home/puftester/PhD/repo/Hw-designs/Platforms/Ultra96v2/u96_v2_tima_ropuf2/u96_v2_tima_ropuf2.gen/sources_1/bd/u96_v2_tima_ropuf2/ipshared/e866/src/RO_selection.vhd:35]
	Parameter num_inverters bound to: 7 - type: integer 
INFO: [Synth 8-3491] module 'ROs' declared at '/home/puftester/PhD/repo/Hw-designs/Platforms/Ultra96v2/u96_v2_tima_ropuf2/u96_v2_tima_ropuf2.gen/sources_1/bd/u96_v2_tima_ropuf2/ipshared/e866/src/ROs.vhd:11' bound to instance 'RO_INST' of component 'ROs' [/home/puftester/PhD/repo/Hw-designs/Platforms/Ultra96v2/u96_v2_tima_ropuf2/u96_v2_tima_ropuf2.gen/sources_1/bd/u96_v2_tima_ropuf2/ipshared/e866/src/RO_selection.vhd:35]
	Parameter num_inverters bound to: 7 - type: integer 
INFO: [Synth 8-3491] module 'ROs' declared at '/home/puftester/PhD/repo/Hw-designs/Platforms/Ultra96v2/u96_v2_tima_ropuf2/u96_v2_tima_ropuf2.gen/sources_1/bd/u96_v2_tima_ropuf2/ipshared/e866/src/ROs.vhd:11' bound to instance 'RO_INST' of component 'ROs' [/home/puftester/PhD/repo/Hw-designs/Platforms/Ultra96v2/u96_v2_tima_ropuf2/u96_v2_tima_ropuf2.gen/sources_1/bd/u96_v2_tima_ropuf2/ipshared/e866/src/RO_selection.vhd:35]
	Parameter num_inverters bound to: 7 - type: integer 
INFO: [Synth 8-3491] module 'ROs' declared at '/home/puftester/PhD/repo/Hw-designs/Platforms/Ultra96v2/u96_v2_tima_ropuf2/u96_v2_tima_ropuf2.gen/sources_1/bd/u96_v2_tima_ropuf2/ipshared/e866/src/ROs.vhd:11' bound to instance 'RO_INST' of component 'ROs' [/home/puftester/PhD/repo/Hw-designs/Platforms/Ultra96v2/u96_v2_tima_ropuf2/u96_v2_tima_ropuf2.gen/sources_1/bd/u96_v2_tima_ropuf2/ipshared/e866/src/RO_selection.vhd:35]
	Parameter num_inverters bound to: 7 - type: integer 
INFO: [Synth 8-3491] module 'ROs' declared at '/home/puftester/PhD/repo/Hw-designs/Platforms/Ultra96v2/u96_v2_tima_ropuf2/u96_v2_tima_ropuf2.gen/sources_1/bd/u96_v2_tima_ropuf2/ipshared/e866/src/ROs.vhd:11' bound to instance 'RO_INST' of component 'ROs' [/home/puftester/PhD/repo/Hw-designs/Platforms/Ultra96v2/u96_v2_tima_ropuf2/u96_v2_tima_ropuf2.gen/sources_1/bd/u96_v2_tima_ropuf2/ipshared/e866/src/RO_selection.vhd:35]
	Parameter num_inverters bound to: 7 - type: integer 
INFO: [Synth 8-3491] module 'ROs' declared at '/home/puftester/PhD/repo/Hw-designs/Platforms/Ultra96v2/u96_v2_tima_ropuf2/u96_v2_tima_ropuf2.gen/sources_1/bd/u96_v2_tima_ropuf2/ipshared/e866/src/ROs.vhd:11' bound to instance 'RO_INST' of component 'ROs' [/home/puftester/PhD/repo/Hw-designs/Platforms/Ultra96v2/u96_v2_tima_ropuf2/u96_v2_tima_ropuf2.gen/sources_1/bd/u96_v2_tima_ropuf2/ipshared/e866/src/RO_selection.vhd:35]
	Parameter num_inverters bound to: 7 - type: integer 
INFO: [Synth 8-3491] module 'ROs' declared at '/home/puftester/PhD/repo/Hw-designs/Platforms/Ultra96v2/u96_v2_tima_ropuf2/u96_v2_tima_ropuf2.gen/sources_1/bd/u96_v2_tima_ropuf2/ipshared/e866/src/ROs.vhd:11' bound to instance 'RO_INST' of component 'ROs' [/home/puftester/PhD/repo/Hw-designs/Platforms/Ultra96v2/u96_v2_tima_ropuf2/u96_v2_tima_ropuf2.gen/sources_1/bd/u96_v2_tima_ropuf2/ipshared/e866/src/RO_selection.vhd:35]
	Parameter num_inverters bound to: 7 - type: integer 
INFO: [Synth 8-3491] module 'ROs' declared at '/home/puftester/PhD/repo/Hw-designs/Platforms/Ultra96v2/u96_v2_tima_ropuf2/u96_v2_tima_ropuf2.gen/sources_1/bd/u96_v2_tima_ropuf2/ipshared/e866/src/ROs.vhd:11' bound to instance 'RO_INST' of component 'ROs' [/home/puftester/PhD/repo/Hw-designs/Platforms/Ultra96v2/u96_v2_tima_ropuf2/u96_v2_tima_ropuf2.gen/sources_1/bd/u96_v2_tima_ropuf2/ipshared/e866/src/RO_selection.vhd:35]
	Parameter num_inverters bound to: 7 - type: integer 
INFO: [Synth 8-3491] module 'ROs' declared at '/home/puftester/PhD/repo/Hw-designs/Platforms/Ultra96v2/u96_v2_tima_ropuf2/u96_v2_tima_ropuf2.gen/sources_1/bd/u96_v2_tima_ropuf2/ipshared/e866/src/ROs.vhd:11' bound to instance 'RO_INST' of component 'ROs' [/home/puftester/PhD/repo/Hw-designs/Platforms/Ultra96v2/u96_v2_tima_ropuf2/u96_v2_tima_ropuf2.gen/sources_1/bd/u96_v2_tima_ropuf2/ipshared/e866/src/RO_selection.vhd:35]
	Parameter num_inverters bound to: 7 - type: integer 
INFO: [Synth 8-3491] module 'ROs' declared at '/home/puftester/PhD/repo/Hw-designs/Platforms/Ultra96v2/u96_v2_tima_ropuf2/u96_v2_tima_ropuf2.gen/sources_1/bd/u96_v2_tima_ropuf2/ipshared/e866/src/ROs.vhd:11' bound to instance 'RO_INST' of component 'ROs' [/home/puftester/PhD/repo/Hw-designs/Platforms/Ultra96v2/u96_v2_tima_ropuf2/u96_v2_tima_ropuf2.gen/sources_1/bd/u96_v2_tima_ropuf2/ipshared/e866/src/RO_selection.vhd:35]
	Parameter num_inverters bound to: 7 - type: integer 
INFO: [Synth 8-3491] module 'ROs' declared at '/home/puftester/PhD/repo/Hw-designs/Platforms/Ultra96v2/u96_v2_tima_ropuf2/u96_v2_tima_ropuf2.gen/sources_1/bd/u96_v2_tima_ropuf2/ipshared/e866/src/ROs.vhd:11' bound to instance 'RO_INST' of component 'ROs' [/home/puftester/PhD/repo/Hw-designs/Platforms/Ultra96v2/u96_v2_tima_ropuf2/u96_v2_tima_ropuf2.gen/sources_1/bd/u96_v2_tima_ropuf2/ipshared/e866/src/RO_selection.vhd:35]
	Parameter num_inverters bound to: 7 - type: integer 
INFO: [Synth 8-3491] module 'ROs' declared at '/home/puftester/PhD/repo/Hw-designs/Platforms/Ultra96v2/u96_v2_tima_ropuf2/u96_v2_tima_ropuf2.gen/sources_1/bd/u96_v2_tima_ropuf2/ipshared/e866/src/ROs.vhd:11' bound to instance 'RO_INST' of component 'ROs' [/home/puftester/PhD/repo/Hw-designs/Platforms/Ultra96v2/u96_v2_tima_ropuf2/u96_v2_tima_ropuf2.gen/sources_1/bd/u96_v2_tima_ropuf2/ipshared/e866/src/RO_selection.vhd:35]
	Parameter num_inverters bound to: 7 - type: integer 
INFO: [Synth 8-3491] module 'ROs' declared at '/home/puftester/PhD/repo/Hw-designs/Platforms/Ultra96v2/u96_v2_tima_ropuf2/u96_v2_tima_ropuf2.gen/sources_1/bd/u96_v2_tima_ropuf2/ipshared/e866/src/ROs.vhd:11' bound to instance 'RO_INST' of component 'ROs' [/home/puftester/PhD/repo/Hw-designs/Platforms/Ultra96v2/u96_v2_tima_ropuf2/u96_v2_tima_ropuf2.gen/sources_1/bd/u96_v2_tima_ropuf2/ipshared/e866/src/RO_selection.vhd:35]
	Parameter num_inverters bound to: 7 - type: integer 
INFO: [Synth 8-3491] module 'ROs' declared at '/home/puftester/PhD/repo/Hw-designs/Platforms/Ultra96v2/u96_v2_tima_ropuf2/u96_v2_tima_ropuf2.gen/sources_1/bd/u96_v2_tima_ropuf2/ipshared/e866/src/ROs.vhd:11' bound to instance 'RO_INST' of component 'ROs' [/home/puftester/PhD/repo/Hw-designs/Platforms/Ultra96v2/u96_v2_tima_ropuf2/u96_v2_tima_ropuf2.gen/sources_1/bd/u96_v2_tima_ropuf2/ipshared/e866/src/RO_selection.vhd:35]
	Parameter num_inverters bound to: 7 - type: integer 
INFO: [Synth 8-3491] module 'ROs' declared at '/home/puftester/PhD/repo/Hw-designs/Platforms/Ultra96v2/u96_v2_tima_ropuf2/u96_v2_tima_ropuf2.gen/sources_1/bd/u96_v2_tima_ropuf2/ipshared/e866/src/ROs.vhd:11' bound to instance 'RO_INST' of component 'ROs' [/home/puftester/PhD/repo/Hw-designs/Platforms/Ultra96v2/u96_v2_tima_ropuf2/u96_v2_tima_ropuf2.gen/sources_1/bd/u96_v2_tima_ropuf2/ipshared/e866/src/RO_selection.vhd:35]
	Parameter num_inverters bound to: 7 - type: integer 
INFO: [Synth 8-3491] module 'ROs' declared at '/home/puftester/PhD/repo/Hw-designs/Platforms/Ultra96v2/u96_v2_tima_ropuf2/u96_v2_tima_ropuf2.gen/sources_1/bd/u96_v2_tima_ropuf2/ipshared/e866/src/ROs.vhd:11' bound to instance 'RO_INST' of component 'ROs' [/home/puftester/PhD/repo/Hw-designs/Platforms/Ultra96v2/u96_v2_tima_ropuf2/u96_v2_tima_ropuf2.gen/sources_1/bd/u96_v2_tima_ropuf2/ipshared/e866/src/RO_selection.vhd:35]
	Parameter num_inverters bound to: 7 - type: integer 
INFO: [Synth 8-3491] module 'ROs' declared at '/home/puftester/PhD/repo/Hw-designs/Platforms/Ultra96v2/u96_v2_tima_ropuf2/u96_v2_tima_ropuf2.gen/sources_1/bd/u96_v2_tima_ropuf2/ipshared/e866/src/ROs.vhd:11' bound to instance 'RO_INST' of component 'ROs' [/home/puftester/PhD/repo/Hw-designs/Platforms/Ultra96v2/u96_v2_tima_ropuf2/u96_v2_tima_ropuf2.gen/sources_1/bd/u96_v2_tima_ropuf2/ipshared/e866/src/RO_selection.vhd:35]
	Parameter num_inverters bound to: 7 - type: integer 
INFO: [Synth 8-3491] module 'ROs' declared at '/home/puftester/PhD/repo/Hw-designs/Platforms/Ultra96v2/u96_v2_tima_ropuf2/u96_v2_tima_ropuf2.gen/sources_1/bd/u96_v2_tima_ropuf2/ipshared/e866/src/ROs.vhd:11' bound to instance 'RO_INST' of component 'ROs' [/home/puftester/PhD/repo/Hw-designs/Platforms/Ultra96v2/u96_v2_tima_ropuf2/u96_v2_tima_ropuf2.gen/sources_1/bd/u96_v2_tima_ropuf2/ipshared/e866/src/RO_selection.vhd:35]
	Parameter num_inverters bound to: 7 - type: integer 
INFO: [Synth 8-3491] module 'ROs' declared at '/home/puftester/PhD/repo/Hw-designs/Platforms/Ultra96v2/u96_v2_tima_ropuf2/u96_v2_tima_ropuf2.gen/sources_1/bd/u96_v2_tima_ropuf2/ipshared/e866/src/ROs.vhd:11' bound to instance 'RO_INST' of component 'ROs' [/home/puftester/PhD/repo/Hw-designs/Platforms/Ultra96v2/u96_v2_tima_ropuf2/u96_v2_tima_ropuf2.gen/sources_1/bd/u96_v2_tima_ropuf2/ipshared/e866/src/RO_selection.vhd:35]
	Parameter num_inverters bound to: 7 - type: integer 
INFO: [Synth 8-3491] module 'ROs' declared at '/home/puftester/PhD/repo/Hw-designs/Platforms/Ultra96v2/u96_v2_tima_ropuf2/u96_v2_tima_ropuf2.gen/sources_1/bd/u96_v2_tima_ropuf2/ipshared/e866/src/ROs.vhd:11' bound to instance 'RO_INST' of component 'ROs' [/home/puftester/PhD/repo/Hw-designs/Platforms/Ultra96v2/u96_v2_tima_ropuf2/u96_v2_tima_ropuf2.gen/sources_1/bd/u96_v2_tima_ropuf2/ipshared/e866/src/RO_selection.vhd:35]
	Parameter num_inverters bound to: 7 - type: integer 
INFO: [Synth 8-3491] module 'ROs' declared at '/home/puftester/PhD/repo/Hw-designs/Platforms/Ultra96v2/u96_v2_tima_ropuf2/u96_v2_tima_ropuf2.gen/sources_1/bd/u96_v2_tima_ropuf2/ipshared/e866/src/ROs.vhd:11' bound to instance 'RO_INST' of component 'ROs' [/home/puftester/PhD/repo/Hw-designs/Platforms/Ultra96v2/u96_v2_tima_ropuf2/u96_v2_tima_ropuf2.gen/sources_1/bd/u96_v2_tima_ropuf2/ipshared/e866/src/RO_selection.vhd:35]
	Parameter num_inverters bound to: 7 - type: integer 
INFO: [Synth 8-3491] module 'ROs' declared at '/home/puftester/PhD/repo/Hw-designs/Platforms/Ultra96v2/u96_v2_tima_ropuf2/u96_v2_tima_ropuf2.gen/sources_1/bd/u96_v2_tima_ropuf2/ipshared/e866/src/ROs.vhd:11' bound to instance 'RO_INST' of component 'ROs' [/home/puftester/PhD/repo/Hw-designs/Platforms/Ultra96v2/u96_v2_tima_ropuf2/u96_v2_tima_ropuf2.gen/sources_1/bd/u96_v2_tima_ropuf2/ipshared/e866/src/RO_selection.vhd:35]
	Parameter num_inverters bound to: 7 - type: integer 
INFO: [Synth 8-3491] module 'ROs' declared at '/home/puftester/PhD/repo/Hw-designs/Platforms/Ultra96v2/u96_v2_tima_ropuf2/u96_v2_tima_ropuf2.gen/sources_1/bd/u96_v2_tima_ropuf2/ipshared/e866/src/ROs.vhd:11' bound to instance 'RO_INST' of component 'ROs' [/home/puftester/PhD/repo/Hw-designs/Platforms/Ultra96v2/u96_v2_tima_ropuf2/u96_v2_tima_ropuf2.gen/sources_1/bd/u96_v2_tima_ropuf2/ipshared/e866/src/RO_selection.vhd:35]
	Parameter num_inverters bound to: 7 - type: integer 
INFO: [Synth 8-3491] module 'ROs' declared at '/home/puftester/PhD/repo/Hw-designs/Platforms/Ultra96v2/u96_v2_tima_ropuf2/u96_v2_tima_ropuf2.gen/sources_1/bd/u96_v2_tima_ropuf2/ipshared/e866/src/ROs.vhd:11' bound to instance 'RO_INST' of component 'ROs' [/home/puftester/PhD/repo/Hw-designs/Platforms/Ultra96v2/u96_v2_tima_ropuf2/u96_v2_tima_ropuf2.gen/sources_1/bd/u96_v2_tima_ropuf2/ipshared/e866/src/RO_selection.vhd:35]
	Parameter num_inverters bound to: 7 - type: integer 
INFO: [Synth 8-3491] module 'ROs' declared at '/home/puftester/PhD/repo/Hw-designs/Platforms/Ultra96v2/u96_v2_tima_ropuf2/u96_v2_tima_ropuf2.gen/sources_1/bd/u96_v2_tima_ropuf2/ipshared/e866/src/ROs.vhd:11' bound to instance 'RO_INST' of component 'ROs' [/home/puftester/PhD/repo/Hw-designs/Platforms/Ultra96v2/u96_v2_tima_ropuf2/u96_v2_tima_ropuf2.gen/sources_1/bd/u96_v2_tima_ropuf2/ipshared/e866/src/RO_selection.vhd:35]
	Parameter num_inverters bound to: 7 - type: integer 
INFO: [Synth 8-3491] module 'ROs' declared at '/home/puftester/PhD/repo/Hw-designs/Platforms/Ultra96v2/u96_v2_tima_ropuf2/u96_v2_tima_ropuf2.gen/sources_1/bd/u96_v2_tima_ropuf2/ipshared/e866/src/ROs.vhd:11' bound to instance 'RO_INST' of component 'ROs' [/home/puftester/PhD/repo/Hw-designs/Platforms/Ultra96v2/u96_v2_tima_ropuf2/u96_v2_tima_ropuf2.gen/sources_1/bd/u96_v2_tima_ropuf2/ipshared/e866/src/RO_selection.vhd:35]
	Parameter num_inverters bound to: 7 - type: integer 
INFO: [Synth 8-3491] module 'ROs' declared at '/home/puftester/PhD/repo/Hw-designs/Platforms/Ultra96v2/u96_v2_tima_ropuf2/u96_v2_tima_ropuf2.gen/sources_1/bd/u96_v2_tima_ropuf2/ipshared/e866/src/ROs.vhd:11' bound to instance 'RO_INST' of component 'ROs' [/home/puftester/PhD/repo/Hw-designs/Platforms/Ultra96v2/u96_v2_tima_ropuf2/u96_v2_tima_ropuf2.gen/sources_1/bd/u96_v2_tima_ropuf2/ipshared/e866/src/RO_selection.vhd:35]
	Parameter num_inverters bound to: 7 - type: integer 
INFO: [Synth 8-3491] module 'ROs' declared at '/home/puftester/PhD/repo/Hw-designs/Platforms/Ultra96v2/u96_v2_tima_ropuf2/u96_v2_tima_ropuf2.gen/sources_1/bd/u96_v2_tima_ropuf2/ipshared/e866/src/ROs.vhd:11' bound to instance 'RO_INST' of component 'ROs' [/home/puftester/PhD/repo/Hw-designs/Platforms/Ultra96v2/u96_v2_tima_ropuf2/u96_v2_tima_ropuf2.gen/sources_1/bd/u96_v2_tima_ropuf2/ipshared/e866/src/RO_selection.vhd:35]
	Parameter num_inverters bound to: 7 - type: integer 
INFO: [Synth 8-3491] module 'ROs' declared at '/home/puftester/PhD/repo/Hw-designs/Platforms/Ultra96v2/u96_v2_tima_ropuf2/u96_v2_tima_ropuf2.gen/sources_1/bd/u96_v2_tima_ropuf2/ipshared/e866/src/ROs.vhd:11' bound to instance 'RO_INST' of component 'ROs' [/home/puftester/PhD/repo/Hw-designs/Platforms/Ultra96v2/u96_v2_tima_ropuf2/u96_v2_tima_ropuf2.gen/sources_1/bd/u96_v2_tima_ropuf2/ipshared/e866/src/RO_selection.vhd:35]
	Parameter num_inverters bound to: 7 - type: integer 
INFO: [Synth 8-3491] module 'ROs' declared at '/home/puftester/PhD/repo/Hw-designs/Platforms/Ultra96v2/u96_v2_tima_ropuf2/u96_v2_tima_ropuf2.gen/sources_1/bd/u96_v2_tima_ropuf2/ipshared/e866/src/ROs.vhd:11' bound to instance 'RO_INST' of component 'ROs' [/home/puftester/PhD/repo/Hw-designs/Platforms/Ultra96v2/u96_v2_tima_ropuf2/u96_v2_tima_ropuf2.gen/sources_1/bd/u96_v2_tima_ropuf2/ipshared/e866/src/RO_selection.vhd:35]
	Parameter num_inverters bound to: 7 - type: integer 
INFO: [Synth 8-3491] module 'ROs' declared at '/home/puftester/PhD/repo/Hw-designs/Platforms/Ultra96v2/u96_v2_tima_ropuf2/u96_v2_tima_ropuf2.gen/sources_1/bd/u96_v2_tima_ropuf2/ipshared/e866/src/ROs.vhd:11' bound to instance 'RO_INST' of component 'ROs' [/home/puftester/PhD/repo/Hw-designs/Platforms/Ultra96v2/u96_v2_tima_ropuf2/u96_v2_tima_ropuf2.gen/sources_1/bd/u96_v2_tima_ropuf2/ipshared/e866/src/RO_selection.vhd:35]
	Parameter num_inverters bound to: 7 - type: integer 
INFO: [Synth 8-3491] module 'ROs' declared at '/home/puftester/PhD/repo/Hw-designs/Platforms/Ultra96v2/u96_v2_tima_ropuf2/u96_v2_tima_ropuf2.gen/sources_1/bd/u96_v2_tima_ropuf2/ipshared/e866/src/ROs.vhd:11' bound to instance 'RO_INST' of component 'ROs' [/home/puftester/PhD/repo/Hw-designs/Platforms/Ultra96v2/u96_v2_tima_ropuf2/u96_v2_tima_ropuf2.gen/sources_1/bd/u96_v2_tima_ropuf2/ipshared/e866/src/RO_selection.vhd:35]
	Parameter num_inverters bound to: 7 - type: integer 
INFO: [Synth 8-3491] module 'ROs' declared at '/home/puftester/PhD/repo/Hw-designs/Platforms/Ultra96v2/u96_v2_tima_ropuf2/u96_v2_tima_ropuf2.gen/sources_1/bd/u96_v2_tima_ropuf2/ipshared/e866/src/ROs.vhd:11' bound to instance 'RO_INST' of component 'ROs' [/home/puftester/PhD/repo/Hw-designs/Platforms/Ultra96v2/u96_v2_tima_ropuf2/u96_v2_tima_ropuf2.gen/sources_1/bd/u96_v2_tima_ropuf2/ipshared/e866/src/RO_selection.vhd:35]
	Parameter num_inverters bound to: 7 - type: integer 
INFO: [Synth 8-3491] module 'ROs' declared at '/home/puftester/PhD/repo/Hw-designs/Platforms/Ultra96v2/u96_v2_tima_ropuf2/u96_v2_tima_ropuf2.gen/sources_1/bd/u96_v2_tima_ropuf2/ipshared/e866/src/ROs.vhd:11' bound to instance 'RO_INST' of component 'ROs' [/home/puftester/PhD/repo/Hw-designs/Platforms/Ultra96v2/u96_v2_tima_ropuf2/u96_v2_tima_ropuf2.gen/sources_1/bd/u96_v2_tima_ropuf2/ipshared/e866/src/RO_selection.vhd:35]
	Parameter num_inverters bound to: 7 - type: integer 
INFO: [Synth 8-3491] module 'ROs' declared at '/home/puftester/PhD/repo/Hw-designs/Platforms/Ultra96v2/u96_v2_tima_ropuf2/u96_v2_tima_ropuf2.gen/sources_1/bd/u96_v2_tima_ropuf2/ipshared/e866/src/ROs.vhd:11' bound to instance 'RO_INST' of component 'ROs' [/home/puftester/PhD/repo/Hw-designs/Platforms/Ultra96v2/u96_v2_tima_ropuf2/u96_v2_tima_ropuf2.gen/sources_1/bd/u96_v2_tima_ropuf2/ipshared/e866/src/RO_selection.vhd:35]
	Parameter num_inverters bound to: 7 - type: integer 
INFO: [Synth 8-3491] module 'ROs' declared at '/home/puftester/PhD/repo/Hw-designs/Platforms/Ultra96v2/u96_v2_tima_ropuf2/u96_v2_tima_ropuf2.gen/sources_1/bd/u96_v2_tima_ropuf2/ipshared/e866/src/ROs.vhd:11' bound to instance 'RO_INST' of component 'ROs' [/home/puftester/PhD/repo/Hw-designs/Platforms/Ultra96v2/u96_v2_tima_ropuf2/u96_v2_tima_ropuf2.gen/sources_1/bd/u96_v2_tima_ropuf2/ipshared/e866/src/RO_selection.vhd:35]
	Parameter num_inverters bound to: 7 - type: integer 
INFO: [Synth 8-3491] module 'ROs' declared at '/home/puftester/PhD/repo/Hw-designs/Platforms/Ultra96v2/u96_v2_tima_ropuf2/u96_v2_tima_ropuf2.gen/sources_1/bd/u96_v2_tima_ropuf2/ipshared/e866/src/ROs.vhd:11' bound to instance 'RO_INST' of component 'ROs' [/home/puftester/PhD/repo/Hw-designs/Platforms/Ultra96v2/u96_v2_tima_ropuf2/u96_v2_tima_ropuf2.gen/sources_1/bd/u96_v2_tima_ropuf2/ipshared/e866/src/RO_selection.vhd:35]
	Parameter num_inverters bound to: 7 - type: integer 
INFO: [Synth 8-3491] module 'ROs' declared at '/home/puftester/PhD/repo/Hw-designs/Platforms/Ultra96v2/u96_v2_tima_ropuf2/u96_v2_tima_ropuf2.gen/sources_1/bd/u96_v2_tima_ropuf2/ipshared/e866/src/ROs.vhd:11' bound to instance 'RO_INST' of component 'ROs' [/home/puftester/PhD/repo/Hw-designs/Platforms/Ultra96v2/u96_v2_tima_ropuf2/u96_v2_tima_ropuf2.gen/sources_1/bd/u96_v2_tima_ropuf2/ipshared/e866/src/RO_selection.vhd:35]
	Parameter num_inverters bound to: 7 - type: integer 
INFO: [Synth 8-3491] module 'ROs' declared at '/home/puftester/PhD/repo/Hw-designs/Platforms/Ultra96v2/u96_v2_tima_ropuf2/u96_v2_tima_ropuf2.gen/sources_1/bd/u96_v2_tima_ropuf2/ipshared/e866/src/ROs.vhd:11' bound to instance 'RO_INST' of component 'ROs' [/home/puftester/PhD/repo/Hw-designs/Platforms/Ultra96v2/u96_v2_tima_ropuf2/u96_v2_tima_ropuf2.gen/sources_1/bd/u96_v2_tima_ropuf2/ipshared/e866/src/RO_selection.vhd:35]
	Parameter num_inverters bound to: 7 - type: integer 
INFO: [Synth 8-3491] module 'ROs' declared at '/home/puftester/PhD/repo/Hw-designs/Platforms/Ultra96v2/u96_v2_tima_ropuf2/u96_v2_tima_ropuf2.gen/sources_1/bd/u96_v2_tima_ropuf2/ipshared/e866/src/ROs.vhd:11' bound to instance 'RO_INST' of component 'ROs' [/home/puftester/PhD/repo/Hw-designs/Platforms/Ultra96v2/u96_v2_tima_ropuf2/u96_v2_tima_ropuf2.gen/sources_1/bd/u96_v2_tima_ropuf2/ipshared/e866/src/RO_selection.vhd:35]
	Parameter num_inverters bound to: 7 - type: integer 
INFO: [Synth 8-3491] module 'ROs' declared at '/home/puftester/PhD/repo/Hw-designs/Platforms/Ultra96v2/u96_v2_tima_ropuf2/u96_v2_tima_ropuf2.gen/sources_1/bd/u96_v2_tima_ropuf2/ipshared/e866/src/ROs.vhd:11' bound to instance 'RO_INST' of component 'ROs' [/home/puftester/PhD/repo/Hw-designs/Platforms/Ultra96v2/u96_v2_tima_ropuf2/u96_v2_tima_ropuf2.gen/sources_1/bd/u96_v2_tima_ropuf2/ipshared/e866/src/RO_selection.vhd:35]
	Parameter num_inverters bound to: 7 - type: integer 
INFO: [Synth 8-3491] module 'ROs' declared at '/home/puftester/PhD/repo/Hw-designs/Platforms/Ultra96v2/u96_v2_tima_ropuf2/u96_v2_tima_ropuf2.gen/sources_1/bd/u96_v2_tima_ropuf2/ipshared/e866/src/ROs.vhd:11' bound to instance 'RO_INST' of component 'ROs' [/home/puftester/PhD/repo/Hw-designs/Platforms/Ultra96v2/u96_v2_tima_ropuf2/u96_v2_tima_ropuf2.gen/sources_1/bd/u96_v2_tima_ropuf2/ipshared/e866/src/RO_selection.vhd:35]
	Parameter num_inverters bound to: 7 - type: integer 
INFO: [Synth 8-3491] module 'ROs' declared at '/home/puftester/PhD/repo/Hw-designs/Platforms/Ultra96v2/u96_v2_tima_ropuf2/u96_v2_tima_ropuf2.gen/sources_1/bd/u96_v2_tima_ropuf2/ipshared/e866/src/ROs.vhd:11' bound to instance 'RO_INST' of component 'ROs' [/home/puftester/PhD/repo/Hw-designs/Platforms/Ultra96v2/u96_v2_tima_ropuf2/u96_v2_tima_ropuf2.gen/sources_1/bd/u96_v2_tima_ropuf2/ipshared/e866/src/RO_selection.vhd:35]
	Parameter num_inverters bound to: 7 - type: integer 
INFO: [Synth 8-3491] module 'ROs' declared at '/home/puftester/PhD/repo/Hw-designs/Platforms/Ultra96v2/u96_v2_tima_ropuf2/u96_v2_tima_ropuf2.gen/sources_1/bd/u96_v2_tima_ropuf2/ipshared/e866/src/ROs.vhd:11' bound to instance 'RO_INST' of component 'ROs' [/home/puftester/PhD/repo/Hw-designs/Platforms/Ultra96v2/u96_v2_tima_ropuf2/u96_v2_tima_ropuf2.gen/sources_1/bd/u96_v2_tima_ropuf2/ipshared/e866/src/RO_selection.vhd:35]
	Parameter num_inverters bound to: 7 - type: integer 
INFO: [Synth 8-3491] module 'ROs' declared at '/home/puftester/PhD/repo/Hw-designs/Platforms/Ultra96v2/u96_v2_tima_ropuf2/u96_v2_tima_ropuf2.gen/sources_1/bd/u96_v2_tima_ropuf2/ipshared/e866/src/ROs.vhd:11' bound to instance 'RO_INST' of component 'ROs' [/home/puftester/PhD/repo/Hw-designs/Platforms/Ultra96v2/u96_v2_tima_ropuf2/u96_v2_tima_ropuf2.gen/sources_1/bd/u96_v2_tima_ropuf2/ipshared/e866/src/RO_selection.vhd:35]
	Parameter num_inverters bound to: 7 - type: integer 
INFO: [Synth 8-3491] module 'ROs' declared at '/home/puftester/PhD/repo/Hw-designs/Platforms/Ultra96v2/u96_v2_tima_ropuf2/u96_v2_tima_ropuf2.gen/sources_1/bd/u96_v2_tima_ropuf2/ipshared/e866/src/ROs.vhd:11' bound to instance 'RO_INST' of component 'ROs' [/home/puftester/PhD/repo/Hw-designs/Platforms/Ultra96v2/u96_v2_tima_ropuf2/u96_v2_tima_ropuf2.gen/sources_1/bd/u96_v2_tima_ropuf2/ipshared/e866/src/RO_selection.vhd:35]
	Parameter num_inverters bound to: 7 - type: integer 
INFO: [Synth 8-3491] module 'ROs' declared at '/home/puftester/PhD/repo/Hw-designs/Platforms/Ultra96v2/u96_v2_tima_ropuf2/u96_v2_tima_ropuf2.gen/sources_1/bd/u96_v2_tima_ropuf2/ipshared/e866/src/ROs.vhd:11' bound to instance 'RO_INST' of component 'ROs' [/home/puftester/PhD/repo/Hw-designs/Platforms/Ultra96v2/u96_v2_tima_ropuf2/u96_v2_tima_ropuf2.gen/sources_1/bd/u96_v2_tima_ropuf2/ipshared/e866/src/RO_selection.vhd:35]
	Parameter num_inverters bound to: 7 - type: integer 
INFO: [Synth 8-3491] module 'ROs' declared at '/home/puftester/PhD/repo/Hw-designs/Platforms/Ultra96v2/u96_v2_tima_ropuf2/u96_v2_tima_ropuf2.gen/sources_1/bd/u96_v2_tima_ropuf2/ipshared/e866/src/ROs.vhd:11' bound to instance 'RO_INST' of component 'ROs' [/home/puftester/PhD/repo/Hw-designs/Platforms/Ultra96v2/u96_v2_tima_ropuf2/u96_v2_tima_ropuf2.gen/sources_1/bd/u96_v2_tima_ropuf2/ipshared/e866/src/RO_selection.vhd:35]
	Parameter num_inverters bound to: 7 - type: integer 
INFO: [Synth 8-3491] module 'ROs' declared at '/home/puftester/PhD/repo/Hw-designs/Platforms/Ultra96v2/u96_v2_tima_ropuf2/u96_v2_tima_ropuf2.gen/sources_1/bd/u96_v2_tima_ropuf2/ipshared/e866/src/ROs.vhd:11' bound to instance 'RO_INST' of component 'ROs' [/home/puftester/PhD/repo/Hw-designs/Platforms/Ultra96v2/u96_v2_tima_ropuf2/u96_v2_tima_ropuf2.gen/sources_1/bd/u96_v2_tima_ropuf2/ipshared/e866/src/RO_selection.vhd:35]
	Parameter num_inverters bound to: 7 - type: integer 
INFO: [Synth 8-3491] module 'ROs' declared at '/home/puftester/PhD/repo/Hw-designs/Platforms/Ultra96v2/u96_v2_tima_ropuf2/u96_v2_tima_ropuf2.gen/sources_1/bd/u96_v2_tima_ropuf2/ipshared/e866/src/ROs.vhd:11' bound to instance 'RO_INST' of component 'ROs' [/home/puftester/PhD/repo/Hw-designs/Platforms/Ultra96v2/u96_v2_tima_ropuf2/u96_v2_tima_ropuf2.gen/sources_1/bd/u96_v2_tima_ropuf2/ipshared/e866/src/RO_selection.vhd:35]
	Parameter num_inverters bound to: 7 - type: integer 
INFO: [Synth 8-3491] module 'ROs' declared at '/home/puftester/PhD/repo/Hw-designs/Platforms/Ultra96v2/u96_v2_tima_ropuf2/u96_v2_tima_ropuf2.gen/sources_1/bd/u96_v2_tima_ropuf2/ipshared/e866/src/ROs.vhd:11' bound to instance 'RO_INST' of component 'ROs' [/home/puftester/PhD/repo/Hw-designs/Platforms/Ultra96v2/u96_v2_tima_ropuf2/u96_v2_tima_ropuf2.gen/sources_1/bd/u96_v2_tima_ropuf2/ipshared/e866/src/RO_selection.vhd:35]
	Parameter num_inverters bound to: 7 - type: integer 
INFO: [Synth 8-3491] module 'ROs' declared at '/home/puftester/PhD/repo/Hw-designs/Platforms/Ultra96v2/u96_v2_tima_ropuf2/u96_v2_tima_ropuf2.gen/sources_1/bd/u96_v2_tima_ropuf2/ipshared/e866/src/ROs.vhd:11' bound to instance 'RO_INST' of component 'ROs' [/home/puftester/PhD/repo/Hw-designs/Platforms/Ultra96v2/u96_v2_tima_ropuf2/u96_v2_tima_ropuf2.gen/sources_1/bd/u96_v2_tima_ropuf2/ipshared/e866/src/RO_selection.vhd:35]
	Parameter num_inverters bound to: 7 - type: integer 
INFO: [Synth 8-3491] module 'ROs' declared at '/home/puftester/PhD/repo/Hw-designs/Platforms/Ultra96v2/u96_v2_tima_ropuf2/u96_v2_tima_ropuf2.gen/sources_1/bd/u96_v2_tima_ropuf2/ipshared/e866/src/ROs.vhd:11' bound to instance 'RO_INST' of component 'ROs' [/home/puftester/PhD/repo/Hw-designs/Platforms/Ultra96v2/u96_v2_tima_ropuf2/u96_v2_tima_ropuf2.gen/sources_1/bd/u96_v2_tima_ropuf2/ipshared/e866/src/RO_selection.vhd:35]
	Parameter num_inverters bound to: 7 - type: integer 
INFO: [Synth 8-3491] module 'ROs' declared at '/home/puftester/PhD/repo/Hw-designs/Platforms/Ultra96v2/u96_v2_tima_ropuf2/u96_v2_tima_ropuf2.gen/sources_1/bd/u96_v2_tima_ropuf2/ipshared/e866/src/ROs.vhd:11' bound to instance 'RO_INST' of component 'ROs' [/home/puftester/PhD/repo/Hw-designs/Platforms/Ultra96v2/u96_v2_tima_ropuf2/u96_v2_tima_ropuf2.gen/sources_1/bd/u96_v2_tima_ropuf2/ipshared/e866/src/RO_selection.vhd:35]
	Parameter num_inverters bound to: 7 - type: integer 
INFO: [Synth 8-3491] module 'ROs' declared at '/home/puftester/PhD/repo/Hw-designs/Platforms/Ultra96v2/u96_v2_tima_ropuf2/u96_v2_tima_ropuf2.gen/sources_1/bd/u96_v2_tima_ropuf2/ipshared/e866/src/ROs.vhd:11' bound to instance 'RO_INST' of component 'ROs' [/home/puftester/PhD/repo/Hw-designs/Platforms/Ultra96v2/u96_v2_tima_ropuf2/u96_v2_tima_ropuf2.gen/sources_1/bd/u96_v2_tima_ropuf2/ipshared/e866/src/RO_selection.vhd:35]
	Parameter num_inverters bound to: 7 - type: integer 
INFO: [Synth 8-3491] module 'ROs' declared at '/home/puftester/PhD/repo/Hw-designs/Platforms/Ultra96v2/u96_v2_tima_ropuf2/u96_v2_tima_ropuf2.gen/sources_1/bd/u96_v2_tima_ropuf2/ipshared/e866/src/ROs.vhd:11' bound to instance 'RO_INST' of component 'ROs' [/home/puftester/PhD/repo/Hw-designs/Platforms/Ultra96v2/u96_v2_tima_ropuf2/u96_v2_tima_ropuf2.gen/sources_1/bd/u96_v2_tima_ropuf2/ipshared/e866/src/RO_selection.vhd:35]
	Parameter num_inverters bound to: 7 - type: integer 
INFO: [Synth 8-3491] module 'ROs' declared at '/home/puftester/PhD/repo/Hw-designs/Platforms/Ultra96v2/u96_v2_tima_ropuf2/u96_v2_tima_ropuf2.gen/sources_1/bd/u96_v2_tima_ropuf2/ipshared/e866/src/ROs.vhd:11' bound to instance 'RO_INST' of component 'ROs' [/home/puftester/PhD/repo/Hw-designs/Platforms/Ultra96v2/u96_v2_tima_ropuf2/u96_v2_tima_ropuf2.gen/sources_1/bd/u96_v2_tima_ropuf2/ipshared/e866/src/RO_selection.vhd:35]
	Parameter num_inverters bound to: 7 - type: integer 
INFO: [Synth 8-3491] module 'ROs' declared at '/home/puftester/PhD/repo/Hw-designs/Platforms/Ultra96v2/u96_v2_tima_ropuf2/u96_v2_tima_ropuf2.gen/sources_1/bd/u96_v2_tima_ropuf2/ipshared/e866/src/ROs.vhd:11' bound to instance 'RO_INST' of component 'ROs' [/home/puftester/PhD/repo/Hw-designs/Platforms/Ultra96v2/u96_v2_tima_ropuf2/u96_v2_tima_ropuf2.gen/sources_1/bd/u96_v2_tima_ropuf2/ipshared/e866/src/RO_selection.vhd:35]
	Parameter num_inverters bound to: 7 - type: integer 
INFO: [Synth 8-3491] module 'ROs' declared at '/home/puftester/PhD/repo/Hw-designs/Platforms/Ultra96v2/u96_v2_tima_ropuf2/u96_v2_tima_ropuf2.gen/sources_1/bd/u96_v2_tima_ropuf2/ipshared/e866/src/ROs.vhd:11' bound to instance 'RO_INST' of component 'ROs' [/home/puftester/PhD/repo/Hw-designs/Platforms/Ultra96v2/u96_v2_tima_ropuf2/u96_v2_tima_ropuf2.gen/sources_1/bd/u96_v2_tima_ropuf2/ipshared/e866/src/RO_selection.vhd:35]
	Parameter num_inverters bound to: 7 - type: integer 
INFO: [Synth 8-3491] module 'ROs' declared at '/home/puftester/PhD/repo/Hw-designs/Platforms/Ultra96v2/u96_v2_tima_ropuf2/u96_v2_tima_ropuf2.gen/sources_1/bd/u96_v2_tima_ropuf2/ipshared/e866/src/ROs.vhd:11' bound to instance 'RO_INST' of component 'ROs' [/home/puftester/PhD/repo/Hw-designs/Platforms/Ultra96v2/u96_v2_tima_ropuf2/u96_v2_tima_ropuf2.gen/sources_1/bd/u96_v2_tima_ropuf2/ipshared/e866/src/RO_selection.vhd:35]
	Parameter num_inverters bound to: 7 - type: integer 
INFO: [Synth 8-3491] module 'ROs' declared at '/home/puftester/PhD/repo/Hw-designs/Platforms/Ultra96v2/u96_v2_tima_ropuf2/u96_v2_tima_ropuf2.gen/sources_1/bd/u96_v2_tima_ropuf2/ipshared/e866/src/ROs.vhd:11' bound to instance 'RO_INST' of component 'ROs' [/home/puftester/PhD/repo/Hw-designs/Platforms/Ultra96v2/u96_v2_tima_ropuf2/u96_v2_tima_ropuf2.gen/sources_1/bd/u96_v2_tima_ropuf2/ipshared/e866/src/RO_selection.vhd:35]
	Parameter num_inverters bound to: 7 - type: integer 
INFO: [Synth 8-3491] module 'ROs' declared at '/home/puftester/PhD/repo/Hw-designs/Platforms/Ultra96v2/u96_v2_tima_ropuf2/u96_v2_tima_ropuf2.gen/sources_1/bd/u96_v2_tima_ropuf2/ipshared/e866/src/ROs.vhd:11' bound to instance 'RO_INST' of component 'ROs' [/home/puftester/PhD/repo/Hw-designs/Platforms/Ultra96v2/u96_v2_tima_ropuf2/u96_v2_tima_ropuf2.gen/sources_1/bd/u96_v2_tima_ropuf2/ipshared/e866/src/RO_selection.vhd:35]
	Parameter num_inverters bound to: 7 - type: integer 
INFO: [Synth 8-3491] module 'ROs' declared at '/home/puftester/PhD/repo/Hw-designs/Platforms/Ultra96v2/u96_v2_tima_ropuf2/u96_v2_tima_ropuf2.gen/sources_1/bd/u96_v2_tima_ropuf2/ipshared/e866/src/ROs.vhd:11' bound to instance 'RO_INST' of component 'ROs' [/home/puftester/PhD/repo/Hw-designs/Platforms/Ultra96v2/u96_v2_tima_ropuf2/u96_v2_tima_ropuf2.gen/sources_1/bd/u96_v2_tima_ropuf2/ipshared/e866/src/RO_selection.vhd:35]
	Parameter num_inverters bound to: 7 - type: integer 
INFO: [Synth 8-3491] module 'ROs' declared at '/home/puftester/PhD/repo/Hw-designs/Platforms/Ultra96v2/u96_v2_tima_ropuf2/u96_v2_tima_ropuf2.gen/sources_1/bd/u96_v2_tima_ropuf2/ipshared/e866/src/ROs.vhd:11' bound to instance 'RO_INST' of component 'ROs' [/home/puftester/PhD/repo/Hw-designs/Platforms/Ultra96v2/u96_v2_tima_ropuf2/u96_v2_tima_ropuf2.gen/sources_1/bd/u96_v2_tima_ropuf2/ipshared/e866/src/RO_selection.vhd:35]
	Parameter num_inverters bound to: 7 - type: integer 
INFO: [Synth 8-3491] module 'ROs' declared at '/home/puftester/PhD/repo/Hw-designs/Platforms/Ultra96v2/u96_v2_tima_ropuf2/u96_v2_tima_ropuf2.gen/sources_1/bd/u96_v2_tima_ropuf2/ipshared/e866/src/ROs.vhd:11' bound to instance 'RO_INST' of component 'ROs' [/home/puftester/PhD/repo/Hw-designs/Platforms/Ultra96v2/u96_v2_tima_ropuf2/u96_v2_tima_ropuf2.gen/sources_1/bd/u96_v2_tima_ropuf2/ipshared/e866/src/RO_selection.vhd:35]
	Parameter num_inverters bound to: 7 - type: integer 
INFO: [Synth 8-3491] module 'ROs' declared at '/home/puftester/PhD/repo/Hw-designs/Platforms/Ultra96v2/u96_v2_tima_ropuf2/u96_v2_tima_ropuf2.gen/sources_1/bd/u96_v2_tima_ropuf2/ipshared/e866/src/ROs.vhd:11' bound to instance 'RO_INST' of component 'ROs' [/home/puftester/PhD/repo/Hw-designs/Platforms/Ultra96v2/u96_v2_tima_ropuf2/u96_v2_tima_ropuf2.gen/sources_1/bd/u96_v2_tima_ropuf2/ipshared/e866/src/RO_selection.vhd:35]
	Parameter num_inverters bound to: 7 - type: integer 
INFO: [Synth 8-3491] module 'ROs' declared at '/home/puftester/PhD/repo/Hw-designs/Platforms/Ultra96v2/u96_v2_tima_ropuf2/u96_v2_tima_ropuf2.gen/sources_1/bd/u96_v2_tima_ropuf2/ipshared/e866/src/ROs.vhd:11' bound to instance 'RO_INST' of component 'ROs' [/home/puftester/PhD/repo/Hw-designs/Platforms/Ultra96v2/u96_v2_tima_ropuf2/u96_v2_tima_ropuf2.gen/sources_1/bd/u96_v2_tima_ropuf2/ipshared/e866/src/RO_selection.vhd:35]
	Parameter num_inverters bound to: 7 - type: integer 
INFO: [Synth 8-3491] module 'ROs' declared at '/home/puftester/PhD/repo/Hw-designs/Platforms/Ultra96v2/u96_v2_tima_ropuf2/u96_v2_tima_ropuf2.gen/sources_1/bd/u96_v2_tima_ropuf2/ipshared/e866/src/ROs.vhd:11' bound to instance 'RO_INST' of component 'ROs' [/home/puftester/PhD/repo/Hw-designs/Platforms/Ultra96v2/u96_v2_tima_ropuf2/u96_v2_tima_ropuf2.gen/sources_1/bd/u96_v2_tima_ropuf2/ipshared/e866/src/RO_selection.vhd:35]
	Parameter num_inverters bound to: 7 - type: integer 
INFO: [Synth 8-3491] module 'ROs' declared at '/home/puftester/PhD/repo/Hw-designs/Platforms/Ultra96v2/u96_v2_tima_ropuf2/u96_v2_tima_ropuf2.gen/sources_1/bd/u96_v2_tima_ropuf2/ipshared/e866/src/ROs.vhd:11' bound to instance 'RO_INST' of component 'ROs' [/home/puftester/PhD/repo/Hw-designs/Platforms/Ultra96v2/u96_v2_tima_ropuf2/u96_v2_tima_ropuf2.gen/sources_1/bd/u96_v2_tima_ropuf2/ipshared/e866/src/RO_selection.vhd:35]
	Parameter num_inverters bound to: 7 - type: integer 
INFO: [Synth 8-3491] module 'ROs' declared at '/home/puftester/PhD/repo/Hw-designs/Platforms/Ultra96v2/u96_v2_tima_ropuf2/u96_v2_tima_ropuf2.gen/sources_1/bd/u96_v2_tima_ropuf2/ipshared/e866/src/ROs.vhd:11' bound to instance 'RO_INST' of component 'ROs' [/home/puftester/PhD/repo/Hw-designs/Platforms/Ultra96v2/u96_v2_tima_ropuf2/u96_v2_tima_ropuf2.gen/sources_1/bd/u96_v2_tima_ropuf2/ipshared/e866/src/RO_selection.vhd:35]
	Parameter num_inverters bound to: 7 - type: integer 
INFO: [Synth 8-3491] module 'ROs' declared at '/home/puftester/PhD/repo/Hw-designs/Platforms/Ultra96v2/u96_v2_tima_ropuf2/u96_v2_tima_ropuf2.gen/sources_1/bd/u96_v2_tima_ropuf2/ipshared/e866/src/ROs.vhd:11' bound to instance 'RO_INST' of component 'ROs' [/home/puftester/PhD/repo/Hw-designs/Platforms/Ultra96v2/u96_v2_tima_ropuf2/u96_v2_tima_ropuf2.gen/sources_1/bd/u96_v2_tima_ropuf2/ipshared/e866/src/RO_selection.vhd:35]
INFO: [Common 17-14] Message 'Synth 8-3491' appears 100 times and further instances of the messages will be disabled. Use the Tcl command set_msg_config to change the current settings.
	Parameter num_inverters bound to: 7 - type: integer 
	Parameter num_inverters bound to: 7 - type: integer 
	Parameter num_inverters bound to: 7 - type: integer 
	Parameter num_inverters bound to: 7 - type: integer 
	Parameter num_inverters bound to: 7 - type: integer 
	Parameter num_inverters bound to: 7 - type: integer 
	Parameter num_inverters bound to: 7 - type: integer 
	Parameter num_inverters bound to: 7 - type: integer 
	Parameter num_inverters bound to: 7 - type: integer 
	Parameter num_inverters bound to: 7 - type: integer 
	Parameter num_inverters bound to: 7 - type: integer 
	Parameter num_inverters bound to: 7 - type: integer 
	Parameter num_inverters bound to: 7 - type: integer 
	Parameter num_inverters bound to: 7 - type: integer 
	Parameter num_inverters bound to: 7 - type: integer 
	Parameter num_inverters bound to: 7 - type: integer 
	Parameter num_inverters bound to: 7 - type: integer 
	Parameter num_inverters bound to: 7 - type: integer 
	Parameter num_inverters bound to: 7 - type: integer 
	Parameter num_inverters bound to: 7 - type: integer 
	Parameter num_inverters bound to: 7 - type: integer 
	Parameter num_inverters bound to: 7 - type: integer 
	Parameter num_inverters bound to: 7 - type: integer 
	Parameter num_inverters bound to: 7 - type: integer 
	Parameter num_inverters bound to: 7 - type: integer 
	Parameter num_inverters bound to: 7 - type: integer 
	Parameter num_inverters bound to: 7 - type: integer 
	Parameter num_inverters bound to: 7 - type: integer 
	Parameter num_inverters bound to: 7 - type: integer 
	Parameter num_inverters bound to: 7 - type: integer 
	Parameter num_inverters bound to: 7 - type: integer 
	Parameter num_inverters bound to: 7 - type: integer 
	Parameter num_inverters bound to: 7 - type: integer 
	Parameter num_inverters bound to: 7 - type: integer 
	Parameter num_inverters bound to: 7 - type: integer 
	Parameter num_inverters bound to: 7 - type: integer 
	Parameter num_inverters bound to: 7 - type: integer 
	Parameter num_inverters bound to: 7 - type: integer 
	Parameter num_inverters bound to: 7 - type: integer 
	Parameter num_inverters bound to: 7 - type: integer 
	Parameter num_inverters bound to: 7 - type: integer 
	Parameter num_inverters bound to: 7 - type: integer 
	Parameter num_inverters bound to: 7 - type: integer 
	Parameter num_inverters bound to: 7 - type: integer 
	Parameter num_inverters bound to: 7 - type: integer 
	Parameter num_inverters bound to: 7 - type: integer 
	Parameter num_inverters bound to: 7 - type: integer 
	Parameter num_inverters bound to: 7 - type: integer 
	Parameter num_inverters bound to: 7 - type: integer 
	Parameter num_inverters bound to: 7 - type: integer 
	Parameter num_inverters bound to: 7 - type: integer 
	Parameter num_inverters bound to: 7 - type: integer 
	Parameter num_inverters bound to: 7 - type: integer 
	Parameter num_inverters bound to: 7 - type: integer 
	Parameter num_inverters bound to: 7 - type: integer 
	Parameter num_inverters bound to: 7 - type: integer 
	Parameter num_inverters bound to: 7 - type: integer 
	Parameter num_inverters bound to: 7 - type: integer 
	Parameter num_inverters bound to: 7 - type: integer 
	Parameter num_inverters bound to: 7 - type: integer 
	Parameter num_inverters bound to: 7 - type: integer 
	Parameter num_inverters bound to: 7 - type: integer 
	Parameter num_inverters bound to: 7 - type: integer 
	Parameter num_inverters bound to: 7 - type: integer 
	Parameter num_inverters bound to: 7 - type: integer 
	Parameter num_inverters bound to: 7 - type: integer 
	Parameter num_inverters bound to: 7 - type: integer 
	Parameter num_inverters bound to: 7 - type: integer 
	Parameter num_inverters bound to: 7 - type: integer 
	Parameter num_inverters bound to: 7 - type: integer 
	Parameter num_inverters bound to: 7 - type: integer 
	Parameter num_inverters bound to: 7 - type: integer 
	Parameter num_inverters bound to: 7 - type: integer 
	Parameter num_inverters bound to: 7 - type: integer 
	Parameter num_inverters bound to: 7 - type: integer 
	Parameter num_inverters bound to: 7 - type: integer 
	Parameter num_inverters bound to: 7 - type: integer 
	Parameter num_inverters bound to: 7 - type: integer 
	Parameter num_inverters bound to: 7 - type: integer 
	Parameter num_inverters bound to: 7 - type: integer 
	Parameter num_inverters bound to: 7 - type: integer 
	Parameter num_inverters bound to: 7 - type: integer 
	Parameter num_inverters bound to: 7 - type: integer 
	Parameter num_inverters bound to: 7 - type: integer 
	Parameter num_inverters bound to: 7 - type: integer 
	Parameter num_inverters bound to: 7 - type: integer 
	Parameter num_inverters bound to: 7 - type: integer 
	Parameter num_inverters bound to: 7 - type: integer 
	Parameter num_inverters bound to: 7 - type: integer 
	Parameter num_inverters bound to: 7 - type: integer 
	Parameter num_inverters bound to: 7 - type: integer 
	Parameter num_inverters bound to: 7 - type: integer 
	Parameter num_inverters bound to: 7 - type: integer 
	Parameter num_inverters bound to: 7 - type: integer 
	Parameter num_inverters bound to: 7 - type: integer 
	Parameter num_inverters bound to: 7 - type: integer 
	Parameter num_inverters bound to: 7 - type: integer 
	Parameter num_inverters bound to: 7 - type: integer 
	Parameter num_inverters bound to: 7 - type: integer 
	Parameter num_inverters bound to: 7 - type: integer 
	Parameter num_inverters bound to: 7 - type: integer 
	Parameter num_inverters bound to: 7 - type: integer 
	Parameter num_inverters bound to: 7 - type: integer 
	Parameter num_inverters bound to: 7 - type: integer 
	Parameter num_inverters bound to: 7 - type: integer 
	Parameter num_inverters bound to: 7 - type: integer 
	Parameter num_inverters bound to: 7 - type: integer 
	Parameter num_inverters bound to: 7 - type: integer 
	Parameter num_inverters bound to: 7 - type: integer 
	Parameter num_inverters bound to: 7 - type: integer 
	Parameter num_inverters bound to: 7 - type: integer 
	Parameter num_inverters bound to: 7 - type: integer 
	Parameter num_inverters bound to: 7 - type: integer 
	Parameter num_inverters bound to: 7 - type: integer 
	Parameter num_inverters bound to: 7 - type: integer 
	Parameter num_inverters bound to: 7 - type: integer 
	Parameter num_inverters bound to: 7 - type: integer 
	Parameter num_inverters bound to: 7 - type: integer 
	Parameter num_inverters bound to: 7 - type: integer 
	Parameter num_inverters bound to: 7 - type: integer 
	Parameter num_inverters bound to: 7 - type: integer 
	Parameter num_inverters bound to: 7 - type: integer 
	Parameter num_inverters bound to: 7 - type: integer 
	Parameter num_inverters bound to: 7 - type: integer 
	Parameter num_inverters bound to: 7 - type: integer 
	Parameter num_inverters bound to: 7 - type: integer 
	Parameter num_inverters bound to: 7 - type: integer 
	Parameter num_inverters bound to: 7 - type: integer 
	Parameter num_inverters bound to: 7 - type: integer 
	Parameter num_inverters bound to: 7 - type: integer 
	Parameter num_inverters bound to: 7 - type: integer 
	Parameter num_inverters bound to: 7 - type: integer 
	Parameter num_inverters bound to: 7 - type: integer 
	Parameter num_inverters bound to: 7 - type: integer 
	Parameter num_inverters bound to: 7 - type: integer 
	Parameter num_inverters bound to: 7 - type: integer 
	Parameter num_inverters bound to: 7 - type: integer 
	Parameter num_inverters bound to: 7 - type: integer 
	Parameter num_inverters bound to: 7 - type: integer 
	Parameter num_inverters bound to: 7 - type: integer 
	Parameter num_inverters bound to: 7 - type: integer 
	Parameter num_inverters bound to: 7 - type: integer 
	Parameter num_inverters bound to: 7 - type: integer 
	Parameter num_inverters bound to: 7 - type: integer 
	Parameter num_inverters bound to: 7 - type: integer 
	Parameter num_inverters bound to: 7 - type: integer 
	Parameter num_inverters bound to: 7 - type: integer 
	Parameter num_inverters bound to: 7 - type: integer 
	Parameter num_inverters bound to: 7 - type: integer 
	Parameter num_inverters bound to: 7 - type: integer 
	Parameter num_inverters bound to: 7 - type: integer 
	Parameter num_inverters bound to: 7 - type: integer 
	Parameter num_inverters bound to: 7 - type: integer 
	Parameter num_inverters bound to: 7 - type: integer 
	Parameter num_inverters bound to: 7 - type: integer 
	Parameter num_inverters bound to: 7 - type: integer 
	Parameter num_inverters bound to: 7 - type: integer 
	Parameter num_inverters bound to: 7 - type: integer 
	Parameter num_inverters bound to: 7 - type: integer 
	Parameter num_inverters bound to: 7 - type: integer 
	Parameter num_inverters bound to: 7 - type: integer 
INFO: [Synth 8-256] done synthesizing module 'RO_selection' (2#1) [/home/puftester/PhD/repo/Hw-designs/Platforms/Ultra96v2/u96_v2_tima_ropuf2/u96_v2_tima_ropuf2.gen/sources_1/bd/u96_v2_tima_ropuf2/ipshared/e866/src/RO_selection.vhd:16]
	Parameter num_inverters bound to: 7 - type: integer 
WARNING: [Synth 8-614] signal 'compteur_cycles' is read in the process but is not in the sensitivity list [/home/puftester/PhD/repo/Hw-designs/Platforms/Ultra96v2/u96_v2_tima_ropuf2/u96_v2_tima_ropuf2.gen/sources_1/bd/u96_v2_tima_ropuf2/ipshared/e866/src/ro_puf_7inverters_new.vhd:148]
WARNING: [Synth 8-614] signal 'Timer_size' is read in the process but is not in the sensitivity list [/home/puftester/PhD/repo/Hw-designs/Platforms/Ultra96v2/u96_v2_tima_ropuf2/u96_v2_tima_ropuf2.gen/sources_1/bd/u96_v2_tima_ropuf2/ipshared/e866/src/ro_puf_7inverters_new.vhd:148]
WARNING: [Synth 8-614] signal 'MUX_1_OUT' is read in the process but is not in the sensitivity list [/home/puftester/PhD/repo/Hw-designs/Platforms/Ultra96v2/u96_v2_tima_ropuf2/u96_v2_tima_ropuf2.gen/sources_1/bd/u96_v2_tima_ropuf2/ipshared/e866/src/ro_puf_7inverters_new.vhd:283]
INFO: [Synth 8-256] done synthesizing module 'tima_ro_puf' (3#1) [/home/puftester/PhD/repo/Hw-designs/Platforms/Ultra96v2/u96_v2_tima_ropuf2/u96_v2_tima_ropuf2.gen/sources_1/bd/u96_v2_tima_ropuf2/ipshared/e866/src/ro_puf_7inverters_new.vhd:35]
INFO: [Synth 8-256] done synthesizing module 'top_tima_ro_puf' (4#1) [/home/puftester/PhD/repo/Hw-designs/Platforms/Ultra96v2/u96_v2_tima_ropuf2/u96_v2_tima_ropuf2.gen/sources_1/bd/u96_v2_tima_ropuf2/ipshared/e866/src/top_tima_ro_puf.vhd:60]
INFO: [Synth 8-256] done synthesizing module 'tima_ro_v2_0_PUF_AXI' (5#1) [/home/puftester/PhD/repo/Hw-designs/Platforms/Ultra96v2/u96_v2_tima_ropuf2/u96_v2_tima_ropuf2.gen/sources_1/bd/u96_v2_tima_ropuf2/ipshared/e866/hdl/tima_ro_v2_0_PUF_AXI.vhd:88]
INFO: [Synth 8-256] done synthesizing module 'tima_ro_v2_0' (6#1) [/home/puftester/PhD/repo/Hw-designs/Platforms/Ultra96v2/u96_v2_tima_ropuf2/u96_v2_tima_ropuf2.gen/sources_1/bd/u96_v2_tima_ropuf2/ipshared/e866/hdl/tima_ro_v2_0.vhd:51]
INFO: [Synth 8-256] done synthesizing module 'u96_v2_tima_ropuf2_tima_ro_0_0' (7#1) [/home/puftester/PhD/repo/Hw-designs/Platforms/Ultra96v2/u96_v2_tima_ropuf2/u96_v2_tima_ropuf2.gen/sources_1/bd/u96_v2_tima_ropuf2/ip/u96_v2_tima_ropuf2_tima_ro_0_0/synth/u96_v2_tima_ropuf2_tima_ro_0_0.vhd:82]
---------------------------------------------------------------------------------
Finished RTL Elaboration : Time (s): cpu = 00:00:09 ; elapsed = 00:00:10 . Memory (MB): peak = 2688.184 ; gain = 116.871 ; free physical = 825 ; free virtual = 18038
---------------------------------------------------------------------------------
---------------------------------------------------------------------------------
Start Handling Custom Attributes
---------------------------------------------------------------------------------
---------------------------------------------------------------------------------
Finished Handling Custom Attributes : Time (s): cpu = 00:00:10 ; elapsed = 00:00:11 . Memory (MB): peak = 2703.027 ; gain = 131.715 ; free physical = 824 ; free virtual = 18040
---------------------------------------------------------------------------------
---------------------------------------------------------------------------------
Finished RTL Optimization Phase 1 : Time (s): cpu = 00:00:10 ; elapsed = 00:00:11 . Memory (MB): peak = 2703.027 ; gain = 131.715 ; free physical = 824 ; free virtual = 18040
---------------------------------------------------------------------------------
Netlist sorting complete. Time (s): cpu = 00:00:00.37 ; elapsed = 00:00:00.36 . Memory (MB): peak = 2710.965 ; gain = 0.000 ; free physical = 804 ; free virtual = 18023
INFO: [Project 1-570] Preparing netlist for logic optimization

Processing XDC Constraints
Initializing timing engine
Completed Processing XDC Constraints

Netlist sorting complete. Time (s): cpu = 00:00:00 ; elapsed = 00:00:00 . Memory (MB): peak = 2775.824 ; gain = 0.000 ; free physical = 608 ; free virtual = 17881
INFO: [Project 1-111] Unisim Transformation Summary:
No Unisim elements were transformed.

Constraint Validation Runtime : Time (s): cpu = 00:00:00.11 ; elapsed = 00:00:00.10 . Memory (MB): peak = 2797.637 ; gain = 21.812 ; free physical = 608 ; free virtual = 17881
---------------------------------------------------------------------------------
Finished Constraint Validation : Time (s): cpu = 00:00:19 ; elapsed = 00:00:22 . Memory (MB): peak = 2797.637 ; gain = 226.324 ; free physical = 727 ; free virtual = 18003
---------------------------------------------------------------------------------
---------------------------------------------------------------------------------
Start Loading Part and Timing Information
---------------------------------------------------------------------------------
Loading part: xczu3eg-sbva484-1-i
INFO: [Synth 8-6742] Reading net delay rules and data
---------------------------------------------------------------------------------
Finished Loading Part and Timing Information : Time (s): cpu = 00:00:19 ; elapsed = 00:00:22 . Memory (MB): peak = 2797.637 ; gain = 226.324 ; free physical = 727 ; free virtual = 18003
---------------------------------------------------------------------------------
---------------------------------------------------------------------------------
Start Applying 'set_property' XDC Constraints
---------------------------------------------------------------------------------
---------------------------------------------------------------------------------
Finished applying 'set_property' XDC Constraints : Time (s): cpu = 00:00:19 ; elapsed = 00:00:22 . Memory (MB): peak = 2797.637 ; gain = 226.324 ; free physical = 727 ; free virtual = 18003
---------------------------------------------------------------------------------
WARNING: [Synth 8-327] inferring latch for variable 'output_ro_reg' [/home/puftester/PhD/repo/Hw-designs/Platforms/Ultra96v2/u96_v2_tima_ropuf2/u96_v2_tima_ropuf2.gen/sources_1/bd/u96_v2_tima_ropuf2/ipshared/e866/src/RO_selection.vhd:47]
WARNING: [Synth 8-327] inferring latch for variable 'found_match_reg' [/home/puftester/PhD/repo/Hw-designs/Platforms/Ultra96v2/u96_v2_tima_ropuf2/u96_v2_tima_ropuf2.gen/sources_1/bd/u96_v2_tima_ropuf2/ipshared/e866/src/RO_selection.vhd:48]
---------------------------------------------------------------------------------
Finished RTL Optimization Phase 2 : Time (s): cpu = 00:00:21 ; elapsed = 00:00:24 . Memory (MB): peak = 2797.637 ; gain = 226.324 ; free physical = 722 ; free virtual = 18002
---------------------------------------------------------------------------------
---------------------------------------------------------------------------------
Start RTL Component Statistics 
---------------------------------------------------------------------------------
Detailed RTL Component Info : 
+---Adders : 
	   2 Input    8 Bit       Adders := 1     
+---Registers : 
	              256 Bit    Registers := 1     
	               32 Bit    Registers := 3     
	                8 Bit    Registers := 2     
	                6 Bit    Registers := 2     
	                3 Bit    Registers := 1     
	                2 Bit    Registers := 2     
	                1 Bit    Registers := 11    
+---Muxes : 
	   2 Input  256 Bit        Muxes := 1     
	   2 Input   32 Bit        Muxes := 6     
	   5 Input   28 Bit        Muxes := 1     
	   8 Input    8 Bit        Muxes := 1     
	   3 Input    3 Bit        Muxes := 1     
	   2 Input    1 Bit        Muxes := 7     
	 255 Input    1 Bit        Muxes := 2     
	   8 Input    1 Bit        Muxes := 5     
---------------------------------------------------------------------------------
Finished RTL Component Statistics 
---------------------------------------------------------------------------------
---------------------------------------------------------------------------------
Start Part Resource Summary
---------------------------------------------------------------------------------
Part Resources:
DSPs: 360 (col length:72)
BRAMs: 432 (col length: RAMB18 72 RAMB36 36)
---------------------------------------------------------------------------------
Finished Part Resource Summary
---------------------------------------------------------------------------------
---------------------------------------------------------------------------------
Start Cross Boundary and Area Optimization
---------------------------------------------------------------------------------
---------------------------------------------------------------------------------
Finished Cross Boundary and Area Optimization : Time (s): cpu = 00:00:28 ; elapsed = 00:00:32 . Memory (MB): peak = 2813.645 ; gain = 242.332 ; free physical = 694 ; free virtual = 17987
---------------------------------------------------------------------------------
---------------------------------------------------------------------------------
Start Applying XDC Timing Constraints
---------------------------------------------------------------------------------
---------------------------------------------------------------------------------
Finished Applying XDC Timing Constraints : Time (s): cpu = 00:00:50 ; elapsed = 00:01:06 . Memory (MB): peak = 3225.418 ; gain = 654.105 ; free physical = 136 ; free virtual = 17424
---------------------------------------------------------------------------------
---------------------------------------------------------------------------------
Start Timing Optimization
---------------------------------------------------------------------------------
---------------------------------------------------------------------------------
Finished Timing Optimization : Time (s): cpu = 00:00:51 ; elapsed = 00:01:07 . Memory (MB): peak = 3227.418 ; gain = 656.105 ; free physical = 135 ; free virtual = 17423
---------------------------------------------------------------------------------
---------------------------------------------------------------------------------
Start Technology Mapping
---------------------------------------------------------------------------------
---------------------------------------------------------------------------------
Finished Technology Mapping : Time (s): cpu = 00:00:55 ; elapsed = 00:01:15 . Memory (MB): peak = 3255.465 ; gain = 684.152 ; free physical = 136 ; free virtual = 17425
---------------------------------------------------------------------------------
---------------------------------------------------------------------------------
Start IO Insertion
---------------------------------------------------------------------------------
---------------------------------------------------------------------------------
Start Flattening Before IO Insertion
---------------------------------------------------------------------------------
---------------------------------------------------------------------------------
Finished Flattening Before IO Insertion
---------------------------------------------------------------------------------
---------------------------------------------------------------------------------
Start Final Netlist Cleanup
---------------------------------------------------------------------------------
---------------------------------------------------------------------------------
Finished Final Netlist Cleanup
---------------------------------------------------------------------------------
---------------------------------------------------------------------------------
Finished IO Insertion : Time (s): cpu = 00:00:59 ; elapsed = 00:01:20 . Memory (MB): peak = 3255.465 ; gain = 684.152 ; free physical = 141 ; free virtual = 17419
---------------------------------------------------------------------------------
---------------------------------------------------------------------------------
Start Renaming Generated Instances
---------------------------------------------------------------------------------
---------------------------------------------------------------------------------
Finished Renaming Generated Instances : Time (s): cpu = 00:00:59 ; elapsed = 00:01:20 . Memory (MB): peak = 3255.465 ; gain = 684.152 ; free physical = 141 ; free virtual = 17419
---------------------------------------------------------------------------------
---------------------------------------------------------------------------------
Start Rebuilding User Hierarchy
---------------------------------------------------------------------------------
---------------------------------------------------------------------------------
Finished Rebuilding User Hierarchy : Time (s): cpu = 00:01:00 ; elapsed = 00:01:20 . Memory (MB): peak = 3255.465 ; gain = 684.152 ; free physical = 140 ; free virtual = 17418
---------------------------------------------------------------------------------
---------------------------------------------------------------------------------
Start Renaming Generated Ports
---------------------------------------------------------------------------------
---------------------------------------------------------------------------------
Finished Renaming Generated Ports : Time (s): cpu = 00:01:00 ; elapsed = 00:01:20 . Memory (MB): peak = 3255.465 ; gain = 684.152 ; free physical = 140 ; free virtual = 17419
---------------------------------------------------------------------------------
---------------------------------------------------------------------------------
Start Handling Custom Attributes
---------------------------------------------------------------------------------
---------------------------------------------------------------------------------
Finished Handling Custom Attributes : Time (s): cpu = 00:01:00 ; elapsed = 00:01:21 . Memory (MB): peak = 3255.465 ; gain = 684.152 ; free physical = 139 ; free virtual = 17419
---------------------------------------------------------------------------------
---------------------------------------------------------------------------------
Start Renaming Generated Nets
---------------------------------------------------------------------------------
---------------------------------------------------------------------------------
Finished Renaming Generated Nets : Time (s): cpu = 00:01:00 ; elapsed = 00:01:21 . Memory (MB): peak = 3255.465 ; gain = 684.152 ; free physical = 138 ; free virtual = 17418
---------------------------------------------------------------------------------
---------------------------------------------------------------------------------
Start Writing Synthesis Report
---------------------------------------------------------------------------------

Report BlackBoxes: 
+-+--------------+----------+
| |BlackBox name |Instances |
+-+--------------+----------+
+-+--------------+----------+

Report Cell Usage: 
+------+-------+------+
|      |Cell   |Count |
+------+-------+------+
|1     |CARRY8 |    17|
|2     |LUT1   |  3591|
|3     |LUT2   |   518|
|4     |LUT3   |     9|
|5     |LUT4   |   329|
|6     |LUT5   |    65|
|7     |LUT6   |   229|
|8     |MUXF7  |    68|
|9     |MUXF8  |    34|
|10    |FDCE   |    64|
|11    |FDRE   |   414|
|12    |FDSE   |     5|
|13    |LDC    |     2|
|14    |LDP    |     2|
+------+-------+------+
---------------------------------------------------------------------------------
Finished Writing Synthesis Report : Time (s): cpu = 00:01:00 ; elapsed = 00:01:21 . Memory (MB): peak = 3255.465 ; gain = 684.152 ; free physical = 138 ; free virtual = 17417
---------------------------------------------------------------------------------
Synthesis finished with 0 errors, 0 critical warnings and 2 warnings.
Synthesis Optimization Runtime : Time (s): cpu = 00:00:55 ; elapsed = 00:01:15 . Memory (MB): peak = 3255.465 ; gain = 589.543 ; free physical = 177 ; free virtual = 17456
Synthesis Optimization Complete : Time (s): cpu = 00:01:00 ; elapsed = 00:01:21 . Memory (MB): peak = 3255.473 ; gain = 684.152 ; free physical = 177 ; free virtual = 17456
INFO: [Project 1-571] Translating synthesized netlist
Netlist sorting complete. Time (s): cpu = 00:00:00.04 ; elapsed = 00:00:00.04 . Memory (MB): peak = 3255.473 ; gain = 0.000 ; free physical = 257 ; free virtual = 17544
INFO: [Netlist 29-17] Analyzing 123 Unisim elements for replacement
INFO: [Netlist 29-28] Unisim Transformation completed in 0 CPU seconds
INFO: [Project 1-570] Preparing netlist for logic optimization
INFO: [Opt 31-138] Pushed 0 inverter(s) to 0 load pin(s).
Netlist sorting complete. Time (s): cpu = 00:00:00 ; elapsed = 00:00:00 . Memory (MB): peak = 3403.215 ; gain = 0.000 ; free physical = 117 ; free virtual = 17371
INFO: [Project 1-111] Unisim Transformation Summary:
  A total of 4 instances were transformed.
  LDC => LDCE: 2 instances
  LDP => LDPE: 2 instances

INFO: [Common 17-83] Releasing license: Synthesis
142 Infos, 5 Warnings, 0 Critical Warnings and 0 Errors encountered.
synth_design completed successfully
synth_design: Time (s): cpu = 00:01:24 ; elapsed = 00:01:43 . Memory (MB): peak = 3403.215 ; gain = 1088.141 ; free physical = 258 ; free virtual = 17513
INFO: [Common 17-1381] The checkpoint '/home/puftester/PhD/repo/Hw-designs/Platforms/Ultra96v2/u96_v2_tima_ropuf2/u96_v2_tima_ropuf2.runs/u96_v2_tima_ropuf2_tima_ro_0_0_synth_1/u96_v2_tima_ropuf2_tima_ro_0_0.dcp' has been generated.
WARNING: [Common 17-576] 'use_project_ipc' is deprecated. This option is deprecated and no longer used.
INFO: [Coretcl 2-1648] Added synthesis output to IP cache for IP u96_v2_tima_ropuf2_tima_ro_0_0, cache-ID = fffc805e8d14eecf
INFO: [Coretcl 2-1174] Renamed 518 cell refs.
INFO: [Common 17-1381] The checkpoint '/home/puftester/PhD/repo/Hw-designs/Platforms/Ultra96v2/u96_v2_tima_ropuf2/u96_v2_tima_ropuf2.runs/u96_v2_tima_ropuf2_tima_ro_0_0_synth_1/u96_v2_tima_ropuf2_tima_ro_0_0.dcp' has been generated.
INFO: [runtcl-4] Executing : report_utilization -file u96_v2_tima_ropuf2_tima_ro_0_0_utilization_synth.rpt -pb u96_v2_tima_ropuf2_tima_ro_0_0_utilization_synth.pb
INFO: [Common 17-206] Exiting Vivado at Fri Oct  4 13:57:00 2024...
