Copyright 1986-2020 Xilinx, Inc. All Rights Reserved.
-------------------------------------------------------------------------------------------------------------------
| Tool Version : Vivado v.2020.2 (lin64) Build 3064766 Wed Nov 18 09:12:47 MST 2020
| Date         : Mon Sep 23 10:25:04 2024
| Host         : puftester-Latitude-E7240 running 64-bit Ubuntu 18.04.6 LTS
| Command      : report_utilization -file topArbPUF_m_utilization_placed.rpt -pb topArbPUF_m_utilization_placed.pb
| Design       : topArbPUF_m
| Device       : xczu3egsbva484-1
| Design State : Fully Placed
-------------------------------------------------------------------------------------------------------------------

Utilization Design Information

Table of Contents
-----------------
1. CLB Logic
1.1 Summary of Registers by Type
2. CLB Logic Distribution
3. BLOCKRAM
4. ARITHMETIC
5. I/O
6. CLOCK
7. ADVANCED
8. CONFIGURATION
9. Primitives
10. Black Boxes
11. Instantiated Netlists

1. CLB Logic
------------

+-------------------------+------+-------+-----------+-------+
|        Site Type        | Used | Fixed | Available | Util% |
+-------------------------+------+-------+-----------+-------+
| CLB LUTs                |  530 |   528 |     70560 |  0.75 |
|   LUT as Logic          |  530 |   528 |     70560 |  0.75 |
|   LUT as Memory         |    0 |     0 |     28800 |  0.00 |
| CLB Registers           |   52 |     8 |    141120 |  0.04 |
|   Register as Flip Flop |   52 |     8 |    141120 |  0.04 |
|   Register as Latch     |    0 |     0 |    141120 |  0.00 |
| CARRY8                  |    0 |     0 |      8820 |  0.00 |
| F7 Muxes                |    0 |     0 |     35280 |  0.00 |
| F8 Muxes                |    0 |     0 |     17640 |  0.00 |
| F9 Muxes                |    0 |     0 |      8820 |  0.00 |
+-------------------------+------+-------+-----------+-------+


1.1 Summary of Registers by Type
--------------------------------

+-------+--------------+-------------+--------------+
| Total | Clock Enable | Synchronous | Asynchronous |
+-------+--------------+-------------+--------------+
| 0     |            _ |           - |            - |
| 0     |            _ |           - |          Set |
| 0     |            _ |           - |        Reset |
| 0     |            _ |         Set |            - |
| 0     |            _ |       Reset |            - |
| 0     |          Yes |           - |            - |
| 1     |          Yes |           - |          Set |
| 3     |          Yes |           - |        Reset |
| 0     |          Yes |         Set |            - |
| 48    |          Yes |       Reset |            - |
+-------+--------------+-------------+--------------+


2. CLB Logic Distribution
-------------------------

+--------------------------------------------+------+-------+-----------+-------+
|                  Site Type                 | Used | Fixed | Available | Util% |
+--------------------------------------------+------+-------+-----------+-------+
| CLB                                        |  273 |     0 |      8820 |  3.10 |
|   CLBL                                     |  170 |     0 |           |       |
|   CLBM                                     |  103 |     0 |           |       |
| LUT as Logic                               |  530 |   528 |     70560 |  0.75 |
|   using O5 output only                     |    0 |       |           |       |
|   using O6 output only                     |  530 |       |           |       |
|   using O5 and O6                          |    0 |       |           |       |
| LUT as Memory                              |    0 |     0 |     28800 |  0.00 |
|   LUT as Distributed RAM                   |    0 |     0 |           |       |
|   LUT as Shift Register                    |    0 |     0 |           |       |
| CLB Registers                              |   52 |     0 |    141120 |  0.04 |
|   Register driven from within the CLB      |    0 |       |           |       |
|   Register driven from outside the CLB     |   52 |       |           |       |
|     LUT in front of the register is unused |   52 |       |           |       |
|     LUT in front of the register is used   |    0 |       |           |       |
| Unique Control Sets                        |   11 |       |     17640 |  0.06 |
+--------------------------------------------+------+-------+-----------+-------+
* * Note: Available Control Sets calculated as Slices * 2, Review the Control Sets Report for more information regarding control sets.


3. BLOCKRAM
-----------

+----------------+------+-------+-----------+-------+
|    Site Type   | Used | Fixed | Available | Util% |
+----------------+------+-------+-----------+-------+
| Block RAM Tile |    0 |     0 |       216 |  0.00 |
|   RAMB36/FIFO* |    0 |     0 |       216 |  0.00 |
|   RAMB18       |    0 |     0 |       432 |  0.00 |
+----------------+------+-------+-----------+-------+
* Note: Each Block RAM Tile only has one FIFO logic available and therefore can accommodate only one FIFO36E2 or one FIFO18E2. However, if a FIFO18E2 occupies a Block RAM Tile, that tile can still accommodate a RAMB18E2


4. ARITHMETIC
-------------

+-----------+------+-------+-----------+-------+
| Site Type | Used | Fixed | Available | Util% |
+-----------+------+-------+-----------+-------+
| DSPs      |    0 |     0 |       360 |  0.00 |
+-----------+------+-------+-----------+-------+


5. I/O
------

+------------------+------+-------+-----------+-------+
|     Site Type    | Used | Fixed | Available | Util% |
+------------------+------+-------+-----------+-------+
| Bonded IOB       |   43 |     0 |        82 | 52.44 |
| HPIOB_M          |   16 |     0 |        26 | 61.54 |
|   INPUT          |   16 |       |           |       |
|   OUTPUT         |    0 |       |           |       |
|   BIDIR          |    0 |       |           |       |
| HPIOB_S          |   16 |     0 |        26 | 61.54 |
|   INPUT          |   16 |       |           |       |
|   OUTPUT         |    0 |       |           |       |
|   BIDIR          |    0 |       |           |       |
| HDIOB_M          |    6 |     0 |        12 | 50.00 |
|   INPUT          |    2 |       |           |       |
|   OUTPUT         |    4 |       |           |       |
|   BIDIR          |    0 |       |           |       |
| HDIOB_S          |    5 |     0 |        12 | 41.67 |
|   INPUT          |    0 |       |           |       |
|   OUTPUT         |    5 |       |           |       |
|   BIDIR          |    0 |       |           |       |
| HPIOB_SNGL       |    0 |     0 |         6 |  0.00 |
| HPIOBDIFFINBUF   |    0 |     0 |        72 |  0.00 |
| HPIOBDIFFOUTBUF  |    0 |     0 |        72 |  0.00 |
| HDIOBDIFFINBUF   |    0 |     0 |        48 |  0.00 |
| BITSLICE_CONTROL |    0 |     0 |        24 |  0.00 |
| BITSLICE_RX_TX   |    0 |     0 |       156 |  0.00 |
| BITSLICE_TX      |    0 |     0 |        24 |  0.00 |
| RIU_OR           |    0 |     0 |        12 |  0.00 |
+------------------+------+-------+-----------+-------+


6. CLOCK
--------

+----------------------+------+-------+-----------+-------+
|       Site Type      | Used | Fixed | Available | Util% |
+----------------------+------+-------+-----------+-------+
| GLOBAL CLOCK BUFFERs |    1 |     0 |       196 |  0.51 |
|   BUFGCE             |    1 |     0 |        88 |  1.14 |
|   BUFGCE_DIV         |    0 |     0 |        12 |  0.00 |
|   BUFG_PS            |    0 |     0 |        72 |  0.00 |
|   BUFGCTRL*          |    0 |     0 |        24 |  0.00 |
| PLL                  |    0 |     0 |         6 |  0.00 |
| MMCM                 |    0 |     0 |         3 |  0.00 |
+----------------------+------+-------+-----------+-------+
* Note: Each used BUFGCTRL counts as two GLOBAL CLOCK BUFFERs. This table does not include global clocking resources, only buffer cell usage. See the Clock Utilization Report (report_clock_utilization) for detailed accounting of global clocking resource availability.


7. ADVANCED
-----------

+-----------+------+-------+-----------+-------+
| Site Type | Used | Fixed | Available | Util% |
+-----------+------+-------+-----------+-------+
| PS8       |    0 |     0 |         1 |  0.00 |
| SYSMONE4  |    0 |     0 |         1 |  0.00 |
+-----------+------+-------+-----------+-------+


8. CONFIGURATION
----------------

+-------------+------+-------+-----------+-------+
|  Site Type  | Used | Fixed | Available | Util% |
+-------------+------+-------+-----------+-------+
| BSCANE2     |    0 |     0 |         4 |  0.00 |
| DNA_PORTE2  |    0 |     0 |         1 |  0.00 |
| EFUSE_USR   |    0 |     0 |         1 |  0.00 |
| FRAME_ECCE4 |    0 |     0 |         1 |  0.00 |
| ICAPE3      |    0 |     0 |         2 |  0.00 |
| MASTER_JTAG |    0 |     0 |         1 |  0.00 |
| STARTUPE3   |    0 |     0 |         1 |  0.00 |
+-------------+------+-------+-----------+-------+


9. Primitives
-------------

+----------+------+---------------------+
| Ref Name | Used | Functional Category |
+----------+------+---------------------+
| LUT3     |  512 |                 CLB |
| FDRE     |   48 |            Register |
| INBUF    |   34 |                 I/O |
| IBUFCTRL |   34 |              Others |
| LUT1     |   16 |                 CLB |
| OBUF     |    9 |                 I/O |
| FDCE     |    3 |            Register |
| LUT5     |    1 |                 CLB |
| LUT2     |    1 |                 CLB |
| FDPE     |    1 |            Register |
| BUFGCE   |    1 |               Clock |
+----------+------+---------------------+


10. Black Boxes
---------------

+----------+------+
| Ref Name | Used |
+----------+------+


11. Instantiated Netlists
-------------------------

+----------+------+
| Ref Name | Used |
+----------+------+


