Copyright 1986-2020 Xilinx, Inc. All Rights Reserved.
-------------------------------------------------------------------------------------------------------------------------------------------------------------------------------------------------------------
| Tool Version      : Vivado v.2020.2 (lin64) Build 3064766 Wed Nov 18 09:12:47 MST 2020
| Date              : Mon Sep 23 10:25:25 2024
| Host              : puftester-Latitude-E7240 running 64-bit Ubuntu 18.04.6 LTS
| Command           : report_timing_summary -max_paths 10 -file topArbPUF_m_timing_summary_routed.rpt -pb topArbPUF_m_timing_summary_routed.pb -rpx topArbPUF_m_timing_summary_routed.rpx -warn_on_violation
| Design            : topArbPUF_m
| Device            : xczu3eg-sbva484
| Speed File        : -1  PRODUCTION 1.29 08-03-2020
| Temperature Grade : E
-------------------------------------------------------------------------------------------------------------------------------------------------------------------------------------------------------------

Timing Summary Report

------------------------------------------------------------------------------------------------
| Timer Settings
| --------------
------------------------------------------------------------------------------------------------

  Enable Multi Corner Analysis               :  Yes
  Enable Pessimism Removal                   :  Yes
  Pessimism Removal Resolution               :  Nearest Common Node
  Enable Input Delay Default Clock           :  No
  Enable Preset / Clear Arcs                 :  No
  Disable Flight Delays                      :  No
  Ignore I/O Paths                           :  No
  Timing Early Launch at Borrowing Latches   :  No
  Borrow Time for Max Delay Exceptions       :  Yes
  Merge Timing Exceptions                    :  Yes

  Corner  Analyze    Analyze    
  Name    Max Paths  Min Paths  
  ------  ---------  ---------  
  Slow    Yes        Yes        
  Fast    Yes        Yes        



check_timing report

Table of Contents
-----------------
1. checking no_clock (308)
2. checking constant_clock (0)
3. checking pulse_width_clock (0)
4. checking unconstrained_internal_endpoints (100)
5. checking no_input_delay (33)
6. checking no_output_delay (9)
7. checking multiple_clock (0)
8. checking generated_clocks (0)
9. checking loops (0)
10. checking partial_input_delay (0)
11. checking partial_output_delay (0)
12. checking latch_loops (0)

1. checking no_clock (308)
--------------------------
 There are 44 register/latch pins with no clock driven by root clock pin: clk (HIGH)

 There are 8 register/latch pins with no clock driven by root clock pin: FSM_onehot_state_reg[2]/Q (HIGH)

 There are 8 register/latch pins with no clock driven by root clock pin: apuf_challenge_reg_reg[0]/Q (HIGH)

 There are 8 register/latch pins with no clock driven by root clock pin: apuf_challenge_reg_reg[10]/Q (HIGH)

 There are 8 register/latch pins with no clock driven by root clock pin: apuf_challenge_reg_reg[11]/Q (HIGH)

 There are 8 register/latch pins with no clock driven by root clock pin: apuf_challenge_reg_reg[12]/Q (HIGH)

 There are 8 register/latch pins with no clock driven by root clock pin: apuf_challenge_reg_reg[13]/Q (HIGH)

 There are 8 register/latch pins with no clock driven by root clock pin: apuf_challenge_reg_reg[14]/Q (HIGH)

 There are 8 register/latch pins with no clock driven by root clock pin: apuf_challenge_reg_reg[15]/Q (HIGH)

 There are 8 register/latch pins with no clock driven by root clock pin: apuf_challenge_reg_reg[16]/Q (HIGH)

 There are 8 register/latch pins with no clock driven by root clock pin: apuf_challenge_reg_reg[17]/Q (HIGH)

 There are 8 register/latch pins with no clock driven by root clock pin: apuf_challenge_reg_reg[18]/Q (HIGH)

 There are 8 register/latch pins with no clock driven by root clock pin: apuf_challenge_reg_reg[19]/Q (HIGH)

 There are 8 register/latch pins with no clock driven by root clock pin: apuf_challenge_reg_reg[1]/Q (HIGH)

 There are 8 register/latch pins with no clock driven by root clock pin: apuf_challenge_reg_reg[20]/Q (HIGH)

 There are 8 register/latch pins with no clock driven by root clock pin: apuf_challenge_reg_reg[21]/Q (HIGH)

 There are 8 register/latch pins with no clock driven by root clock pin: apuf_challenge_reg_reg[22]/Q (HIGH)

 There are 8 register/latch pins with no clock driven by root clock pin: apuf_challenge_reg_reg[23]/Q (HIGH)

 There are 8 register/latch pins with no clock driven by root clock pin: apuf_challenge_reg_reg[24]/Q (HIGH)

 There are 8 register/latch pins with no clock driven by root clock pin: apuf_challenge_reg_reg[25]/Q (HIGH)

 There are 8 register/latch pins with no clock driven by root clock pin: apuf_challenge_reg_reg[26]/Q (HIGH)

 There are 8 register/latch pins with no clock driven by root clock pin: apuf_challenge_reg_reg[27]/Q (HIGH)

 There are 8 register/latch pins with no clock driven by root clock pin: apuf_challenge_reg_reg[28]/Q (HIGH)

 There are 8 register/latch pins with no clock driven by root clock pin: apuf_challenge_reg_reg[29]/Q (HIGH)

 There are 8 register/latch pins with no clock driven by root clock pin: apuf_challenge_reg_reg[2]/Q (HIGH)

 There are 8 register/latch pins with no clock driven by root clock pin: apuf_challenge_reg_reg[30]/Q (HIGH)

 There are 8 register/latch pins with no clock driven by root clock pin: apuf_challenge_reg_reg[31]/Q (HIGH)

 There are 8 register/latch pins with no clock driven by root clock pin: apuf_challenge_reg_reg[3]/Q (HIGH)

 There are 8 register/latch pins with no clock driven by root clock pin: apuf_challenge_reg_reg[4]/Q (HIGH)

 There are 8 register/latch pins with no clock driven by root clock pin: apuf_challenge_reg_reg[5]/Q (HIGH)

 There are 8 register/latch pins with no clock driven by root clock pin: apuf_challenge_reg_reg[6]/Q (HIGH)

 There are 8 register/latch pins with no clock driven by root clock pin: apuf_challenge_reg_reg[7]/Q (HIGH)

 There are 8 register/latch pins with no clock driven by root clock pin: apuf_challenge_reg_reg[8]/Q (HIGH)

 There are 8 register/latch pins with no clock driven by root clock pin: apuf_challenge_reg_reg[9]/Q (HIGH)


2. checking constant_clock (0)
------------------------------
 There are 0 register/latch pins with constant_clock.


3. checking pulse_width_clock (0)
---------------------------------
 There are 0 register/latch pins which need pulse_width check


4. checking unconstrained_internal_endpoints (100)
--------------------------------------------------
 There are 100 pins that are not constrained for maximum delay. (HIGH)

 There are 0 pins that are not constrained for maximum delay due to constant clock.


5. checking no_input_delay (33)
-------------------------------
 There are 33 input ports with no input delay specified. (HIGH)

 There are 0 input ports with no input delay but user has a false path constraint.


6. checking no_output_delay (9)
-------------------------------
 There are 9 ports with no output delay specified. (HIGH)

 There are 0 ports with no output delay but user has a false path constraint

 There are 0 ports with no output delay but with a timing clock defined on it or propagating through it


7. checking multiple_clock (0)
------------------------------
 There are 0 register/latch pins with multiple clocks.


8. checking generated_clocks (0)
--------------------------------
 There are 0 generated clocks that are not connected to a clock source.


9. checking loops (0)
---------------------
 There are 0 combinational loops in the design.


10. checking partial_input_delay (0)
------------------------------------
 There are 0 input ports with partial input delay specified.


11. checking partial_output_delay (0)
-------------------------------------
 There are 0 ports with partial output delay specified.


12. checking latch_loops (0)
----------------------------
 There are 0 combinational latch loops in the design through latch input



------------------------------------------------------------------------------------------------
| Design Timing Summary
| ---------------------
------------------------------------------------------------------------------------------------

    WNS(ns)      TNS(ns)  TNS Failing Endpoints  TNS Total Endpoints      WHS(ns)      THS(ns)  THS Failing Endpoints  THS Total Endpoints     WPWS(ns)     TPWS(ns)  TPWS Failing Endpoints  TPWS Total Endpoints  
    -------      -------  ---------------------  -------------------      -------      -------  ---------------------  -------------------     --------     --------  ----------------------  --------------------  
         NA           NA                     NA                   NA           NA           NA                     NA                   NA           NA           NA                      NA                    NA  


There are no user specified timing constraints.


------------------------------------------------------------------------------------------------
| Clock Summary
| -------------
------------------------------------------------------------------------------------------------


------------------------------------------------------------------------------------------------
| Intra Clock Table
| -----------------
------------------------------------------------------------------------------------------------

Clock             WNS(ns)      TNS(ns)  TNS Failing Endpoints  TNS Total Endpoints      WHS(ns)      THS(ns)  THS Failing Endpoints  THS Total Endpoints     WPWS(ns)     TPWS(ns)  TPWS Failing Endpoints  TPWS Total Endpoints  
-----             -------      -------  ---------------------  -------------------      -------      -------  ---------------------  -------------------     --------     --------  ----------------------  --------------------  


------------------------------------------------------------------------------------------------
| Inter Clock Table
| -----------------
------------------------------------------------------------------------------------------------

From Clock    To Clock          WNS(ns)      TNS(ns)  TNS Failing Endpoints  TNS Total Endpoints      WHS(ns)      THS(ns)  THS Failing Endpoints  THS Total Endpoints  
----------    --------          -------      -------  ---------------------  -------------------      -------      -------  ---------------------  -------------------  


------------------------------------------------------------------------------------------------
| Other Path Groups Table
| -----------------------
------------------------------------------------------------------------------------------------

Path Group    From Clock    To Clock          WNS(ns)      TNS(ns)  TNS Failing Endpoints  TNS Total Endpoints      WHS(ns)      THS(ns)  THS Failing Endpoints  THS Total Endpoints  
----------    ----------    --------          -------      -------  ---------------------  -------------------      -------      -------  ---------------------  -------------------  


------------------------------------------------------------------------------------------------
| Timing Details
| --------------
------------------------------------------------------------------------------------------------


