INFO: [VRFC 10-2263] Analyzing Verilog file "/home/puftester/PhD/repo/Hw-designs/PUFs/tima_ro_puf_2/tima_ro_puf_2.sim/sim_1/synth/timing/xsim/tb_tima_ro_puf_time_synth.v" into library xil_defaultlib
INFO: [VRFC 10-311] analyzing module IBUF_UNIQ_BASE_
INFO: [VRFC 10-311] analyzing module IBUF_HD1
INFO: [VRFC 10-311] analyzing module IBUF_HD2
INFO: [VRFC 10-311] analyzing module IBUF_HD3
INFO: [VRFC 10-311] analyzing module IBUF_HD4
INFO: [VRFC 10-311] analyzing module RO_selection
INFO: [VRFC 10-311] analyzing module RO_selection__1
INFO: [VRFC 10-311] analyzing module ROs
INFO: [VRFC 10-311] analyzing module ROs__1
INFO: [VRFC 10-311] analyzing module ROs__10
INFO: [VRFC 10-311] analyzing module ROs__100
INFO: [VRFC 10-311] analyzing module ROs__101
INFO: [VRFC 10-311] analyzing module ROs__102
INFO: [VRFC 10-311] analyzing module ROs__103
INFO: [VRFC 10-311] analyzing module ROs__104
INFO: [VRFC 10-311] analyzing module ROs__105
INFO: [VRFC 10-311] analyzing module ROs__106
INFO: [VRFC 10-311] analyzing module ROs__107
INFO: [VRFC 10-311] analyzing module ROs__108
INFO: [VRFC 10-311] analyzing module ROs__109
INFO: [VRFC 10-311] analyzing module ROs__11
INFO: [VRFC 10-311] analyzing module ROs__110
INFO: [VRFC 10-311] analyzing module ROs__111
INFO: [VRFC 10-311] analyzing module ROs__112
INFO: [VRFC 10-311] analyzing module ROs__113
INFO: [VRFC 10-311] analyzing module ROs__114
INFO: [VRFC 10-311] analyzing module ROs__115
INFO: [VRFC 10-311] analyzing module ROs__116
INFO: [VRFC 10-311] analyzing module ROs__117
INFO: [VRFC 10-311] analyzing module ROs__118
INFO: [VRFC 10-311] analyzing module ROs__119
INFO: [VRFC 10-311] analyzing module ROs__12
INFO: [VRFC 10-311] analyzing module ROs__120
INFO: [VRFC 10-311] analyzing module ROs__121
INFO: [VRFC 10-311] analyzing module ROs__122
INFO: [VRFC 10-311] analyzing module ROs__123
INFO: [VRFC 10-311] analyzing module ROs__124
INFO: [VRFC 10-311] analyzing module ROs__125
INFO: [VRFC 10-311] analyzing module ROs__126
INFO: [VRFC 10-311] analyzing module ROs__127
INFO: [VRFC 10-311] analyzing module ROs__128
INFO: [VRFC 10-311] analyzing module ROs__129
INFO: [VRFC 10-311] analyzing module ROs__13
INFO: [VRFC 10-311] analyzing module ROs__130
INFO: [VRFC 10-311] analyzing module ROs__131
INFO: [VRFC 10-311] analyzing module ROs__132
INFO: [VRFC 10-311] analyzing module ROs__133
INFO: [VRFC 10-311] analyzing module ROs__134
INFO: [VRFC 10-311] analyzing module ROs__135
INFO: [VRFC 10-311] analyzing module ROs__136
INFO: [VRFC 10-311] analyzing module ROs__137
INFO: [VRFC 10-311] analyzing module ROs__138
INFO: [VRFC 10-311] analyzing module ROs__139
INFO: [VRFC 10-311] analyzing module ROs__14
INFO: [VRFC 10-311] analyzing module ROs__140
INFO: [VRFC 10-311] analyzing module ROs__141
INFO: [VRFC 10-311] analyzing module ROs__142
INFO: [VRFC 10-311] analyzing module ROs__143
INFO: [VRFC 10-311] analyzing module ROs__144
INFO: [VRFC 10-311] analyzing module ROs__145
INFO: [VRFC 10-311] analyzing module ROs__146
INFO: [VRFC 10-311] analyzing module ROs__147
INFO: [VRFC 10-311] analyzing module ROs__148
INFO: [VRFC 10-311] analyzing module ROs__149
INFO: [VRFC 10-311] analyzing module ROs__15
INFO: [VRFC 10-311] analyzing module ROs__150
INFO: [VRFC 10-311] analyzing module ROs__151
INFO: [VRFC 10-311] analyzing module ROs__152
INFO: [VRFC 10-311] analyzing module ROs__153
INFO: [VRFC 10-311] analyzing module ROs__154
INFO: [VRFC 10-311] analyzing module ROs__155
INFO: [VRFC 10-311] analyzing module ROs__156
INFO: [VRFC 10-311] analyzing module ROs__157
INFO: [VRFC 10-311] analyzing module ROs__158
INFO: [VRFC 10-311] analyzing module ROs__159
INFO: [VRFC 10-311] analyzing module ROs__16
INFO: [VRFC 10-311] analyzing module ROs__160
INFO: [VRFC 10-311] analyzing module ROs__161
INFO: [VRFC 10-311] analyzing module ROs__162
INFO: [VRFC 10-311] analyzing module ROs__163
INFO: [VRFC 10-311] analyzing module ROs__164
INFO: [VRFC 10-311] analyzing module ROs__165
INFO: [VRFC 10-311] analyzing module ROs__166
INFO: [VRFC 10-311] analyzing module ROs__167
INFO: [VRFC 10-311] analyzing module ROs__168
INFO: [VRFC 10-311] analyzing module ROs__169
INFO: [VRFC 10-311] analyzing module ROs__17
INFO: [VRFC 10-311] analyzing module ROs__170
INFO: [VRFC 10-311] analyzing module ROs__171
INFO: [VRFC 10-311] analyzing module ROs__172
INFO: [VRFC 10-311] analyzing module ROs__173
INFO: [VRFC 10-311] analyzing module ROs__174
INFO: [VRFC 10-311] analyzing module ROs__175
INFO: [VRFC 10-311] analyzing module ROs__176
INFO: [VRFC 10-311] analyzing module ROs__177
INFO: [VRFC 10-311] analyzing module ROs__178
INFO: [VRFC 10-311] analyzing module ROs__179
INFO: [VRFC 10-311] analyzing module ROs__18
INFO: [VRFC 10-311] analyzing module ROs__180
INFO: [VRFC 10-311] analyzing module ROs__181
INFO: [VRFC 10-311] analyzing module ROs__182
INFO: [VRFC 10-311] analyzing module ROs__183
INFO: [VRFC 10-311] analyzing module ROs__184
INFO: [VRFC 10-311] analyzing module ROs__185
INFO: [VRFC 10-311] analyzing module ROs__186
INFO: [VRFC 10-311] analyzing module ROs__187
INFO: [VRFC 10-311] analyzing module ROs__188
INFO: [VRFC 10-311] analyzing module ROs__189
INFO: [VRFC 10-311] analyzing module ROs__19
INFO: [VRFC 10-311] analyzing module ROs__190
INFO: [VRFC 10-311] analyzing module ROs__191
INFO: [VRFC 10-311] analyzing module ROs__192
INFO: [VRFC 10-311] analyzing module ROs__193
INFO: [VRFC 10-311] analyzing module ROs__194
INFO: [VRFC 10-311] analyzing module ROs__195
INFO: [VRFC 10-311] analyzing module ROs__196
INFO: [VRFC 10-311] analyzing module ROs__197
INFO: [VRFC 10-311] analyzing module ROs__198
INFO: [VRFC 10-311] analyzing module ROs__199
INFO: [VRFC 10-311] analyzing module ROs__2
INFO: [VRFC 10-311] analyzing module ROs__20
INFO: [VRFC 10-311] analyzing module ROs__200
INFO: [VRFC 10-311] analyzing module ROs__201
INFO: [VRFC 10-311] analyzing module ROs__202
INFO: [VRFC 10-311] analyzing module ROs__203
INFO: [VRFC 10-311] analyzing module ROs__204
INFO: [VRFC 10-311] analyzing module ROs__205
INFO: [VRFC 10-311] analyzing module ROs__206
INFO: [VRFC 10-311] analyzing module ROs__207
INFO: [VRFC 10-311] analyzing module ROs__208
INFO: [VRFC 10-311] analyzing module ROs__209
INFO: [VRFC 10-311] analyzing module ROs__21
INFO: [VRFC 10-311] analyzing module ROs__210
INFO: [VRFC 10-311] analyzing module ROs__211
INFO: [VRFC 10-311] analyzing module ROs__212
INFO: [VRFC 10-311] analyzing module ROs__213
INFO: [VRFC 10-311] analyzing module ROs__214
INFO: [VRFC 10-311] analyzing module ROs__215
INFO: [VRFC 10-311] analyzing module ROs__216
INFO: [VRFC 10-311] analyzing module ROs__217
INFO: [VRFC 10-311] analyzing module ROs__218
INFO: [VRFC 10-311] analyzing module ROs__219
INFO: [VRFC 10-311] analyzing module ROs__22
INFO: [VRFC 10-311] analyzing module ROs__220
INFO: [VRFC 10-311] analyzing module ROs__221
INFO: [VRFC 10-311] analyzing module ROs__222
INFO: [VRFC 10-311] analyzing module ROs__223
INFO: [VRFC 10-311] analyzing module ROs__224
INFO: [VRFC 10-311] analyzing module ROs__225
INFO: [VRFC 10-311] analyzing module ROs__226
INFO: [VRFC 10-311] analyzing module ROs__227
INFO: [VRFC 10-311] analyzing module ROs__228
INFO: [VRFC 10-311] analyzing module ROs__229
INFO: [VRFC 10-311] analyzing module ROs__23
INFO: [VRFC 10-311] analyzing module ROs__230
INFO: [VRFC 10-311] analyzing module ROs__231
INFO: [VRFC 10-311] analyzing module ROs__232
INFO: [VRFC 10-311] analyzing module ROs__233
INFO: [VRFC 10-311] analyzing module ROs__234
INFO: [VRFC 10-311] analyzing module ROs__235
INFO: [VRFC 10-311] analyzing module ROs__236
INFO: [VRFC 10-311] analyzing module ROs__237
INFO: [VRFC 10-311] analyzing module ROs__238
INFO: [VRFC 10-311] analyzing module ROs__239
INFO: [VRFC 10-311] analyzing module ROs__24
INFO: [VRFC 10-311] analyzing module ROs__240
INFO: [VRFC 10-311] analyzing module ROs__241
INFO: [VRFC 10-311] analyzing module ROs__242
INFO: [VRFC 10-311] analyzing module ROs__243
INFO: [VRFC 10-311] analyzing module ROs__244
INFO: [VRFC 10-311] analyzing module ROs__245
INFO: [VRFC 10-311] analyzing module ROs__246
INFO: [VRFC 10-311] analyzing module ROs__247
INFO: [VRFC 10-311] analyzing module ROs__248
INFO: [VRFC 10-311] analyzing module ROs__249
INFO: [VRFC 10-311] analyzing module ROs__25
INFO: [VRFC 10-311] analyzing module ROs__250
INFO: [VRFC 10-311] analyzing module ROs__251
INFO: [VRFC 10-311] analyzing module ROs__252
INFO: [VRFC 10-311] analyzing module ROs__253
INFO: [VRFC 10-311] analyzing module ROs__254
INFO: [VRFC 10-311] analyzing module ROs__255
INFO: [VRFC 10-311] analyzing module ROs__256
INFO: [VRFC 10-311] analyzing module ROs__257
INFO: [VRFC 10-311] analyzing module ROs__258
INFO: [VRFC 10-311] analyzing module ROs__259
INFO: [VRFC 10-311] analyzing module ROs__26
INFO: [VRFC 10-311] analyzing module ROs__260
INFO: [VRFC 10-311] analyzing module ROs__261
INFO: [VRFC 10-311] analyzing module ROs__262
INFO: [VRFC 10-311] analyzing module ROs__263
INFO: [VRFC 10-311] analyzing module ROs__264
INFO: [VRFC 10-311] analyzing module ROs__265
INFO: [VRFC 10-311] analyzing module ROs__266
INFO: [VRFC 10-311] analyzing module ROs__267
INFO: [VRFC 10-311] analyzing module ROs__268
INFO: [VRFC 10-311] analyzing module ROs__269
INFO: [VRFC 10-311] analyzing module ROs__27
INFO: [VRFC 10-311] analyzing module ROs__270
INFO: [VRFC 10-311] analyzing module ROs__271
INFO: [VRFC 10-311] analyzing module ROs__272
INFO: [VRFC 10-311] analyzing module ROs__273
INFO: [VRFC 10-311] analyzing module ROs__274
INFO: [VRFC 10-311] analyzing module ROs__275
INFO: [VRFC 10-311] analyzing module ROs__276
INFO: [VRFC 10-311] analyzing module ROs__277
INFO: [VRFC 10-311] analyzing module ROs__278
INFO: [VRFC 10-311] analyzing module ROs__279
INFO: [VRFC 10-311] analyzing module ROs__28
INFO: [VRFC 10-311] analyzing module ROs__280
INFO: [VRFC 10-311] analyzing module ROs__281
INFO: [VRFC 10-311] analyzing module ROs__282
INFO: [VRFC 10-311] analyzing module ROs__283
INFO: [VRFC 10-311] analyzing module ROs__284
INFO: [VRFC 10-311] analyzing module ROs__285
INFO: [VRFC 10-311] analyzing module ROs__286
INFO: [VRFC 10-311] analyzing module ROs__287
INFO: [VRFC 10-311] analyzing module ROs__288
INFO: [VRFC 10-311] analyzing module ROs__289
INFO: [VRFC 10-311] analyzing module ROs__29
INFO: [VRFC 10-311] analyzing module ROs__290
INFO: [VRFC 10-311] analyzing module ROs__291
INFO: [VRFC 10-311] analyzing module ROs__292
INFO: [VRFC 10-311] analyzing module ROs__293
INFO: [VRFC 10-311] analyzing module ROs__294
INFO: [VRFC 10-311] analyzing module ROs__295
INFO: [VRFC 10-311] analyzing module ROs__296
INFO: [VRFC 10-311] analyzing module ROs__297
INFO: [VRFC 10-311] analyzing module ROs__298
INFO: [VRFC 10-311] analyzing module ROs__299
INFO: [VRFC 10-311] analyzing module ROs__3
INFO: [VRFC 10-311] analyzing module ROs__30
INFO: [VRFC 10-311] analyzing module ROs__300
INFO: [VRFC 10-311] analyzing module ROs__301
INFO: [VRFC 10-311] analyzing module ROs__302
INFO: [VRFC 10-311] analyzing module ROs__303
INFO: [VRFC 10-311] analyzing module ROs__304
INFO: [VRFC 10-311] analyzing module ROs__305
INFO: [VRFC 10-311] analyzing module ROs__306
INFO: [VRFC 10-311] analyzing module ROs__307
INFO: [VRFC 10-311] analyzing module ROs__308
INFO: [VRFC 10-311] analyzing module ROs__309
INFO: [VRFC 10-311] analyzing module ROs__31
INFO: [VRFC 10-311] analyzing module ROs__310
INFO: [VRFC 10-311] analyzing module ROs__311
INFO: [VRFC 10-311] analyzing module ROs__312
INFO: [VRFC 10-311] analyzing module ROs__313
INFO: [VRFC 10-311] analyzing module ROs__314
INFO: [VRFC 10-311] analyzing module ROs__315
INFO: [VRFC 10-311] analyzing module ROs__316
INFO: [VRFC 10-311] analyzing module ROs__317
INFO: [VRFC 10-311] analyzing module ROs__318
INFO: [VRFC 10-311] analyzing module ROs__319
INFO: [VRFC 10-311] analyzing module ROs__32
INFO: [VRFC 10-311] analyzing module ROs__320
INFO: [VRFC 10-311] analyzing module ROs__321
INFO: [VRFC 10-311] analyzing module ROs__322
INFO: [VRFC 10-311] analyzing module ROs__323
INFO: [VRFC 10-311] analyzing module ROs__324
INFO: [VRFC 10-311] analyzing module ROs__325
INFO: [VRFC 10-311] analyzing module ROs__326
INFO: [VRFC 10-311] analyzing module ROs__327
INFO: [VRFC 10-311] analyzing module ROs__328
INFO: [VRFC 10-311] analyzing module ROs__329
INFO: [VRFC 10-311] analyzing module ROs__33
INFO: [VRFC 10-311] analyzing module ROs__330
INFO: [VRFC 10-311] analyzing module ROs__331
INFO: [VRFC 10-311] analyzing module ROs__332
INFO: [VRFC 10-311] analyzing module ROs__333
INFO: [VRFC 10-311] analyzing module ROs__334
INFO: [VRFC 10-311] analyzing module ROs__335
INFO: [VRFC 10-311] analyzing module ROs__336
INFO: [VRFC 10-311] analyzing module ROs__337
INFO: [VRFC 10-311] analyzing module ROs__338
INFO: [VRFC 10-311] analyzing module ROs__339
INFO: [VRFC 10-311] analyzing module ROs__34
INFO: [VRFC 10-311] analyzing module ROs__340
INFO: [VRFC 10-311] analyzing module ROs__341
INFO: [VRFC 10-311] analyzing module ROs__342
INFO: [VRFC 10-311] analyzing module ROs__343
INFO: [VRFC 10-311] analyzing module ROs__344
INFO: [VRFC 10-311] analyzing module ROs__345
INFO: [VRFC 10-311] analyzing module ROs__346
INFO: [VRFC 10-311] analyzing module ROs__347
INFO: [VRFC 10-311] analyzing module ROs__348
INFO: [VRFC 10-311] analyzing module ROs__349
INFO: [VRFC 10-311] analyzing module ROs__35
INFO: [VRFC 10-311] analyzing module ROs__350
INFO: [VRFC 10-311] analyzing module ROs__351
INFO: [VRFC 10-311] analyzing module ROs__352
INFO: [VRFC 10-311] analyzing module ROs__353
INFO: [VRFC 10-311] analyzing module ROs__354
INFO: [VRFC 10-311] analyzing module ROs__355
INFO: [VRFC 10-311] analyzing module ROs__356
INFO: [VRFC 10-311] analyzing module ROs__357
INFO: [VRFC 10-311] analyzing module ROs__358
INFO: [VRFC 10-311] analyzing module ROs__359
INFO: [VRFC 10-311] analyzing module ROs__36
INFO: [VRFC 10-311] analyzing module ROs__360
INFO: [VRFC 10-311] analyzing module ROs__361
INFO: [VRFC 10-311] analyzing module ROs__362
INFO: [VRFC 10-311] analyzing module ROs__363
INFO: [VRFC 10-311] analyzing module ROs__364
INFO: [VRFC 10-311] analyzing module ROs__365
INFO: [VRFC 10-311] analyzing module ROs__366
INFO: [VRFC 10-311] analyzing module ROs__367
INFO: [VRFC 10-311] analyzing module ROs__368
INFO: [VRFC 10-311] analyzing module ROs__369
INFO: [VRFC 10-311] analyzing module ROs__37
INFO: [VRFC 10-311] analyzing module ROs__370
INFO: [VRFC 10-311] analyzing module ROs__371
INFO: [VRFC 10-311] analyzing module ROs__372
INFO: [VRFC 10-311] analyzing module ROs__373
INFO: [VRFC 10-311] analyzing module ROs__374
INFO: [VRFC 10-311] analyzing module ROs__375
INFO: [VRFC 10-311] analyzing module ROs__376
INFO: [VRFC 10-311] analyzing module ROs__377
INFO: [VRFC 10-311] analyzing module ROs__378
INFO: [VRFC 10-311] analyzing module ROs__379
INFO: [VRFC 10-311] analyzing module ROs__38
INFO: [VRFC 10-311] analyzing module ROs__380
INFO: [VRFC 10-311] analyzing module ROs__381
INFO: [VRFC 10-311] analyzing module ROs__382
INFO: [VRFC 10-311] analyzing module ROs__383
INFO: [VRFC 10-311] analyzing module ROs__384
INFO: [VRFC 10-311] analyzing module ROs__385
INFO: [VRFC 10-311] analyzing module ROs__386
INFO: [VRFC 10-311] analyzing module ROs__387
INFO: [VRFC 10-311] analyzing module ROs__388
INFO: [VRFC 10-311] analyzing module ROs__389
INFO: [VRFC 10-311] analyzing module ROs__39
INFO: [VRFC 10-311] analyzing module ROs__390
INFO: [VRFC 10-311] analyzing module ROs__391
INFO: [VRFC 10-311] analyzing module ROs__392
INFO: [VRFC 10-311] analyzing module ROs__393
INFO: [VRFC 10-311] analyzing module ROs__394
INFO: [VRFC 10-311] analyzing module ROs__395
INFO: [VRFC 10-311] analyzing module ROs__396
INFO: [VRFC 10-311] analyzing module ROs__397
INFO: [VRFC 10-311] analyzing module ROs__398
INFO: [VRFC 10-311] analyzing module ROs__399
INFO: [VRFC 10-311] analyzing module ROs__4
INFO: [VRFC 10-311] analyzing module ROs__40
INFO: [VRFC 10-311] analyzing module ROs__400
INFO: [VRFC 10-311] analyzing module ROs__401
INFO: [VRFC 10-311] analyzing module ROs__402
INFO: [VRFC 10-311] analyzing module ROs__403
INFO: [VRFC 10-311] analyzing module ROs__404
INFO: [VRFC 10-311] analyzing module ROs__405
INFO: [VRFC 10-311] analyzing module ROs__406
INFO: [VRFC 10-311] analyzing module ROs__407
INFO: [VRFC 10-311] analyzing module ROs__408
INFO: [VRFC 10-311] analyzing module ROs__409
INFO: [VRFC 10-311] analyzing module ROs__41
INFO: [VRFC 10-311] analyzing module ROs__410
INFO: [VRFC 10-311] analyzing module ROs__411
INFO: [VRFC 10-311] analyzing module ROs__412
INFO: [VRFC 10-311] analyzing module ROs__413
INFO: [VRFC 10-311] analyzing module ROs__414
INFO: [VRFC 10-311] analyzing module ROs__415
INFO: [VRFC 10-311] analyzing module ROs__416
INFO: [VRFC 10-311] analyzing module ROs__417
INFO: [VRFC 10-311] analyzing module ROs__418
INFO: [VRFC 10-311] analyzing module ROs__419
INFO: [VRFC 10-311] analyzing module ROs__42
INFO: [VRFC 10-311] analyzing module ROs__420
INFO: [VRFC 10-311] analyzing module ROs__421
INFO: [VRFC 10-311] analyzing module ROs__422
INFO: [VRFC 10-311] analyzing module ROs__423
INFO: [VRFC 10-311] analyzing module ROs__424
INFO: [VRFC 10-311] analyzing module ROs__425
INFO: [VRFC 10-311] analyzing module ROs__426
INFO: [VRFC 10-311] analyzing module ROs__427
INFO: [VRFC 10-311] analyzing module ROs__428
INFO: [VRFC 10-311] analyzing module ROs__429
INFO: [VRFC 10-311] analyzing module ROs__43
INFO: [VRFC 10-311] analyzing module ROs__430
INFO: [VRFC 10-311] analyzing module ROs__431
INFO: [VRFC 10-311] analyzing module ROs__432
INFO: [VRFC 10-311] analyzing module ROs__433
INFO: [VRFC 10-311] analyzing module ROs__434
INFO: [VRFC 10-311] analyzing module ROs__435
INFO: [VRFC 10-311] analyzing module ROs__436
INFO: [VRFC 10-311] analyzing module ROs__437
INFO: [VRFC 10-311] analyzing module ROs__438
INFO: [VRFC 10-311] analyzing module ROs__439
INFO: [VRFC 10-311] analyzing module ROs__44
INFO: [VRFC 10-311] analyzing module ROs__440
INFO: [VRFC 10-311] analyzing module ROs__441
INFO: [VRFC 10-311] analyzing module ROs__442
INFO: [VRFC 10-311] analyzing module ROs__443
INFO: [VRFC 10-311] analyzing module ROs__444
INFO: [VRFC 10-311] analyzing module ROs__445
INFO: [VRFC 10-311] analyzing module ROs__446
INFO: [VRFC 10-311] analyzing module ROs__447
INFO: [VRFC 10-311] analyzing module ROs__448
INFO: [VRFC 10-311] analyzing module ROs__449
INFO: [VRFC 10-311] analyzing module ROs__45
INFO: [VRFC 10-311] analyzing module ROs__450
INFO: [VRFC 10-311] analyzing module ROs__451
INFO: [VRFC 10-311] analyzing module ROs__452
INFO: [VRFC 10-311] analyzing module ROs__453
INFO: [VRFC 10-311] analyzing module ROs__454
INFO: [VRFC 10-311] analyzing module ROs__455
INFO: [VRFC 10-311] analyzing module ROs__456
INFO: [VRFC 10-311] analyzing module ROs__457
INFO: [VRFC 10-311] analyzing module ROs__458
INFO: [VRFC 10-311] analyzing module ROs__459
INFO: [VRFC 10-311] analyzing module ROs__46
INFO: [VRFC 10-311] analyzing module ROs__460
INFO: [VRFC 10-311] analyzing module ROs__461
INFO: [VRFC 10-311] analyzing module ROs__462
INFO: [VRFC 10-311] analyzing module ROs__463
INFO: [VRFC 10-311] analyzing module ROs__464
INFO: [VRFC 10-311] analyzing module ROs__465
INFO: [VRFC 10-311] analyzing module ROs__466
INFO: [VRFC 10-311] analyzing module ROs__467
INFO: [VRFC 10-311] analyzing module ROs__468
INFO: [VRFC 10-311] analyzing module ROs__469
INFO: [VRFC 10-311] analyzing module ROs__47
INFO: [VRFC 10-311] analyzing module ROs__470
INFO: [VRFC 10-311] analyzing module ROs__471
INFO: [VRFC 10-311] analyzing module ROs__472
INFO: [VRFC 10-311] analyzing module ROs__473
INFO: [VRFC 10-311] analyzing module ROs__474
INFO: [VRFC 10-311] analyzing module ROs__475
INFO: [VRFC 10-311] analyzing module ROs__476
INFO: [VRFC 10-311] analyzing module ROs__477
INFO: [VRFC 10-311] analyzing module ROs__478
INFO: [VRFC 10-311] analyzing module ROs__479
INFO: [VRFC 10-311] analyzing module ROs__48
INFO: [VRFC 10-311] analyzing module ROs__480
INFO: [VRFC 10-311] analyzing module ROs__481
INFO: [VRFC 10-311] analyzing module ROs__482
INFO: [VRFC 10-311] analyzing module ROs__483
INFO: [VRFC 10-311] analyzing module ROs__484
INFO: [VRFC 10-311] analyzing module ROs__485
INFO: [VRFC 10-311] analyzing module ROs__486
INFO: [VRFC 10-311] analyzing module ROs__487
INFO: [VRFC 10-311] analyzing module ROs__488
INFO: [VRFC 10-311] analyzing module ROs__489
INFO: [VRFC 10-311] analyzing module ROs__49
INFO: [VRFC 10-311] analyzing module ROs__490
INFO: [VRFC 10-311] analyzing module ROs__491
INFO: [VRFC 10-311] analyzing module ROs__492
INFO: [VRFC 10-311] analyzing module ROs__493
INFO: [VRFC 10-311] analyzing module ROs__494
INFO: [VRFC 10-311] analyzing module ROs__495
INFO: [VRFC 10-311] analyzing module ROs__496
INFO: [VRFC 10-311] analyzing module ROs__497
INFO: [VRFC 10-311] analyzing module ROs__498
INFO: [VRFC 10-311] analyzing module ROs__499
INFO: [VRFC 10-311] analyzing module ROs__5
INFO: [VRFC 10-311] analyzing module ROs__50
INFO: [VRFC 10-311] analyzing module ROs__500
INFO: [VRFC 10-311] analyzing module ROs__501
INFO: [VRFC 10-311] analyzing module ROs__502
INFO: [VRFC 10-311] analyzing module ROs__503
INFO: [VRFC 10-311] analyzing module ROs__504
INFO: [VRFC 10-311] analyzing module ROs__505
INFO: [VRFC 10-311] analyzing module ROs__506
INFO: [VRFC 10-311] analyzing module ROs__507
INFO: [VRFC 10-311] analyzing module ROs__508
INFO: [VRFC 10-311] analyzing module ROs__509
INFO: [VRFC 10-311] analyzing module ROs__51
INFO: [VRFC 10-311] analyzing module ROs__510
INFO: [VRFC 10-311] analyzing module ROs__511
INFO: [VRFC 10-311] analyzing module ROs__52
INFO: [VRFC 10-311] analyzing module ROs__53
INFO: [VRFC 10-311] analyzing module ROs__54
INFO: [VRFC 10-311] analyzing module ROs__55
INFO: [VRFC 10-311] analyzing module ROs__56
INFO: [VRFC 10-311] analyzing module ROs__57
INFO: [VRFC 10-311] analyzing module ROs__58
INFO: [VRFC 10-311] analyzing module ROs__59
INFO: [VRFC 10-311] analyzing module ROs__6
INFO: [VRFC 10-311] analyzing module ROs__60
INFO: [VRFC 10-311] analyzing module ROs__61
INFO: [VRFC 10-311] analyzing module ROs__62
INFO: [VRFC 10-311] analyzing module ROs__63
INFO: [VRFC 10-311] analyzing module ROs__64
INFO: [VRFC 10-311] analyzing module ROs__65
INFO: [VRFC 10-311] analyzing module ROs__66
INFO: [VRFC 10-311] analyzing module ROs__67
INFO: [VRFC 10-311] analyzing module ROs__68
INFO: [VRFC 10-311] analyzing module ROs__69
INFO: [VRFC 10-311] analyzing module ROs__7
INFO: [VRFC 10-311] analyzing module ROs__70
INFO: [VRFC 10-311] analyzing module ROs__71
INFO: [VRFC 10-311] analyzing module ROs__72
INFO: [VRFC 10-311] analyzing module ROs__73
INFO: [VRFC 10-311] analyzing module ROs__74
INFO: [VRFC 10-311] analyzing module ROs__75
INFO: [VRFC 10-311] analyzing module ROs__76
INFO: [VRFC 10-311] analyzing module ROs__77
INFO: [VRFC 10-311] analyzing module ROs__78
INFO: [VRFC 10-311] analyzing module ROs__79
INFO: [VRFC 10-311] analyzing module ROs__8
INFO: [VRFC 10-311] analyzing module ROs__80
INFO: [VRFC 10-311] analyzing module ROs__81
INFO: [VRFC 10-311] analyzing module ROs__82
INFO: [VRFC 10-311] analyzing module ROs__83
INFO: [VRFC 10-311] analyzing module ROs__84
INFO: [VRFC 10-311] analyzing module ROs__85
INFO: [VRFC 10-311] analyzing module ROs__86
INFO: [VRFC 10-311] analyzing module ROs__87
INFO: [VRFC 10-311] analyzing module ROs__88
INFO: [VRFC 10-311] analyzing module ROs__89
INFO: [VRFC 10-311] analyzing module ROs__9
INFO: [VRFC 10-311] analyzing module ROs__90
INFO: [VRFC 10-311] analyzing module ROs__91
INFO: [VRFC 10-311] analyzing module ROs__92
INFO: [VRFC 10-311] analyzing module ROs__93
INFO: [VRFC 10-311] analyzing module ROs__94
INFO: [VRFC 10-311] analyzing module ROs__95
INFO: [VRFC 10-311] analyzing module ROs__96
INFO: [VRFC 10-311] analyzing module ROs__97
INFO: [VRFC 10-311] analyzing module ROs__98
INFO: [VRFC 10-311] analyzing module ROs__99
INFO: [VRFC 10-311] analyzing module tima_ro_puf
INFO: [VRFC 10-311] analyzing module top_tima_ro_puf
INFO: [VRFC 10-311] analyzing module glbl
INFO: [VRFC 10-163] Analyzing VHDL file "/home/puftester/PhD/repo/Hw-designs/PUFs/tima_ro_puf_2/tima_ro_puf_2.srcs/sources_1/imports/new/RO_selection.vhd" into library xil_defaultlib
INFO: [VRFC 10-3107] analyzing entity 'RO_selection'
INFO: [VRFC 10-163] Analyzing VHDL file "/home/puftester/PhD/repo/Hw-designs/PUFs/tima_ro_puf_2/tima_ro_puf_2.srcs/sources_1/imports/new/ROs.vhd" into library xil_defaultlib
INFO: [VRFC 10-3107] analyzing entity 'ROs'
INFO: [VRFC 10-163] Analyzing VHDL file "/home/puftester/PhD/repo/Hw-designs/PUFs/tima_ro_puf_2/tima_ro_puf_2.srcs/sources_1/imports/new/ro_puf_7inverters_new.vhd" into library xil_defaultlib
INFO: [VRFC 10-3107] analyzing entity 'tima_ro_puf'
INFO: [VRFC 10-163] Analyzing VHDL file "/home/puftester/PhD/repo/Hw-designs/PUFs/tima_ro_puf_2/tima_ro_puf_2.srcs/sim_1/new/tima_ro_puf2_tb.vhd" into library xil_defaultlib
INFO: [VRFC 10-3107] analyzing entity 'tb_tima_ro_puf'
