Copyright 1986-2020 Xilinx, Inc. All Rights Reserved.
------------------------------------------------------------------------------------
| Tool Version : Vivado v.2020.2 (lin64) Build 3064766 Wed Nov 18 09:12:47 MST 2020
| Date         : Thu Sep 19 11:07:15 2024
| Host         : puftester-Latitude-E7240 running 64-bit Ubuntu 18.04.6 LTS
| Command      : upgrade_ip
| Device       : xczu3eg-sbva484-1-i
------------------------------------------------------------------------------------

Upgrade Log for IP 'tima_ro_puf_Tima_Ro_Puf_AXI4L_0_0'

1. Summary
----------

SUCCESS in the upgrade of tima_ro_puf_Tima_Ro_Puf_AXI4L_0_0 (user.org:user:Tima_Ro_Puf_AXI4L:1.0) from (Rev. 10) to (Rev. 11)






Copyright 1986-2020 Xilinx, Inc. All Rights Reserved.
------------------------------------------------------------------------------------
| Tool Version : Vivado v.2020.2 (lin64) Build 3064766 Wed Nov 18 09:12:47 MST 2020
| Date         : Wed Sep 18 16:59:01 2024
| Host         : puftester-Latitude-E7240 running 64-bit Ubuntu 18.04.6 LTS
| Command      : upgrade_ip
| Device       : xczu3eg-sbva484-1-i
------------------------------------------------------------------------------------

Upgrade Log for IP 'u96v2_tima_ropuf_Tima_Ro_Puf_AXI4L_0_0'

1. Summary
----------

SUCCESS in the upgrade of u96v2_tima_ropuf_Tima_Ro_Puf_AXI4L_0_0 (user.org:user:Tima_Ro_Puf_AXI4L:1.0) from (Rev. 9) to (Rev. 10)






Copyright 1986-2020 Xilinx, Inc. All Rights Reserved.
------------------------------------------------------------------------------------
| Tool Version : Vivado v.2020.2 (lin64) Build 3064766 Wed Nov 18 09:12:47 MST 2020
| Date         : Wed Sep 18 16:48:49 2024
| Host         : puftester-Latitude-E7240 running 64-bit Ubuntu 18.04.6 LTS
| Command      : upgrade_ip
| Device       : xczu3eg-sbva484-1-i
------------------------------------------------------------------------------------

Upgrade Log for IP 'u96v2_tima_ropuf_Tima_Ro_Puf_AXI4L_0_0'

1. Summary
----------

SUCCESS in the conversion of u96v2_tima_ropuf_Tima_Ro_Puf_AXI4L_0_0 (user.org:user:Tima_Ro_Puf_AXI4L:1.0 (Rev. 9)) to Vivado generation flows.






Copyright 1986-2020 Xilinx, Inc. All Rights Reserved.
------------------------------------------------------------------------------------
| Tool Version : Vivado v.2020.2 (lin64) Build 3064766 Wed Nov 18 09:12:47 MST 2020
| Date         : Wed Sep 18 16:43:53 2024
| Host         : puftester-Latitude-E7240 running 64-bit Ubuntu 18.04.6 LTS
| Command      : upgrade_ip
| Device       : xczu3eg-sbva484-1-i
------------------------------------------------------------------------------------

Upgrade Log for IP 'u96v2_tima_ropuf_Tima_Ro_Puf_AXI4L_0_0'

1. Summary
----------

SUCCESS in the upgrade of u96v2_tima_ropuf_Tima_Ro_Puf_AXI4L_0_0 (user.org:user:Tima_Ro_Puf_AXI4L:1.0) from (Rev. 8) to (Rev. 9)






Copyright 1986-2020 Xilinx, Inc. All Rights Reserved.
------------------------------------------------------------------------------------
| Tool Version : Vivado v.2020.2 (lin64) Build 3064766 Wed Nov 18 09:12:47 MST 2020
| Date         : Wed Sep 18 16:38:44 2024
| Host         : puftester-Latitude-E7240 running 64-bit Ubuntu 18.04.6 LTS
| Command      : upgrade_ip
| Device       : xczu3eg-sbva484-1-i
------------------------------------------------------------------------------------

Upgrade Log for IP 'u96v2_tima_ropuf_Tima_Ro_Puf_AXI4L_0_0'

1. Summary
----------

SUCCESS in the upgrade of u96v2_tima_ropuf_Tima_Ro_Puf_AXI4L_0_0 (user.org:user:Tima_Ro_Puf_AXI4L:1.0) from (Rev. 7) to (Rev. 8)






Copyright 1986-2020 Xilinx, Inc. All Rights Reserved.
------------------------------------------------------------------------------------
| Tool Version : Vivado v.2020.2 (lin64) Build 3064766 Wed Nov 18 09:12:47 MST 2020
| Date         : Wed Sep 18 16:21:55 2024
| Host         : puftester-Latitude-E7240 running 64-bit Ubuntu 18.04.6 LTS
| Command      : upgrade_ip
| Device       : xczu3eg-sbva484-1-i
------------------------------------------------------------------------------------

Upgrade Log for IP 'u96v2_tima_ropuf_Tima_Ro_Puf_AXI4L_0_0'

1. Summary
----------

SUCCESS in the upgrade of u96v2_tima_ropuf_Tima_Ro_Puf_AXI4L_0_0 (user.org:user:Tima_Ro_Puf_AXI4L:1.0) from (Rev. 6) to (Rev. 7)






Copyright 1986-2020 Xilinx, Inc. All Rights Reserved.
------------------------------------------------------------------------------------
| Tool Version : Vivado v.2020.2 (lin64) Build 3064766 Wed Nov 18 09:12:47 MST 2020
| Date         : Wed Sep 18 16:00:03 2024
| Host         : puftester-Latitude-E7240 running 64-bit Ubuntu 18.04.6 LTS
| Command      : upgrade_ip
| Device       : xczu3eg-sbva484-1-i
------------------------------------------------------------------------------------

Upgrade Log for IP 'u96v2_tima_ropuf_Tima_Ro_Puf_AXI4L_0_0'

1. Summary
----------

SUCCESS in the upgrade of u96v2_tima_ropuf_Tima_Ro_Puf_AXI4L_0_0 (user.org:user:Tima_Ro_Puf_AXI4L:1.0) from (Rev. 5) to (Rev. 6)






Copyright 1986-2020 Xilinx, Inc. All Rights Reserved.
------------------------------------------------------------------------------------
| Tool Version : Vivado v.2020.2 (lin64) Build 3064766 Wed Nov 18 09:12:47 MST 2020
| Date         : Wed Sep 18 15:42:52 2024
| Host         : puftester-Latitude-E7240 running 64-bit Ubuntu 18.04.6 LTS
| Command      : upgrade_ip
| Device       : xczu3eg-sbva484-1-i
------------------------------------------------------------------------------------

Upgrade Log for IP 'u96v2_tima_ropuf_Tima_Ro_Puf_AXI4L_0_0'

1. Summary
----------

SUCCESS in the upgrade of u96v2_tima_ropuf_Tima_Ro_Puf_AXI4L_0_0 (user.org:user:Tima_Ro_Puf_AXI4L:1.0) from (Rev. 4) to (Rev. 5)






Copyright 1986-2020 Xilinx, Inc. All Rights Reserved.
------------------------------------------------------------------------------------
| Tool Version : Vivado v.2020.2 (lin64) Build 3064766 Wed Nov 18 09:12:47 MST 2020
| Date         : Tue Sep 17 17:14:35 2024
| Host         : puftester-Latitude-E7240 running 64-bit Ubuntu 18.04.6 LTS
| Command      : upgrade_ip
| Device       : xczu3eg-sbva484-1-i
------------------------------------------------------------------------------------

Upgrade Log for IP 'u96v2_sbc_base_Tima_Ro_Puf_AXI4L_0_1'

1. Summary
----------

SUCCESS in the upgrade of u96v2_sbc_base_Tima_Ro_Puf_AXI4L_0_1 (user.org:user:Tima_Ro_Puf_AXI4L:1.0) from (Rev. 2) to (Rev. 4)

