Copyright 1986-2020 Xilinx, Inc. All Rights Reserved.
------------------------------------------------------------------------------------
| Tool Version : Vivado v.2020.2 (lin64) Build 3064766 Wed Nov 18 09:12:47 MST 2020
| Date         : Fri Oct  4 13:53:33 2024
| Host         : puftester-Latitude-E7240 running 64-bit Ubuntu 18.04.6 LTS
| Command      : upgrade_ip
| Device       : xczu3eg-sbva484-1-i
------------------------------------------------------------------------------------

Upgrade Log for IP 'u96_v2_tima_ropuf2_tima_ro_0_0'

1. Summary
----------

SUCCESS in the upgrade of u96_v2_tima_ropuf2_tima_ro_0_0 (user.org:user:tima_ro:2.0) from (Rev. 8) to (Rev. 9)






Copyright 1986-2020 Xilinx, Inc. All Rights Reserved.
------------------------------------------------------------------------------------
| Tool Version : Vivado v.2020.2 (lin64) Build 3064766 Wed Nov 18 09:12:47 MST 2020
| Date         : Fri Oct  4 12:25:32 2024
| Host         : puftester-Latitude-E7240 running 64-bit Ubuntu 18.04.6 LTS
| Command      : upgrade_ip
| Device       : xczu3eg-sbva484-1-i
------------------------------------------------------------------------------------

Upgrade Log for IP 'u96_v2_tima_ropuf2_tima_ro_0_0'

1. Summary
----------

SUCCESS in the upgrade of u96_v2_tima_ropuf2_tima_ro_0_0 (user.org:user:tima_ro:2.0) from (Rev. 7) to (Rev. 8)






Copyright 1986-2020 Xilinx, Inc. All Rights Reserved.
------------------------------------------------------------------------------------
| Tool Version : Vivado v.2020.2 (lin64) Build 3064766 Wed Nov 18 09:12:47 MST 2020
| Date         : Fri Oct  4 11:49:33 2024
| Host         : puftester-Latitude-E7240 running 64-bit Ubuntu 18.04.6 LTS
| Command      : upgrade_ip
| Device       : xczu3eg-sbva484-1-i
------------------------------------------------------------------------------------

Upgrade Log for IP 'u96_v2_tima_ropuf2_tima_ro_0_0'

1. Summary
----------

SUCCESS in the upgrade of u96_v2_tima_ropuf2_tima_ro_0_0 (user.org:user:tima_ro:2.0) from (Rev. 6) to (Rev. 7)






Copyright 1986-2020 Xilinx, Inc. All Rights Reserved.
------------------------------------------------------------------------------------
| Tool Version : Vivado v.2020.2 (lin64) Build 3064766 Wed Nov 18 09:12:47 MST 2020
| Date         : Fri Oct  4 10:16:58 2024
| Host         : puftester-Latitude-E7240 running 64-bit Ubuntu 18.04.6 LTS
| Command      : upgrade_ip
| Device       : xczu3eg-sbva484-1-i
------------------------------------------------------------------------------------

Upgrade Log for IP 'u96_v2_tima_ropuf2_tima_ro_0_0'

1. Summary
----------

SUCCESS in the upgrade of u96_v2_tima_ropuf2_tima_ro_0_0 (user.org:user:tima_ro:2.0) from (Rev. 5) to (Rev. 6)






Copyright 1986-2020 Xilinx, Inc. All Rights Reserved.
------------------------------------------------------------------------------------
| Tool Version : Vivado v.2020.2 (lin64) Build 3064766 Wed Nov 18 09:12:47 MST 2020
| Date         : Tue Oct  1 10:00:44 2024
| Host         : puftester-Latitude-E7240 running 64-bit Ubuntu 18.04.6 LTS
| Command      : upgrade_ip
| Device       : xczu3eg-sbva484-1-i
------------------------------------------------------------------------------------

Upgrade Log for IP 'u96_v2_tima_ropuf2_tima_ro_0_0'

1. Summary
----------

SUCCESS in the upgrade of u96_v2_tima_ropuf2_tima_ro_0_0 (user.org:user:tima_ro:2.0) from (Rev. 4) to (Rev. 5)






Copyright 1986-2020 Xilinx, Inc. All Rights Reserved.
------------------------------------------------------------------------------------
| Tool Version : Vivado v.2020.2 (lin64) Build 3064766 Wed Nov 18 09:12:47 MST 2020
| Date         : Tue Oct  1 09:37:33 2024
| Host         : puftester-Latitude-E7240 running 64-bit Ubuntu 18.04.6 LTS
| Command      : upgrade_ip
| Device       : xczu3eg-sbva484-1-i
------------------------------------------------------------------------------------

Upgrade Log for IP 'u96_v2_tima_ropuf2_tima_ro_0_0'

1. Summary
----------

SUCCESS in the upgrade of u96_v2_tima_ropuf2_tima_ro_0_0 (user.org:user:tima_ro:2.0) from (Rev. 3) to (Rev. 4)






Copyright 1986-2020 Xilinx, Inc. All Rights Reserved.
------------------------------------------------------------------------------------
| Tool Version : Vivado v.2020.2 (lin64) Build 3064766 Wed Nov 18 09:12:47 MST 2020
| Date         : Tue Oct  1 09:21:35 2024
| Host         : puftester-Latitude-E7240 running 64-bit Ubuntu 18.04.6 LTS
| Command      : upgrade_ip
| Device       : xczu3eg-sbva484-1-i
------------------------------------------------------------------------------------

Upgrade Log for IP 'u96_v2_tima_ropuf2_tima_ro_0_0'

1. Summary
----------

SUCCESS in the upgrade of u96_v2_tima_ropuf2_tima_ro_0_0 (user.org:user:tima_ro:2.0) from (Rev. 2) to (Rev. 3)

