
*** Running vivado
    with args -log u96v2_myarbpuf_proc_sys_reset_6_0.vds -m64 -product Vivado -mode batch -messageDb vivado.pb -notrace -source u96v2_myarbpuf_proc_sys_reset_6_0.tcl


****** Vivado v2020.2 (64-bit)
  **** SW Build 3064766 on Wed Nov 18 09:12:47 MST 2020
  **** IP Build 3064653 on Wed Nov 18 14:17:31 MST 2020
    ** Copyright 1986-2020 Xilinx, Inc. All Rights Reserved.

source u96v2_myarbpuf_proc_sys_reset_6_0.tcl -notrace
INFO: [IP_Flow 19-234] Refreshing IP repositories
INFO: [IP_Flow 19-1700] Loaded user IP repository '/home/puftester/PhD/repo/hdl/ip/PWM_w_Int'.
INFO: [IP_Flow 19-1700] Loaded user IP repository '/home/puftester/PhD/repo/Hw-designs/IPs'.
INFO: [IP_Flow 19-2313] Loaded Vivado IP repository '/home/puftester/tools/Xilinx/Vivado/2020.2/data/ip'.
update_ip_catalog: Time (s): cpu = 00:00:03 ; elapsed = 00:00:05 . Memory (MB): peak = 2331.012 ; gain = 0.000 ; free physical = 2387 ; free virtual = 15359
Command: synth_design -top u96v2_myarbpuf_proc_sys_reset_6_0 -part xczu3eg-sbva484-1-i -mode out_of_context
Starting synth_design
Attempting to get a license for feature 'Synthesis' and/or device 'xczu3eg'
INFO: [Common 17-349] Got license for feature 'Synthesis' and/or device 'xczu3eg'
INFO: [Device 21-403] Loading part xczu3eg-sbva484-1-i
INFO: [Synth 8-7079] Multithreading enabled for synth_design using a maximum of 4 processes.
INFO: [Synth 8-7078] Launching helper process for spawning children vivado processes
INFO: [Synth 8-7075] Helper process launched with PID 2259
---------------------------------------------------------------------------------
Starting RTL Elaboration : Time (s): cpu = 00:00:07 ; elapsed = 00:00:12 . Memory (MB): peak = 2601.152 ; gain = 30.902 ; free physical = 127 ; free virtual = 11646
---------------------------------------------------------------------------------
INFO: [Synth 8-638] synthesizing module 'u96v2_myarbpuf_proc_sys_reset_6_0' [/home/puftester/PhD/repo/Hw-designs/Platforms/Ultra96v2/u96_v2_myarbpuf/u96_v2_myarbpuf.gen/sources_1/bd/u96v2_myarbpuf/ip/u96v2_myarbpuf_proc_sys_reset_6_0/synth/u96v2_myarbpuf_proc_sys_reset_6_0.vhd:74]
	Parameter C_FAMILY bound to: zynquplus - type: string 
	Parameter C_EXT_RST_WIDTH bound to: 4 - type: integer 
	Parameter C_AUX_RST_WIDTH bound to: 4 - type: integer 
	Parameter C_EXT_RESET_HIGH bound to: 1'b0 
	Parameter C_AUX_RESET_HIGH bound to: 1'b0 
	Parameter C_NUM_BUS_RST bound to: 1 - type: integer 
	Parameter C_NUM_PERP_RST bound to: 1 - type: integer 
	Parameter C_NUM_INTERCONNECT_ARESETN bound to: 1 - type: integer 
	Parameter C_NUM_PERP_ARESETN bound to: 1 - type: integer 
INFO: [Synth 8-3491] module 'proc_sys_reset' declared at '/home/puftester/PhD/repo/Hw-designs/Platforms/Ultra96v2/u96_v2_myarbpuf/u96_v2_myarbpuf.gen/sources_1/bd/u96v2_myarbpuf/ipshared/8842/hdl/proc_sys_reset_v5_0_vh_rfs.vhd:1264' bound to instance 'U0' of component 'proc_sys_reset' [/home/puftester/PhD/repo/Hw-designs/Platforms/Ultra96v2/u96_v2_myarbpuf/u96_v2_myarbpuf.gen/sources_1/bd/u96v2_myarbpuf/ip/u96v2_myarbpuf_proc_sys_reset_6_0/synth/u96v2_myarbpuf_proc_sys_reset_6_0.vhd:129]
INFO: [Synth 8-638] synthesizing module 'proc_sys_reset' [/home/puftester/PhD/repo/Hw-designs/Platforms/Ultra96v2/u96_v2_myarbpuf/u96_v2_myarbpuf.gen/sources_1/bd/u96v2_myarbpuf/ipshared/8842/hdl/proc_sys_reset_v5_0_vh_rfs.vhd:1323]
	Parameter C_FAMILY bound to: zynquplus - type: string 
	Parameter C_EXT_RST_WIDTH bound to: 4 - type: integer 
	Parameter C_AUX_RST_WIDTH bound to: 4 - type: integer 
	Parameter C_EXT_RESET_HIGH bound to: 1'b0 
	Parameter C_AUX_RESET_HIGH bound to: 1'b0 
	Parameter C_NUM_BUS_RST bound to: 1 - type: integer 
	Parameter C_NUM_PERP_RST bound to: 1 - type: integer 
	Parameter C_NUM_INTERCONNECT_ARESETN bound to: 1 - type: integer 
	Parameter C_NUM_PERP_ARESETN bound to: 1 - type: integer 
	Parameter INIT bound to: 1'b1 
	Parameter IS_C_INVERTED bound to: 1'b0 
	Parameter IS_D_INVERTED bound to: 1'b0 
	Parameter IS_R_INVERTED bound to: 1'b0 
INFO: [Synth 8-113] binding component instance 'FDRE_inst' to cell 'FDRE' [/home/puftester/PhD/repo/Hw-designs/Platforms/Ultra96v2/u96_v2_myarbpuf/u96_v2_myarbpuf.gen/sources_1/bd/u96v2_myarbpuf/ipshared/8842/hdl/proc_sys_reset_v5_0_vh_rfs.vhd:1392]
	Parameter INIT bound to: 1'b1 
	Parameter IS_C_INVERTED bound to: 1'b0 
	Parameter IS_D_INVERTED bound to: 1'b0 
	Parameter IS_R_INVERTED bound to: 1'b0 
INFO: [Synth 8-113] binding component instance 'FDRE_BSR' to cell 'FDRE' [/home/puftester/PhD/repo/Hw-designs/Platforms/Ultra96v2/u96_v2_myarbpuf/u96_v2_myarbpuf.gen/sources_1/bd/u96v2_myarbpuf/ipshared/8842/hdl/proc_sys_reset_v5_0_vh_rfs.vhd:1408]
	Parameter INIT bound to: 1'b0 
	Parameter IS_C_INVERTED bound to: 1'b0 
	Parameter IS_D_INVERTED bound to: 1'b0 
	Parameter IS_R_INVERTED bound to: 1'b0 
INFO: [Synth 8-113] binding component instance 'FDRE_BSR_N' to cell 'FDRE' [/home/puftester/PhD/repo/Hw-designs/Platforms/Ultra96v2/u96_v2_myarbpuf/u96_v2_myarbpuf.gen/sources_1/bd/u96v2_myarbpuf/ipshared/8842/hdl/proc_sys_reset_v5_0_vh_rfs.vhd:1434]
	Parameter INIT bound to: 1'b1 
	Parameter IS_C_INVERTED bound to: 1'b0 
	Parameter IS_D_INVERTED bound to: 1'b0 
	Parameter IS_R_INVERTED bound to: 1'b0 
INFO: [Synth 8-113] binding component instance 'FDRE_PER' to cell 'FDRE' [/home/puftester/PhD/repo/Hw-designs/Platforms/Ultra96v2/u96_v2_myarbpuf/u96_v2_myarbpuf.gen/sources_1/bd/u96v2_myarbpuf/ipshared/8842/hdl/proc_sys_reset_v5_0_vh_rfs.vhd:1457]
	Parameter INIT bound to: 1'b0 
	Parameter IS_C_INVERTED bound to: 1'b0 
	Parameter IS_D_INVERTED bound to: 1'b0 
	Parameter IS_R_INVERTED bound to: 1'b0 
INFO: [Synth 8-113] binding component instance 'FDRE_PER_N' to cell 'FDRE' [/home/puftester/PhD/repo/Hw-designs/Platforms/Ultra96v2/u96_v2_myarbpuf/u96_v2_myarbpuf.gen/sources_1/bd/u96v2_myarbpuf/ipshared/8842/hdl/proc_sys_reset_v5_0_vh_rfs.vhd:1481]
INFO: [Synth 8-638] synthesizing module 'lpf' [/home/puftester/PhD/repo/Hw-designs/Platforms/Ultra96v2/u96_v2_myarbpuf/u96_v2_myarbpuf.gen/sources_1/bd/u96v2_myarbpuf/ipshared/8842/hdl/proc_sys_reset_v5_0_vh_rfs.vhd:816]
	Parameter C_EXT_RST_WIDTH bound to: 4 - type: integer 
	Parameter C_AUX_RST_WIDTH bound to: 4 - type: integer 
	Parameter C_EXT_RESET_HIGH bound to: 1'b0 
	Parameter C_AUX_RESET_HIGH bound to: 1'b0 
INFO: [Synth 8-3491] module 'SRL16' declared at '/home/puftester/tools/Xilinx/Vivado/2020.2/scripts/rt/data/unisim_comp.v:78018' bound to instance 'POR_SRL_I' of component 'SRL16' [/home/puftester/PhD/repo/Hw-designs/Platforms/Ultra96v2/u96_v2_myarbpuf/u96_v2_myarbpuf.gen/sources_1/bd/u96v2_myarbpuf/ipshared/8842/hdl/proc_sys_reset_v5_0_vh_rfs.vhd:868]
INFO: [Synth 8-6157] synthesizing module 'SRL16' [/home/puftester/tools/Xilinx/Vivado/2020.2/scripts/rt/data/unisim_comp.v:78018]
	Parameter INIT bound to: 16'b0000000000000000 
INFO: [Synth 8-6155] done synthesizing module 'SRL16' (1#1) [/home/puftester/tools/Xilinx/Vivado/2020.2/scripts/rt/data/unisim_comp.v:78018]
INFO: [Synth 8-638] synthesizing module 'cdc_sync' [/home/puftester/PhD/repo/Hw-designs/Platforms/Ultra96v2/u96_v2_myarbpuf/u96_v2_myarbpuf.gen/sources_1/bd/u96v2_myarbpuf/ipshared/ef1e/hdl/lib_cdc_v1_0_rfs.vhd:106]
	Parameter C_CDC_TYPE bound to: 1 - type: integer 
	Parameter C_RESET_STATE bound to: 0 - type: integer 
	Parameter C_SINGLE_BIT bound to: 1 - type: integer 
	Parameter C_FLOP_INPUT bound to: 0 - type: integer 
	Parameter C_VECTOR_WIDTH bound to: 2 - type: integer 
	Parameter C_MTBF_STAGES bound to: 4 - type: integer 
	Parameter INIT bound to: 1'b0 
INFO: [Synth 8-113] binding component instance 'CROSS_PLEVEL_IN2SCNDRY_IN_cdc_to' to cell 'FDR' [/home/puftester/PhD/repo/Hw-designs/Platforms/Ultra96v2/u96_v2_myarbpuf/u96_v2_myarbpuf.gen/sources_1/bd/u96v2_myarbpuf/ipshared/ef1e/hdl/lib_cdc_v1_0_rfs.vhd:514]
	Parameter INIT bound to: 1'b0 
INFO: [Synth 8-113] binding component instance 'CROSS_PLEVEL_IN2SCNDRY_s_level_out_d2' to cell 'FDR' [/home/puftester/PhD/repo/Hw-designs/Platforms/Ultra96v2/u96_v2_myarbpuf/u96_v2_myarbpuf.gen/sources_1/bd/u96v2_myarbpuf/ipshared/ef1e/hdl/lib_cdc_v1_0_rfs.vhd:545]
	Parameter INIT bound to: 1'b0 
INFO: [Synth 8-113] binding component instance 'CROSS_PLEVEL_IN2SCNDRY_s_level_out_d3' to cell 'FDR' [/home/puftester/PhD/repo/Hw-designs/Platforms/Ultra96v2/u96_v2_myarbpuf/u96_v2_myarbpuf.gen/sources_1/bd/u96v2_myarbpuf/ipshared/ef1e/hdl/lib_cdc_v1_0_rfs.vhd:554]
	Parameter INIT bound to: 1'b0 
INFO: [Synth 8-113] binding component instance 'CROSS_PLEVEL_IN2SCNDRY_s_level_out_d4' to cell 'FDR' [/home/puftester/PhD/repo/Hw-designs/Platforms/Ultra96v2/u96_v2_myarbpuf/u96_v2_myarbpuf.gen/sources_1/bd/u96v2_myarbpuf/ipshared/ef1e/hdl/lib_cdc_v1_0_rfs.vhd:564]
	Parameter INIT bound to: 1'b0 
INFO: [Synth 8-113] binding component instance 'CROSS_PLEVEL_IN2SCNDRY_s_level_out_d5' to cell 'FDR' [/home/puftester/PhD/repo/Hw-designs/Platforms/Ultra96v2/u96_v2_myarbpuf/u96_v2_myarbpuf.gen/sources_1/bd/u96v2_myarbpuf/ipshared/ef1e/hdl/lib_cdc_v1_0_rfs.vhd:574]
	Parameter INIT bound to: 1'b0 
INFO: [Synth 8-113] binding component instance 'CROSS_PLEVEL_IN2SCNDRY_s_level_out_d6' to cell 'FDR' [/home/puftester/PhD/repo/Hw-designs/Platforms/Ultra96v2/u96_v2_myarbpuf/u96_v2_myarbpuf.gen/sources_1/bd/u96v2_myarbpuf/ipshared/ef1e/hdl/lib_cdc_v1_0_rfs.vhd:584]
INFO: [Synth 8-256] done synthesizing module 'cdc_sync' (2#1) [/home/puftester/PhD/repo/Hw-designs/Platforms/Ultra96v2/u96_v2_myarbpuf/u96_v2_myarbpuf.gen/sources_1/bd/u96v2_myarbpuf/ipshared/ef1e/hdl/lib_cdc_v1_0_rfs.vhd:106]
INFO: [Synth 8-256] done synthesizing module 'lpf' (3#1) [/home/puftester/PhD/repo/Hw-designs/Platforms/Ultra96v2/u96_v2_myarbpuf/u96_v2_myarbpuf.gen/sources_1/bd/u96v2_myarbpuf/ipshared/8842/hdl/proc_sys_reset_v5_0_vh_rfs.vhd:816]
INFO: [Synth 8-638] synthesizing module 'sequence_psr' [/home/puftester/PhD/repo/Hw-designs/Platforms/Ultra96v2/u96_v2_myarbpuf/u96_v2_myarbpuf.gen/sources_1/bd/u96v2_myarbpuf/ipshared/8842/hdl/proc_sys_reset_v5_0_vh_rfs.vhd:301]
INFO: [Synth 8-638] synthesizing module 'upcnt_n' [/home/puftester/PhD/repo/Hw-designs/Platforms/Ultra96v2/u96_v2_myarbpuf/u96_v2_myarbpuf.gen/sources_1/bd/u96v2_myarbpuf/ipshared/8842/hdl/proc_sys_reset_v5_0_vh_rfs.vhd:125]
	Parameter C_SIZE bound to: 6 - type: integer 
INFO: [Synth 8-256] done synthesizing module 'upcnt_n' (4#1) [/home/puftester/PhD/repo/Hw-designs/Platforms/Ultra96v2/u96_v2_myarbpuf/u96_v2_myarbpuf.gen/sources_1/bd/u96v2_myarbpuf/ipshared/8842/hdl/proc_sys_reset_v5_0_vh_rfs.vhd:125]
INFO: [Synth 8-256] done synthesizing module 'sequence_psr' (5#1) [/home/puftester/PhD/repo/Hw-designs/Platforms/Ultra96v2/u96_v2_myarbpuf/u96_v2_myarbpuf.gen/sources_1/bd/u96v2_myarbpuf/ipshared/8842/hdl/proc_sys_reset_v5_0_vh_rfs.vhd:301]
INFO: [Synth 8-256] done synthesizing module 'proc_sys_reset' (6#1) [/home/puftester/PhD/repo/Hw-designs/Platforms/Ultra96v2/u96_v2_myarbpuf/u96_v2_myarbpuf.gen/sources_1/bd/u96v2_myarbpuf/ipshared/8842/hdl/proc_sys_reset_v5_0_vh_rfs.vhd:1323]
INFO: [Synth 8-256] done synthesizing module 'u96v2_myarbpuf_proc_sys_reset_6_0' (7#1) [/home/puftester/PhD/repo/Hw-designs/Platforms/Ultra96v2/u96_v2_myarbpuf/u96_v2_myarbpuf.gen/sources_1/bd/u96v2_myarbpuf/ip/u96v2_myarbpuf_proc_sys_reset_6_0/synth/u96v2_myarbpuf_proc_sys_reset_6_0.vhd:74]
---------------------------------------------------------------------------------
Finished RTL Elaboration : Time (s): cpu = 00:00:09 ; elapsed = 00:00:15 . Memory (MB): peak = 2646.059 ; gain = 75.809 ; free physical = 590 ; free virtual = 12263
---------------------------------------------------------------------------------
---------------------------------------------------------------------------------
Start Handling Custom Attributes
---------------------------------------------------------------------------------
---------------------------------------------------------------------------------
Finished Handling Custom Attributes : Time (s): cpu = 00:00:10 ; elapsed = 00:00:16 . Memory (MB): peak = 2663.902 ; gain = 93.652 ; free physical = 608 ; free virtual = 12300
---------------------------------------------------------------------------------
---------------------------------------------------------------------------------
Finished RTL Optimization Phase 1 : Time (s): cpu = 00:00:10 ; elapsed = 00:00:16 . Memory (MB): peak = 2663.902 ; gain = 93.652 ; free physical = 608 ; free virtual = 12300
---------------------------------------------------------------------------------
Netlist sorting complete. Time (s): cpu = 00:00:00 ; elapsed = 00:00:00.01 . Memory (MB): peak = 2673.809 ; gain = 0.000 ; free physical = 584 ; free virtual = 12283
INFO: [Netlist 29-17] Analyzing 13 Unisim elements for replacement
INFO: [Netlist 29-28] Unisim Transformation completed in 0 CPU seconds
INFO: [Project 1-570] Preparing netlist for logic optimization

Processing XDC Constraints
Initializing timing engine
Parsing XDC File [/home/puftester/PhD/repo/Hw-designs/Platforms/Ultra96v2/u96_v2_myarbpuf/u96_v2_myarbpuf.gen/sources_1/bd/u96v2_myarbpuf/ip/u96v2_myarbpuf_proc_sys_reset_6_0/u96v2_myarbpuf_proc_sys_reset_6_0_ooc.xdc] for cell 'U0'
create_clock: Time (s): cpu = 00:00:09 ; elapsed = 00:00:11 . Memory (MB): peak = 2799.637 ; gain = 0.000 ; free physical = 126 ; free virtual = 11662
Finished Parsing XDC File [/home/puftester/PhD/repo/Hw-designs/Platforms/Ultra96v2/u96_v2_myarbpuf/u96_v2_myarbpuf.gen/sources_1/bd/u96v2_myarbpuf/ip/u96v2_myarbpuf_proc_sys_reset_6_0/u96v2_myarbpuf_proc_sys_reset_6_0_ooc.xdc] for cell 'U0'
Parsing XDC File [/home/puftester/PhD/repo/Hw-designs/Platforms/Ultra96v2/u96_v2_myarbpuf/u96_v2_myarbpuf.gen/sources_1/bd/u96v2_myarbpuf/ip/u96v2_myarbpuf_proc_sys_reset_6_0/u96v2_myarbpuf_proc_sys_reset_6_0_board.xdc] for cell 'U0'
Finished Parsing XDC File [/home/puftester/PhD/repo/Hw-designs/Platforms/Ultra96v2/u96_v2_myarbpuf/u96_v2_myarbpuf.gen/sources_1/bd/u96v2_myarbpuf/ip/u96v2_myarbpuf_proc_sys_reset_6_0/u96v2_myarbpuf_proc_sys_reset_6_0_board.xdc] for cell 'U0'
Parsing XDC File [/home/puftester/PhD/repo/Hw-designs/Platforms/Ultra96v2/u96_v2_myarbpuf/u96_v2_myarbpuf.gen/sources_1/bd/u96v2_myarbpuf/ip/u96v2_myarbpuf_proc_sys_reset_6_0/u96v2_myarbpuf_proc_sys_reset_6_0.xdc] for cell 'U0'
Finished Parsing XDC File [/home/puftester/PhD/repo/Hw-designs/Platforms/Ultra96v2/u96_v2_myarbpuf/u96_v2_myarbpuf.gen/sources_1/bd/u96v2_myarbpuf/ip/u96v2_myarbpuf_proc_sys_reset_6_0/u96v2_myarbpuf_proc_sys_reset_6_0.xdc] for cell 'U0'
Parsing XDC File [/home/puftester/PhD/repo/Hw-designs/Platforms/Ultra96v2/u96_v2_myarbpuf/u96_v2_myarbpuf.runs/u96v2_myarbpuf_proc_sys_reset_6_0_synth_1/dont_touch.xdc]
Finished Parsing XDC File [/home/puftester/PhD/repo/Hw-designs/Platforms/Ultra96v2/u96_v2_myarbpuf/u96_v2_myarbpuf.runs/u96v2_myarbpuf_proc_sys_reset_6_0_synth_1/dont_touch.xdc]
Completed Processing XDC Constraints

Netlist sorting complete. Time (s): cpu = 00:00:00 ; elapsed = 00:00:00 . Memory (MB): peak = 2799.637 ; gain = 0.000 ; free physical = 125 ; free virtual = 11662
INFO: [Project 1-111] Unisim Transformation Summary:
  A total of 13 instances were transformed.
  FDR => FDRE: 12 instances
  SRL16 => SRL16E: 1 instance 

Constraint Validation Runtime : Time (s): cpu = 00:00:00.03 ; elapsed = 00:00:00.07 . Memory (MB): peak = 2799.637 ; gain = 0.000 ; free physical = 119 ; free virtual = 11659
---------------------------------------------------------------------------------
Finished Constraint Validation : Time (s): cpu = 00:00:30 ; elapsed = 00:00:46 . Memory (MB): peak = 2799.637 ; gain = 229.387 ; free physical = 687 ; free virtual = 11580
---------------------------------------------------------------------------------
---------------------------------------------------------------------------------
Start Loading Part and Timing Information
---------------------------------------------------------------------------------
Loading part: xczu3eg-sbva484-1-i
INFO: [Synth 8-6742] Reading net delay rules and data
---------------------------------------------------------------------------------
Finished Loading Part and Timing Information : Time (s): cpu = 00:00:30 ; elapsed = 00:00:46 . Memory (MB): peak = 2799.637 ; gain = 229.387 ; free physical = 686 ; free virtual = 11580
---------------------------------------------------------------------------------
---------------------------------------------------------------------------------
Start Applying 'set_property' XDC Constraints
---------------------------------------------------------------------------------
Applied set_property KEEP_HIERARCHY = SOFT for U0. (constraint file  /home/puftester/PhD/repo/Hw-designs/Platforms/Ultra96v2/u96_v2_myarbpuf/u96_v2_myarbpuf.runs/u96v2_myarbpuf_proc_sys_reset_6_0_synth_1/dont_touch.xdc, line 9).
---------------------------------------------------------------------------------
Finished applying 'set_property' XDC Constraints : Time (s): cpu = 00:00:30 ; elapsed = 00:00:46 . Memory (MB): peak = 2799.637 ; gain = 229.387 ; free physical = 683 ; free virtual = 11579
---------------------------------------------------------------------------------
---------------------------------------------------------------------------------
Finished RTL Optimization Phase 2 : Time (s): cpu = 00:00:31 ; elapsed = 00:00:47 . Memory (MB): peak = 2799.637 ; gain = 229.387 ; free physical = 635 ; free virtual = 11541
---------------------------------------------------------------------------------
---------------------------------------------------------------------------------
Start RTL Component Statistics 
---------------------------------------------------------------------------------
Detailed RTL Component Info : 
+---Adders : 
	   2 Input    6 Bit       Adders := 1     
+---Registers : 
	                6 Bit    Registers := 1     
	                3 Bit    Registers := 3     
	                1 Bit    Registers := 8     
+---Muxes : 
	   2 Input    6 Bit        Muxes := 1     
	   2 Input    1 Bit        Muxes := 1     
---------------------------------------------------------------------------------
Finished RTL Component Statistics 
---------------------------------------------------------------------------------
---------------------------------------------------------------------------------
Start Part Resource Summary
---------------------------------------------------------------------------------
Part Resources:
DSPs: 360 (col length:72)
BRAMs: 432 (col length: RAMB18 72 RAMB36 36)
---------------------------------------------------------------------------------
Finished Part Resource Summary
---------------------------------------------------------------------------------
---------------------------------------------------------------------------------
Start Cross Boundary and Area Optimization
---------------------------------------------------------------------------------
---------------------------------------------------------------------------------
Finished Cross Boundary and Area Optimization : Time (s): cpu = 00:00:32 ; elapsed = 00:00:49 . Memory (MB): peak = 2799.637 ; gain = 229.387 ; free physical = 533 ; free virtual = 11498
---------------------------------------------------------------------------------
---------------------------------------------------------------------------------
Start Applying XDC Timing Constraints
---------------------------------------------------------------------------------
---------------------------------------------------------------------------------
Finished Applying XDC Timing Constraints : Time (s): cpu = 00:01:02 ; elapsed = 00:01:44 . Memory (MB): peak = 3203.012 ; gain = 632.762 ; free physical = 135 ; free virtual = 9752
---------------------------------------------------------------------------------
---------------------------------------------------------------------------------
Start Timing Optimization
---------------------------------------------------------------------------------
---------------------------------------------------------------------------------
Finished Timing Optimization : Time (s): cpu = 00:01:02 ; elapsed = 00:01:45 . Memory (MB): peak = 3203.012 ; gain = 632.762 ; free physical = 143 ; free virtual = 9764
---------------------------------------------------------------------------------
---------------------------------------------------------------------------------
Start Technology Mapping
---------------------------------------------------------------------------------
---------------------------------------------------------------------------------
Finished Technology Mapping : Time (s): cpu = 00:01:02 ; elapsed = 00:01:45 . Memory (MB): peak = 3232.059 ; gain = 661.809 ; free physical = 249 ; free virtual = 9872
---------------------------------------------------------------------------------
---------------------------------------------------------------------------------
Start IO Insertion
---------------------------------------------------------------------------------
---------------------------------------------------------------------------------
Start Flattening Before IO Insertion
---------------------------------------------------------------------------------
---------------------------------------------------------------------------------
Finished Flattening Before IO Insertion
---------------------------------------------------------------------------------
---------------------------------------------------------------------------------
Start Final Netlist Cleanup
---------------------------------------------------------------------------------
---------------------------------------------------------------------------------
Finished Final Netlist Cleanup
---------------------------------------------------------------------------------
---------------------------------------------------------------------------------
Finished IO Insertion : Time (s): cpu = 00:01:08 ; elapsed = 00:01:52 . Memory (MB): peak = 3232.059 ; gain = 661.809 ; free physical = 130 ; free virtual = 9969
---------------------------------------------------------------------------------
---------------------------------------------------------------------------------
Start Renaming Generated Instances
---------------------------------------------------------------------------------
---------------------------------------------------------------------------------
Finished Renaming Generated Instances : Time (s): cpu = 00:01:08 ; elapsed = 00:01:52 . Memory (MB): peak = 3232.059 ; gain = 661.809 ; free physical = 130 ; free virtual = 9968
---------------------------------------------------------------------------------
---------------------------------------------------------------------------------
Start Rebuilding User Hierarchy
---------------------------------------------------------------------------------
---------------------------------------------------------------------------------
Finished Rebuilding User Hierarchy : Time (s): cpu = 00:01:08 ; elapsed = 00:01:52 . Memory (MB): peak = 3232.059 ; gain = 661.809 ; free physical = 129 ; free virtual = 9968
---------------------------------------------------------------------------------
---------------------------------------------------------------------------------
Start Renaming Generated Ports
---------------------------------------------------------------------------------
---------------------------------------------------------------------------------
Finished Renaming Generated Ports : Time (s): cpu = 00:01:08 ; elapsed = 00:01:52 . Memory (MB): peak = 3232.059 ; gain = 661.809 ; free physical = 128 ; free virtual = 9967
---------------------------------------------------------------------------------
---------------------------------------------------------------------------------
Start Handling Custom Attributes
---------------------------------------------------------------------------------
---------------------------------------------------------------------------------
Finished Handling Custom Attributes : Time (s): cpu = 00:01:08 ; elapsed = 00:01:52 . Memory (MB): peak = 3232.059 ; gain = 661.809 ; free physical = 128 ; free virtual = 9967
---------------------------------------------------------------------------------
---------------------------------------------------------------------------------
Start Renaming Generated Nets
---------------------------------------------------------------------------------
---------------------------------------------------------------------------------
Finished Renaming Generated Nets : Time (s): cpu = 00:01:08 ; elapsed = 00:01:52 . Memory (MB): peak = 3232.059 ; gain = 661.809 ; free physical = 128 ; free virtual = 9967
---------------------------------------------------------------------------------
---------------------------------------------------------------------------------
Start Writing Synthesis Report
---------------------------------------------------------------------------------

Report BlackBoxes: 
+-+--------------+----------+
| |BlackBox name |Instances |
+-+--------------+----------+
+-+--------------+----------+

Report Cell Usage: 
+------+------+------+
|      |Cell  |Count |
+------+------+------+
|1     |LUT1  |     5|
|2     |LUT2  |     9|
|3     |LUT3  |     1|
|4     |LUT4  |     6|
|5     |LUT5  |     3|
|6     |LUT6  |     1|
|7     |SRL16 |     1|
|8     |FDR   |     8|
|9     |FDRE  |    28|
|10    |FDSE  |     4|
+------+------+------+
---------------------------------------------------------------------------------
Finished Writing Synthesis Report : Time (s): cpu = 00:01:08 ; elapsed = 00:01:52 . Memory (MB): peak = 3232.059 ; gain = 661.809 ; free physical = 126 ; free virtual = 9966
---------------------------------------------------------------------------------
Synthesis finished with 0 errors, 0 critical warnings and 0 warnings.
Synthesis Optimization Runtime : Time (s): cpu = 00:00:54 ; elapsed = 00:01:34 . Memory (MB): peak = 3232.059 ; gain = 526.074 ; free physical = 147 ; free virtual = 10002
Synthesis Optimization Complete : Time (s): cpu = 00:01:08 ; elapsed = 00:01:52 . Memory (MB): peak = 3232.066 ; gain = 661.809 ; free physical = 151 ; free virtual = 10011
INFO: [Project 1-571] Translating synthesized netlist
Netlist sorting complete. Time (s): cpu = 00:00:00 ; elapsed = 00:00:00.01 . Memory (MB): peak = 3232.066 ; gain = 0.000 ; free physical = 129 ; free virtual = 10010
INFO: [Netlist 29-17] Analyzing 9 Unisim elements for replacement
INFO: [Netlist 29-28] Unisim Transformation completed in 0 CPU seconds
INFO: [Project 1-570] Preparing netlist for logic optimization
INFO: [Opt 31-138] Pushed 0 inverter(s) to 0 load pin(s).
Netlist sorting complete. Time (s): cpu = 00:00:00 ; elapsed = 00:00:00 . Memory (MB): peak = 3251.902 ; gain = 0.000 ; free physical = 121 ; free virtual = 10038
INFO: [Project 1-111] Unisim Transformation Summary:
  A total of 9 instances were transformed.
  FDR => FDRE: 8 instances
  SRL16 => SRL16E: 1 instance 

INFO: [Common 17-83] Releasing license: Synthesis
48 Infos, 0 Warnings, 0 Critical Warnings and 0 Errors encountered.
synth_design completed successfully
synth_design: Time (s): cpu = 00:01:30 ; elapsed = 00:02:22 . Memory (MB): peak = 3251.902 ; gain = 920.891 ; free physical = 233 ; free virtual = 10182
INFO: [Common 17-1381] The checkpoint '/home/puftester/PhD/repo/Hw-designs/Platforms/Ultra96v2/u96_v2_myarbpuf/u96_v2_myarbpuf.runs/u96v2_myarbpuf_proc_sys_reset_6_0_synth_1/u96v2_myarbpuf_proc_sys_reset_6_0.dcp' has been generated.
WARNING: [Common 17-576] 'use_project_ipc' is deprecated. This option is deprecated and no longer used.
INFO: [Coretcl 2-1648] Added synthesis output to IP cache for IP u96v2_myarbpuf_proc_sys_reset_6_0, cache-ID = 726fea364cf3746b
INFO: [Coretcl 2-1174] Renamed 6 cell refs.
INFO: [Common 17-1381] The checkpoint '/home/puftester/PhD/repo/Hw-designs/Platforms/Ultra96v2/u96_v2_myarbpuf/u96_v2_myarbpuf.runs/u96v2_myarbpuf_proc_sys_reset_6_0_synth_1/u96v2_myarbpuf_proc_sys_reset_6_0.dcp' has been generated.
INFO: [runtcl-4] Executing : report_utilization -file u96v2_myarbpuf_proc_sys_reset_6_0_utilization_synth.rpt -pb u96v2_myarbpuf_proc_sys_reset_6_0_utilization_synth.pb
INFO: [Common 17-206] Exiting Vivado at Mon Sep 23 11:26:50 2024...
