Copyright 1986-2020 Xilinx, Inc. All Rights Reserved.
-----------------------------------------------------------------------------------------------------------------------------------------
| Tool Version : Vivado v.2020.2 (lin64) Build 3064766 Wed Nov 18 09:12:47 MST 2020
| Date         : Tue Oct  8 14:51:46 2024
| Host         : puftester-Latitude-E7240 running 64-bit Ubuntu 18.04.6 LTS
| Command      : report_utilization -file u96v2_nolt_puf_wrapper_utilization_placed.rpt -pb u96v2_nolt_puf_wrapper_utilization_placed.pb
| Design       : u96v2_nolt_puf_wrapper
| Device       : xczu3egsbva484-1
| Design State : Fully Placed
-----------------------------------------------------------------------------------------------------------------------------------------

Utilization Design Information

Table of Contents
-----------------
1. CLB Logic
1.1 Summary of Registers by Type
2. CLB Logic Distribution
3. BLOCKRAM
4. ARITHMETIC
5. I/O
6. CLOCK
7. ADVANCED
8. CONFIGURATION
9. Primitives
10. Black Boxes
11. Instantiated Netlists

1. CLB Logic
------------

+----------------------------+-------+-------+-----------+-------+
|          Site Type         |  Used | Fixed | Available | Util% |
+----------------------------+-------+-------+-----------+-------+
| CLB LUTs                   | 11498 |     0 |     70560 | 16.30 |
|   LUT as Logic             | 10723 |     0 |     70560 | 15.20 |
|   LUT as Memory            |   775 |     0 |     28800 |  2.69 |
|     LUT as Distributed RAM |   448 |     0 |           |       |
|     LUT as Shift Register  |   327 |     0 |           |       |
| CLB Registers              | 13203 |     0 |    141120 |  9.36 |
|   Register as Flip Flop    | 13009 |     0 |    141120 |  9.22 |
|   Register as Latch        |   194 |     0 |    141120 |  0.14 |
| CARRY8                     |    13 |     0 |      8820 |  0.15 |
| F7 Muxes                   |    22 |     0 |     35280 |  0.06 |
| F8 Muxes                   |     0 |     0 |     17640 |  0.00 |
| F9 Muxes                   |     0 |     0 |      8820 |  0.00 |
+----------------------------+-------+-------+-----------+-------+


1.1 Summary of Registers by Type
--------------------------------

+-------+--------------+-------------+--------------+
| Total | Clock Enable | Synchronous | Asynchronous |
+-------+--------------+-------------+--------------+
| 0     |            _ |           - |            - |
| 0     |            _ |           - |          Set |
| 0     |            _ |           - |        Reset |
| 0     |            _ |         Set |            - |
| 0     |            _ |       Reset |            - |
| 0     |          Yes |           - |            - |
| 264   |          Yes |           - |          Set |
| 748   |          Yes |           - |        Reset |
| 306   |          Yes |         Set |            - |
| 11885 |          Yes |       Reset |            - |
+-------+--------------+-------------+--------------+


2. CLB Logic Distribution
-------------------------

+--------------------------------------------+-------+-------+-----------+-------+
|                  Site Type                 |  Used | Fixed | Available | Util% |
+--------------------------------------------+-------+-------+-----------+-------+
| CLB                                        |  2444 |     0 |      8820 | 27.71 |
|   CLBL                                     |  1563 |     0 |           |       |
|   CLBM                                     |   881 |     0 |           |       |
| LUT as Logic                               | 10723 |     0 |     70560 | 15.20 |
|   using O5 output only                     |   482 |       |           |       |
|   using O6 output only                     |  7268 |       |           |       |
|   using O5 and O6                          |  2973 |       |           |       |
| LUT as Memory                              |   775 |     0 |     28800 |  2.69 |
|   LUT as Distributed RAM                   |   448 |     0 |           |       |
|     using O5 output only                   |     0 |       |           |       |
|     using O6 output only                   |     0 |       |           |       |
|     using O5 and O6                        |   448 |       |           |       |
|   LUT as Shift Register                    |   327 |     0 |           |       |
|     using O5 output only                   |     0 |       |           |       |
|     using O6 output only                   |   313 |       |           |       |
|     using O5 and O6                        |    14 |       |           |       |
| CLB Registers                              | 13203 |     0 |    141120 |  9.36 |
|   Register driven from within the CLB      |  6494 |       |           |       |
|   Register driven from outside the CLB     |  6709 |       |           |       |
|     LUT in front of the register is unused |  3822 |       |           |       |
|     LUT in front of the register is used   |  2887 |       |           |       |
| Unique Control Sets                        |   882 |       |     17640 |  5.00 |
+--------------------------------------------+-------+-------+-----------+-------+
* * Note: Available Control Sets calculated as Slices * 2, Review the Control Sets Report for more information regarding control sets.


3. BLOCKRAM
-----------

+-------------------+------+-------+-----------+-------+
|     Site Type     | Used | Fixed | Available | Util% |
+-------------------+------+-------+-----------+-------+
| Block RAM Tile    |    4 |     0 |       216 |  1.85 |
|   RAMB36/FIFO*    |    4 |     0 |       216 |  1.85 |
|     RAMB36E2 only |    4 |       |           |       |
|   RAMB18          |    0 |     0 |       432 |  0.00 |
+-------------------+------+-------+-----------+-------+
* Note: Each Block RAM Tile only has one FIFO logic available and therefore can accommodate only one FIFO36E2 or one FIFO18E2. However, if a FIFO18E2 occupies a Block RAM Tile, that tile can still accommodate a RAMB18E2


4. ARITHMETIC
-------------

+-----------+------+-------+-----------+-------+
| Site Type | Used | Fixed | Available | Util% |
+-----------+------+-------+-----------+-------+
| DSPs      |    0 |     0 |       360 |  0.00 |
+-----------+------+-------+-----------+-------+


5. I/O
------

+------------------+------+-------+-----------+-------+
|     Site Type    | Used | Fixed | Available | Util% |
+------------------+------+-------+-----------+-------+
| Bonded IOB       |   45 |    45 |        82 | 54.88 |
| HPIOB_M          |   13 |    13 |        26 | 50.00 |
|   INPUT          |    0 |       |           |       |
|   OUTPUT         |   13 |       |           |       |
|   BIDIR          |    0 |       |           |       |
| HPIOB_S          |   14 |    14 |        26 | 53.85 |
|   INPUT          |    0 |       |           |       |
|   OUTPUT         |   14 |       |           |       |
|   BIDIR          |    0 |       |           |       |
| HDIOB_M          |    6 |     6 |        12 | 50.00 |
|   INPUT          |    3 |       |           |       |
|   OUTPUT         |    3 |       |           |       |
|   BIDIR          |    0 |       |           |       |
| HDIOB_S          |   10 |    10 |        12 | 83.33 |
|   INPUT          |    2 |       |           |       |
|   OUTPUT         |    8 |       |           |       |
|   BIDIR          |    0 |       |           |       |
| HPIOB_SNGL       |    2 |     2 |         6 | 33.33 |
|   INPUT          |    0 |       |           |       |
|   OUTPUT         |    2 |       |           |       |
|   BIDIR          |    0 |       |           |       |
| HPIOBDIFFINBUF   |    0 |     0 |        72 |  0.00 |
| HPIOBDIFFOUTBUF  |    0 |     0 |        72 |  0.00 |
| HDIOBDIFFINBUF   |    0 |     0 |        48 |  0.00 |
| BITSLICE_CONTROL |    0 |     0 |        24 |  0.00 |
| BITSLICE_RX_TX   |    0 |     0 |       156 |  0.00 |
| BITSLICE_TX      |    0 |     0 |        24 |  0.00 |
| RIU_OR           |    0 |     0 |        12 |  0.00 |
+------------------+------+-------+-----------+-------+


6. CLOCK
--------

+----------------------+------+-------+-----------+-------+
|       Site Type      | Used | Fixed | Available | Util% |
+----------------------+------+-------+-----------+-------+
| GLOBAL CLOCK BUFFERs |    3 |     0 |       196 |  1.53 |
|   BUFGCE             |    2 |     0 |        88 |  2.27 |
|   BUFGCE_DIV         |    0 |     0 |        12 |  0.00 |
|   BUFG_PS            |    1 |     0 |        72 |  1.39 |
|   BUFGCTRL*          |    0 |     0 |        24 |  0.00 |
| PLL                  |    0 |     0 |         6 |  0.00 |
| MMCM                 |    0 |     0 |         3 |  0.00 |
+----------------------+------+-------+-----------+-------+
* Note: Each used BUFGCTRL counts as two GLOBAL CLOCK BUFFERs. This table does not include global clocking resources, only buffer cell usage. See the Clock Utilization Report (report_clock_utilization) for detailed accounting of global clocking resource availability.


7. ADVANCED
-----------

+-----------+------+-------+-----------+--------+
| Site Type | Used | Fixed | Available |  Util% |
+-----------+------+-------+-----------+--------+
| PS8       |    1 |     0 |         1 | 100.00 |
| SYSMONE4  |    0 |     0 |         1 |   0.00 |
+-----------+------+-------+-----------+--------+


8. CONFIGURATION
----------------

+-------------+------+-------+-----------+-------+
|  Site Type  | Used | Fixed | Available | Util% |
+-------------+------+-------+-----------+-------+
| BSCANE2     |    0 |     0 |         4 |  0.00 |
| DNA_PORTE2  |    0 |     0 |         1 |  0.00 |
| EFUSE_USR   |    0 |     0 |         1 |  0.00 |
| FRAME_ECCE4 |    0 |     0 |         1 |  0.00 |
| ICAPE3      |    0 |     0 |         2 |  0.00 |
| MASTER_JTAG |    0 |     0 |         1 |  0.00 |
| STARTUPE3   |    0 |     0 |         1 |  0.00 |
+-------------+------+-------+-----------+-------+


9. Primitives
-------------

+----------+-------+---------------------+
| Ref Name |  Used | Functional Category |
+----------+-------+---------------------+
| FDRE     | 11885 |            Register |
| LUT6     |  4042 |                 CLB |
| LUT3     |  2970 |                 CLB |
| LUT5     |  2906 |                 CLB |
| LUT4     |  1926 |                 CLB |
| LUT2     |  1336 |                 CLB |
| RAMD32   |   784 |                 CLB |
| FDCE     |   554 |            Register |
| LUT1     |   516 |                 CLB |
| FDSE     |   306 |            Register |
| FDPE     |   264 |            Register |
| SRLC32E  |   220 |                 CLB |
| LDCE     |   194 |            Register |
| SRL16E   |   121 |                 CLB |
| RAMS32   |   112 |                 CLB |
| OBUF     |    40 |                 I/O |
| MUXF7    |    22 |                 CLB |
| CARRY8   |    13 |                 CLB |
| INBUF    |     5 |                 I/O |
| IBUFCTRL |     5 |              Others |
| RAMB36E2 |     4 |            BLOCKRAM |
| BUFGCE   |     2 |               Clock |
| PS8      |     1 |            Advanced |
| BUFG_PS  |     1 |               Clock |
+----------+-------+---------------------+


10. Black Boxes
---------------

+----------+------+
| Ref Name | Used |
+----------+------+


11. Instantiated Netlists
-------------------------

+---------------------------------------+------+
|                Ref Name               | Used |
+---------------------------------------+------+
| u96v2_nolt_puf_zynq_ultra_ps_e_0_0    |    1 |
| u96v2_nolt_puf_xbar_0                 |    1 |
| u96v2_nolt_puf_rst_ps8_0_100M_0       |    1 |
| u96v2_nolt_puf_axi_uart16550_1_0      |    1 |
| u96v2_nolt_puf_axi_uart16550_0_0      |    1 |
| u96v2_nolt_puf_axi_gpio_2_0           |    1 |
| u96v2_nolt_puf_axi_gpio_1_0           |    1 |
| u96v2_nolt_puf_axi_gpio_0_0           |    1 |
| u96v2_nolt_puf_axi_bram_ctrl_0_bram_0 |    1 |
| u96v2_nolt_puf_axi_bram_ctrl_0_0      |    1 |
| u96v2_nolt_puf_auto_pc_7              |    1 |
| u96v2_nolt_puf_auto_pc_6              |    1 |
| u96v2_nolt_puf_auto_pc_5              |    1 |
| u96v2_nolt_puf_auto_pc_4              |    1 |
| u96v2_nolt_puf_auto_pc_3              |    1 |
| u96v2_nolt_puf_auto_pc_2              |    1 |
| u96v2_nolt_puf_auto_pc_1              |    1 |
| u96v2_nolt_puf_auto_pc_0              |    1 |
| u96v2_nolt_puf_auto_ds_7              |    1 |
| u96v2_nolt_puf_auto_ds_6              |    1 |
| u96v2_nolt_puf_auto_ds_5              |    1 |
| u96v2_nolt_puf_auto_ds_4              |    1 |
| u96v2_nolt_puf_auto_ds_3              |    1 |
| u96v2_nolt_puf_auto_ds_2              |    1 |
| u96v2_nolt_puf_auto_ds_1              |    1 |
| u96v2_nolt_puf_auto_ds_0              |    1 |
| u96v2_nolt_puf_PWM_w_Int_1_0          |    1 |
| u96v2_nolt_puf_PWM_w_Int_0_0          |    1 |
| u96v2_nolt_puf_Nolting_PUF_0_0        |    1 |
+---------------------------------------+------+


