Copyright 1986-2020 Xilinx, Inc. All Rights Reserved.
------------------------------------------------------------------------------------------------------------------------------------------------------------
| Tool Version : Vivado v.2020.2 (lin64) Build 3064766 Wed Nov 18 09:12:47 MST 2020
| Date         : Fri Sep 20 18:53:04 2024
| Host         : puftester-Latitude-E7240 running 64-bit Ubuntu 18.04.6 LTS
| Command      : report_drc -file u96v2_4x4_apuf_wrapper_drc_routed.rpt -pb u96v2_4x4_apuf_wrapper_drc_routed.pb -rpx u96v2_4x4_apuf_wrapper_drc_routed.rpx
| Design       : u96v2_4x4_apuf_wrapper
| Device       : xczu3eg-sbva484-1-i
| Speed File   : -1
| Design State : Fully Routed
------------------------------------------------------------------------------------------------------------------------------------------------------------

Report DRC

Table of Contents
-----------------
1. REPORT SUMMARY
2. REPORT DETAILS

1. REPORT SUMMARY
-----------------
            Netlist: netlist
          Floorplan: design_1
      Design limits: <entire design considered>
           Ruledeck: default
             Max violations: <unlimited>
             Violations found: 7
+-------------+----------+-------------------------------------------------------------+------------+
| Rule        | Severity | Description                                                 | Violations |
+-------------+----------+-------------------------------------------------------------+------------+
| PDRC-153    | Warning  | Gated clock check                                           | 3          |
| PLHOLDVIO-2 | Warning  | Non-Optimal connections which could lead to hold violations | 3          |
| RTSTAT-10   | Warning  | No routable loads                                           | 1          |
+-------------+----------+-------------------------------------------------------------+------------+

2. REPORT DETAILS
-----------------
PDRC-153#1 Warning
Gated clock check  
Net u96v2_4x4_apuf_i/Arb_Puf_4x4_0/U0/Arb_Puf_4x4_v1_0_PUF_AXI_inst/ARBITER_PUF_4x4/APUF_TEST_UNIT/SWITCH_BLOCKS[5].SWITCH_BLOCK/EQUAL_PATHS[1].EQUAL_PATH_MUX/Q is a gated clock net sourced by a combinational pin u96v2_4x4_apuf_i/Arb_Puf_4x4_0/U0/Arb_Puf_4x4_v1_0_PUF_AXI_inst/ARBITER_PUF_4x4/APUF_TEST_UNIT/SWITCH_BLOCKS[5].SWITCH_BLOCK/EQUAL_PATHS[1].EQUAL_PATH_MUX/Q_INST_0/O, cell u96v2_4x4_apuf_i/Arb_Puf_4x4_0/U0/Arb_Puf_4x4_v1_0_PUF_AXI_inst/ARBITER_PUF_4x4/APUF_TEST_UNIT/SWITCH_BLOCKS[5].SWITCH_BLOCK/EQUAL_PATHS[1].EQUAL_PATH_MUX/Q_INST_0. This is not good design practice and will likely impact performance. For SLICE registers, for example, use the CE pin to control the loading of data.
Related violations: <none>

PDRC-153#2 Warning
Gated clock check  
Net u96v2_4x4_apuf_i/Arb_Puf_4x4_0/U0/Arb_Puf_4x4_v1_0_PUF_AXI_inst/ARBITER_PUF_4x4/APUF_TEST_UNIT/SWITCH_BLOCKS[5].SWITCH_BLOCK/EQUAL_PATHS[2].EQUAL_PATH_MUX/Q is a gated clock net sourced by a combinational pin u96v2_4x4_apuf_i/Arb_Puf_4x4_0/U0/Arb_Puf_4x4_v1_0_PUF_AXI_inst/ARBITER_PUF_4x4/APUF_TEST_UNIT/SWITCH_BLOCKS[5].SWITCH_BLOCK/EQUAL_PATHS[2].EQUAL_PATH_MUX/Q_INST_0/O, cell u96v2_4x4_apuf_i/Arb_Puf_4x4_0/U0/Arb_Puf_4x4_v1_0_PUF_AXI_inst/ARBITER_PUF_4x4/APUF_TEST_UNIT/SWITCH_BLOCKS[5].SWITCH_BLOCK/EQUAL_PATHS[2].EQUAL_PATH_MUX/Q_INST_0. This is not good design practice and will likely impact performance. For SLICE registers, for example, use the CE pin to control the loading of data.
Related violations: <none>

PDRC-153#3 Warning
Gated clock check  
Net u96v2_4x4_apuf_i/Arb_Puf_4x4_0/U0/Arb_Puf_4x4_v1_0_PUF_AXI_inst/ARBITER_PUF_4x4/APUF_TEST_UNIT/SWITCH_BLOCKS[5].SWITCH_BLOCK/EQUAL_PATHS[3].EQUAL_PATH_MUX/Q is a gated clock net sourced by a combinational pin u96v2_4x4_apuf_i/Arb_Puf_4x4_0/U0/Arb_Puf_4x4_v1_0_PUF_AXI_inst/ARBITER_PUF_4x4/APUF_TEST_UNIT/SWITCH_BLOCKS[5].SWITCH_BLOCK/EQUAL_PATHS[3].EQUAL_PATH_MUX/Q_INST_0/O, cell u96v2_4x4_apuf_i/Arb_Puf_4x4_0/U0/Arb_Puf_4x4_v1_0_PUF_AXI_inst/ARBITER_PUF_4x4/APUF_TEST_UNIT/SWITCH_BLOCKS[5].SWITCH_BLOCK/EQUAL_PATHS[3].EQUAL_PATH_MUX/Q_INST_0. This is not good design practice and will likely impact performance. For SLICE registers, for example, use the CE pin to control the loading of data.
Related violations: <none>

PLHOLDVIO-2#1 Warning
Non-Optimal connections which could lead to hold violations  
A LUT u96v2_4x4_apuf_i/Arb_Puf_4x4_0/U0/Arb_Puf_4x4_v1_0_PUF_AXI_inst/ARBITER_PUF_4x4/APUF_TEST_UNIT/SWITCH_BLOCKS[5].SWITCH_BLOCK/EQUAL_PATHS[1].EQUAL_PATH_MUX/Q_INST_0 is driving clock pin of 1 cells. This could lead to large hold time violations. Involved cells are:
u96v2_4x4_apuf_i/Arb_Puf_4x4_0/U0/Arb_Puf_4x4_v1_0_PUF_AXI_inst/ARBITER_PUF_4x4/APUF_TEST_UNIT/APUF_ARBITER/FF_2_1/Q_reg
Related violations: <none>

PLHOLDVIO-2#2 Warning
Non-Optimal connections which could lead to hold violations  
A LUT u96v2_4x4_apuf_i/Arb_Puf_4x4_0/U0/Arb_Puf_4x4_v1_0_PUF_AXI_inst/ARBITER_PUF_4x4/APUF_TEST_UNIT/SWITCH_BLOCKS[5].SWITCH_BLOCK/EQUAL_PATHS[2].EQUAL_PATH_MUX/Q_INST_0 is driving clock pin of 2 cells. This could lead to large hold time violations. Involved cells are:
u96v2_4x4_apuf_i/Arb_Puf_4x4_0/U0/Arb_Puf_4x4_v1_0_PUF_AXI_inst/ARBITER_PUF_4x4/APUF_TEST_UNIT/APUF_ARBITER/FF_3_1/Q_reg
u96v2_4x4_apuf_i/Arb_Puf_4x4_0/U0/Arb_Puf_4x4_v1_0_PUF_AXI_inst/ARBITER_PUF_4x4/APUF_TEST_UNIT/APUF_ARBITER/FF_3_2/Q_reg
Related violations: <none>

PLHOLDVIO-2#3 Warning
Non-Optimal connections which could lead to hold violations  
A LUT u96v2_4x4_apuf_i/Arb_Puf_4x4_0/U0/Arb_Puf_4x4_v1_0_PUF_AXI_inst/ARBITER_PUF_4x4/APUF_TEST_UNIT/SWITCH_BLOCKS[5].SWITCH_BLOCK/EQUAL_PATHS[3].EQUAL_PATH_MUX/Q_INST_0 is driving clock pin of 3 cells. This could lead to large hold time violations. Involved cells are:
u96v2_4x4_apuf_i/Arb_Puf_4x4_0/U0/Arb_Puf_4x4_v1_0_PUF_AXI_inst/ARBITER_PUF_4x4/APUF_TEST_UNIT/APUF_ARBITER/FF_4_1/Q_reg,
u96v2_4x4_apuf_i/Arb_Puf_4x4_0/U0/Arb_Puf_4x4_v1_0_PUF_AXI_inst/ARBITER_PUF_4x4/APUF_TEST_UNIT/APUF_ARBITER/FF_4_2/Q_reg
u96v2_4x4_apuf_i/Arb_Puf_4x4_0/U0/Arb_Puf_4x4_v1_0_PUF_AXI_inst/ARBITER_PUF_4x4/APUF_TEST_UNIT/APUF_ARBITER/FF_4_3/Q_reg
Related violations: <none>

RTSTAT-10#1 Warning
No routable loads  
264 net(s) have no routable loads. The problem bus(es) and/or net(s) are u96v2_4x4_apuf_i/ps8_0_axi_periph/m01_couplers/auto_ds/inst/gen_downsizer.gen_simple_downsizer.axi_downsizer_inst/USE_WRITE.write_addr_inst/USE_B_CHANNEL.cmd_b_queue/inst/fifo_gen_inst/inst_fifo_gen/gconvfifo.rf/grf.rf/gntv_or_sync_fifo.gl0.rd/gr1.gr1_int.rfwft/aempty_fwft_i,
u96v2_4x4_apuf_i/ps8_0_axi_periph/m01_couplers/auto_ds/inst/gen_downsizer.gen_simple_downsizer.axi_downsizer_inst/USE_WRITE.write_addr_inst/cmd_queue/inst/fifo_gen_inst/inst_fifo_gen/gconvfifo.rf/grf.rf/gntv_or_sync_fifo.gl0.rd/gr1.gr1_int.rfwft/aempty_fwft_i,
u96v2_4x4_apuf_i/ps8_0_axi_periph/m02_couplers/auto_ds/inst/gen_downsizer.gen_simple_downsizer.axi_downsizer_inst/USE_READ.read_addr_inst/cmd_queue/inst/fifo_gen_inst/inst_fifo_gen/gconvfifo.rf/grf.rf/gntv_or_sync_fifo.gl0.rd/gr1.gr1_int.rfwft/aempty_fwft_i,
u96v2_4x4_apuf_i/ps8_0_axi_periph/m02_couplers/auto_ds/inst/gen_downsizer.gen_simple_downsizer.axi_downsizer_inst/USE_WRITE.write_addr_inst/USE_B_CHANNEL.cmd_b_queue/inst/fifo_gen_inst/inst_fifo_gen/gconvfifo.rf/grf.rf/gntv_or_sync_fifo.gl0.rd/gr1.gr1_int.rfwft/aempty_fwft_i,
u96v2_4x4_apuf_i/ps8_0_axi_periph/m02_couplers/auto_ds/inst/gen_downsizer.gen_simple_downsizer.axi_downsizer_inst/USE_WRITE.write_addr_inst/cmd_queue/inst/fifo_gen_inst/inst_fifo_gen/gconvfifo.rf/grf.rf/gntv_or_sync_fifo.gl0.rd/gr1.gr1_int.rfwft/aempty_fwft_i,
u96v2_4x4_apuf_i/ps8_0_axi_periph/m03_couplers/auto_ds/inst/gen_downsizer.gen_simple_downsizer.axi_downsizer_inst/USE_READ.read_addr_inst/cmd_queue/inst/fifo_gen_inst/inst_fifo_gen/gconvfifo.rf/grf.rf/gntv_or_sync_fifo.gl0.rd/gr1.gr1_int.rfwft/aempty_fwft_i,
u96v2_4x4_apuf_i/ps8_0_axi_periph/m03_couplers/auto_ds/inst/gen_downsizer.gen_simple_downsizer.axi_downsizer_inst/USE_WRITE.write_addr_inst/USE_B_CHANNEL.cmd_b_queue/inst/fifo_gen_inst/inst_fifo_gen/gconvfifo.rf/grf.rf/gntv_or_sync_fifo.gl0.rd/gr1.gr1_int.rfwft/aempty_fwft_i,
u96v2_4x4_apuf_i/ps8_0_axi_periph/m03_couplers/auto_ds/inst/gen_downsizer.gen_simple_downsizer.axi_downsizer_inst/USE_WRITE.write_addr_inst/cmd_queue/inst/fifo_gen_inst/inst_fifo_gen/gconvfifo.rf/grf.rf/gntv_or_sync_fifo.gl0.rd/gr1.gr1_int.rfwft/aempty_fwft_i,
u96v2_4x4_apuf_i/ps8_0_axi_periph/m04_couplers/auto_ds/inst/gen_downsizer.gen_simple_downsizer.axi_downsizer_inst/USE_WRITE.write_addr_inst/USE_B_CHANNEL.cmd_b_queue/inst/fifo_gen_inst/inst_fifo_gen/gconvfifo.rf/grf.rf/gntv_or_sync_fifo.gl0.rd/gr1.gr1_int.rfwft/aempty_fwft_i,
u96v2_4x4_apuf_i/ps8_0_axi_periph/m05_couplers/auto_ds/inst/gen_downsizer.gen_simple_downsizer.axi_downsizer_inst/USE_WRITE.write_addr_inst/cmd_queue/inst/fifo_gen_inst/inst_fifo_gen/gconvfifo.rf/grf.rf/gntv_or_sync_fifo.gl0.rd/gr1.gr1_int.rfwft/aempty_fwft_i,
u96v2_4x4_apuf_i/ps8_0_axi_periph/m06_couplers/auto_ds/inst/gen_downsizer.gen_simple_downsizer.axi_downsizer_inst/USE_READ.read_addr_inst/cmd_queue/inst/fifo_gen_inst/inst_fifo_gen/gconvfifo.rf/grf.rf/gntv_or_sync_fifo.gl0.rd/gr1.gr1_int.rfwft/aempty_fwft_i,
u96v2_4x4_apuf_i/ps8_0_axi_periph/m06_couplers/auto_ds/inst/gen_downsizer.gen_simple_downsizer.axi_downsizer_inst/USE_WRITE.write_addr_inst/cmd_queue/inst/fifo_gen_inst/inst_fifo_gen/gconvfifo.rf/grf.rf/gntv_or_sync_fifo.gl0.rd/gr1.gr1_int.rfwft/aempty_fwft_i,
u96v2_4x4_apuf_i/ps8_0_axi_periph/m07_couplers/auto_ds/inst/gen_downsizer.gen_simple_downsizer.axi_downsizer_inst/USE_READ.read_addr_inst/cmd_queue/inst/fifo_gen_inst/inst_fifo_gen/gconvfifo.rf/grf.rf/gntv_or_sync_fifo.gl0.rd/gr1.gr1_int.rfwft/aempty_fwft_i,
u96v2_4x4_apuf_i/ps8_0_axi_periph/m07_couplers/auto_ds/inst/gen_downsizer.gen_simple_downsizer.axi_downsizer_inst/USE_WRITE.write_addr_inst/USE_B_CHANNEL.cmd_b_queue/inst/fifo_gen_inst/inst_fifo_gen/gconvfifo.rf/grf.rf/gntv_or_sync_fifo.gl0.rd/gr1.gr1_int.rfwft/aempty_fwft_i,
u96v2_4x4_apuf_i/ps8_0_axi_periph/m08_couplers/auto_ds/inst/gen_downsizer.gen_simple_downsizer.axi_downsizer_inst/USE_WRITE.write_addr_inst/cmd_queue/inst/fifo_gen_inst/inst_fifo_gen/gconvfifo.rf/grf.rf/gntv_or_sync_fifo.gl0.rd/gr1.gr1_int.rfwft/aempty_fwft_i
 (the first 15 of 168 listed).
Related violations: <none>


