Copyright 1986-2020 Xilinx, Inc. All Rights Reserved.
------------------------------------------------------------------------------------
| Tool Version : Vivado v.2020.2 (lin64) Build 3064766 Wed Nov 18 09:12:47 MST 2020
| Date         : Thu Oct 10 09:13:54 2024
| Host         : puftester-Latitude-E7240 running 64-bit Ubuntu 18.04.6 LTS
| Command      : upgrade_ip
| Device       : xczu3eg-sbva484-1-i
------------------------------------------------------------------------------------

Upgrade Log for IP 'u96_v2_pop_ropuf_POP_ro_puf_AXI4L_0_0'

1. Summary
----------

SUCCESS in the upgrade of u96_v2_pop_ropuf_POP_ro_puf_AXI4L_0_0 (user.org:user:POP_ro_puf_AXI4L:1.0) from (Rev. 25) to (Rev. 26)






Copyright 1986-2020 Xilinx, Inc. All Rights Reserved.
------------------------------------------------------------------------------------
| Tool Version : Vivado v.2020.2 (lin64) Build 3064766 Wed Nov 18 09:12:47 MST 2020
| Date         : Thu Oct 10 02:44:38 2024
| Host         : puftester-Latitude-E7240 running 64-bit Ubuntu 18.04.6 LTS
| Command      : upgrade_ip
| Device       : xczu3eg-sbva484-1-i
------------------------------------------------------------------------------------

Upgrade Log for IP 'u96_v2_pop_ropuf_POP_ro_puf_AXI4L_0_0'

1. Summary
----------

SUCCESS in the upgrade of u96_v2_pop_ropuf_POP_ro_puf_AXI4L_0_0 (user.org:user:POP_ro_puf_AXI4L:1.0) from (Rev. 24) to (Rev. 25)






Copyright 1986-2020 Xilinx, Inc. All Rights Reserved.
------------------------------------------------------------------------------------
| Tool Version : Vivado v.2020.2 (lin64) Build 3064766 Wed Nov 18 09:12:47 MST 2020
| Date         : Thu Oct 10 02:10:02 2024
| Host         : puftester-Latitude-E7240 running 64-bit Ubuntu 18.04.6 LTS
| Command      : upgrade_ip
| Device       : xczu3eg-sbva484-1-i
------------------------------------------------------------------------------------

Upgrade Log for IP 'u96_v2_pop_ropuf_POP_ro_puf_AXI4L_0_0'

1. Summary
----------

SUCCESS in the upgrade of u96_v2_pop_ropuf_POP_ro_puf_AXI4L_0_0 (user.org:user:POP_ro_puf_AXI4L:1.0) from (Rev. 23) to (Rev. 24)






Copyright 1986-2020 Xilinx, Inc. All Rights Reserved.
------------------------------------------------------------------------------------
| Tool Version : Vivado v.2020.2 (lin64) Build 3064766 Wed Nov 18 09:12:47 MST 2020
| Date         : Thu Oct 10 00:51:52 2024
| Host         : puftester-Latitude-E7240 running 64-bit Ubuntu 18.04.6 LTS
| Command      : upgrade_ip
| Device       : xczu3eg-sbva484-1-i
------------------------------------------------------------------------------------

Upgrade Log for IP 'u96_v2_pop_ropuf_POP_ro_puf_AXI4L_0_0'

1. Summary
----------

SUCCESS in the upgrade of u96_v2_pop_ropuf_POP_ro_puf_AXI4L_0_0 (user.org:user:POP_ro_puf_AXI4L:1.0) from (Rev. 22) to (Rev. 23)






Copyright 1986-2020 Xilinx, Inc. All Rights Reserved.
------------------------------------------------------------------------------------
| Tool Version : Vivado v.2020.2 (lin64) Build 3064766 Wed Nov 18 09:12:47 MST 2020
| Date         : Tue Oct  8 23:11:38 2024
| Host         : puftester-Latitude-E7240 running 64-bit Ubuntu 18.04.6 LTS
| Command      : upgrade_ip
| Device       : xczu3eg-sbva484-1-i
------------------------------------------------------------------------------------

Upgrade Log for IP 'u96_v2_pop_ropuf_POP_ro_puf_AXI4L_0_0'

1. Summary
----------

SUCCESS in the upgrade of u96_v2_pop_ropuf_POP_ro_puf_AXI4L_0_0 (user.org:user:POP_ro_puf_AXI4L:1.0) from (Rev. 21) to (Rev. 22)






Copyright 1986-2020 Xilinx, Inc. All Rights Reserved.
------------------------------------------------------------------------------------
| Tool Version : Vivado v.2020.2 (lin64) Build 3064766 Wed Nov 18 09:12:47 MST 2020
| Date         : Tue Oct  8 18:58:39 2024
| Host         : puftester-Latitude-E7240 running 64-bit Ubuntu 18.04.6 LTS
| Command      : upgrade_ip
| Device       : xczu3eg-sbva484-1-i
------------------------------------------------------------------------------------

Upgrade Log for IP 'u96_v2_pop_ropuf_POP_ro_puf_AXI4L_0_0'

1. Summary
----------

SUCCESS in the upgrade of u96_v2_pop_ropuf_POP_ro_puf_AXI4L_0_0 (user.org:user:POP_ro_puf_AXI4L:1.0) from (Rev. 20) to (Rev. 21)






Copyright 1986-2020 Xilinx, Inc. All Rights Reserved.
------------------------------------------------------------------------------------
| Tool Version : Vivado v.2020.2 (lin64) Build 3064766 Wed Nov 18 09:12:47 MST 2020
| Date         : Tue Oct  8 18:25:19 2024
| Host         : puftester-Latitude-E7240 running 64-bit Ubuntu 18.04.6 LTS
| Command      : upgrade_ip
| Device       : xczu3eg-sbva484-1-i
------------------------------------------------------------------------------------

Upgrade Log for IP 'u96_v2_pop_ropuf_POP_ro_puf_AXI4L_0_0'

1. Summary
----------

SUCCESS in the upgrade of u96_v2_pop_ropuf_POP_ro_puf_AXI4L_0_0 (user.org:user:POP_ro_puf_AXI4L:1.0) from (Rev. 19) to (Rev. 20)






Copyright 1986-2020 Xilinx, Inc. All Rights Reserved.
------------------------------------------------------------------------------------
| Tool Version : Vivado v.2020.2 (lin64) Build 3064766 Wed Nov 18 09:12:47 MST 2020
| Date         : Tue Oct  8 16:42:11 2024
| Host         : puftester-Latitude-E7240 running 64-bit Ubuntu 18.04.6 LTS
| Command      : upgrade_ip
| Device       : xczu3eg-sbva484-1-i
------------------------------------------------------------------------------------

Upgrade Log for IP 'u96_v2_pop_ropuf_POP_ro_puf_AXI4L_0_0'

1. Summary
----------

SUCCESS in the upgrade of u96_v2_pop_ropuf_POP_ro_puf_AXI4L_0_0 (user.org:user:POP_ro_puf_AXI4L:1.0) from (Rev. 18) to (Rev. 19)






Copyright 1986-2020 Xilinx, Inc. All Rights Reserved.
------------------------------------------------------------------------------------
| Tool Version : Vivado v.2020.2 (lin64) Build 3064766 Wed Nov 18 09:12:47 MST 2020
| Date         : Mon Oct  7 09:57:07 2024
| Host         : puftester-Latitude-E7240 running 64-bit Ubuntu 18.04.6 LTS
| Command      : upgrade_ip
| Device       : xczu3eg-sbva484-1-i
------------------------------------------------------------------------------------

Upgrade Log for IP 'u96_v2_pop_ropuf_POP_ro_puf_AXI4L_0_0'

1. Summary
----------

SUCCESS in the upgrade of u96_v2_pop_ropuf_POP_ro_puf_AXI4L_0_0 (user.org:user:POP_ro_puf_AXI4L:1.0) from (Rev. 16) to (Rev. 18)






Copyright 1986-2020 Xilinx, Inc. All Rights Reserved.
------------------------------------------------------------------------------------
| Tool Version : Vivado v.2020.2 (lin64) Build 3064766 Wed Nov 18 09:12:47 MST 2020
| Date         : Mon Oct  7 00:28:10 2024
| Host         : puftester-Latitude-E7240 running 64-bit Ubuntu 18.04.6 LTS
| Command      : upgrade_ip
| Device       : xczu3eg-sbva484-1-i
------------------------------------------------------------------------------------

Upgrade Log for IP 'u96_v2_pop_ropuf_POP_ro_puf_AXI4L_0_0'

1. Summary
----------

SUCCESS in the upgrade of u96_v2_pop_ropuf_POP_ro_puf_AXI4L_0_0 (user.org:user:POP_ro_puf_AXI4L:1.0) from (Rev. 15) to (Rev. 16)






Copyright 1986-2020 Xilinx, Inc. All Rights Reserved.
------------------------------------------------------------------------------------
| Tool Version : Vivado v.2020.2 (lin64) Build 3064766 Wed Nov 18 09:12:47 MST 2020
| Date         : Sun Oct  6 23:36:42 2024
| Host         : puftester-Latitude-E7240 running 64-bit Ubuntu 18.04.6 LTS
| Command      : upgrade_ip
| Device       : xczu3eg-sbva484-1-i
------------------------------------------------------------------------------------

Upgrade Log for IP 'u96_v2_pop_ropuf_POP_ro_puf_AXI4L_0_0'

1. Summary
----------

SUCCESS in the upgrade of u96_v2_pop_ropuf_POP_ro_puf_AXI4L_0_0 (user.org:user:POP_ro_puf_AXI4L:1.0) from (Rev. 14) to (Rev. 15)






Copyright 1986-2020 Xilinx, Inc. All Rights Reserved.
------------------------------------------------------------------------------------
| Tool Version : Vivado v.2020.2 (lin64) Build 3064766 Wed Nov 18 09:12:47 MST 2020
| Date         : Sun Oct  6 22:48:07 2024
| Host         : puftester-Latitude-E7240 running 64-bit Ubuntu 18.04.6 LTS
| Command      : upgrade_ip
| Device       : xczu3eg-sbva484-1-i
------------------------------------------------------------------------------------

Upgrade Log for IP 'u96_v2_pop_ropuf_POP_ro_puf_AXI4L_0_0'

1. Summary
----------

SUCCESS in the upgrade of u96_v2_pop_ropuf_POP_ro_puf_AXI4L_0_0 (user.org:user:POP_ro_puf_AXI4L:1.0) from (Rev. 13) to (Rev. 14)






Copyright 1986-2020 Xilinx, Inc. All Rights Reserved.
------------------------------------------------------------------------------------
| Tool Version : Vivado v.2020.2 (lin64) Build 3064766 Wed Nov 18 09:12:47 MST 2020
| Date         : Sun Oct  6 22:36:44 2024
| Host         : puftester-Latitude-E7240 running 64-bit Ubuntu 18.04.6 LTS
| Command      : upgrade_ip
| Device       : xczu3eg-sbva484-1-i
------------------------------------------------------------------------------------

Upgrade Log for IP 'u96_v2_pop_ropuf_POP_ro_puf_AXI4L_0_0'

1. Summary
----------

SUCCESS in the upgrade of u96_v2_pop_ropuf_POP_ro_puf_AXI4L_0_0 (user.org:user:POP_ro_puf_AXI4L:1.0) from (Rev. 12) to (Rev. 13)






Copyright 1986-2020 Xilinx, Inc. All Rights Reserved.
------------------------------------------------------------------------------------
| Tool Version : Vivado v.2020.2 (lin64) Build 3064766 Wed Nov 18 09:12:47 MST 2020
| Date         : Sun Oct  6 18:29:25 2024
| Host         : puftester-Latitude-E7240 running 64-bit Ubuntu 18.04.6 LTS
| Command      : upgrade_ip
| Device       : xczu3eg-sbva484-1-i
------------------------------------------------------------------------------------

Upgrade Log for IP 'u96_v2_pop_ropuf_POP_ro_puf_AXI4L_0_0'

1. Summary
----------

SUCCESS in the upgrade of u96_v2_pop_ropuf_POP_ro_puf_AXI4L_0_0 (user.org:user:POP_ro_puf_AXI4L:1.0) from (Rev. 11) to (Rev. 12)






Copyright 1986-2020 Xilinx, Inc. All Rights Reserved.
------------------------------------------------------------------------------------
| Tool Version : Vivado v.2020.2 (lin64) Build 3064766 Wed Nov 18 09:12:47 MST 2020
| Date         : Sun Oct  6 17:23:05 2024
| Host         : puftester-Latitude-E7240 running 64-bit Ubuntu 18.04.6 LTS
| Command      : upgrade_ip
| Device       : xczu3eg-sbva484-1-i
------------------------------------------------------------------------------------

Upgrade Log for IP 'u96_v2_pop_ropuf_POP_ro_puf_AXI4L_0_0'

1. Summary
----------

SUCCESS in the upgrade of u96_v2_pop_ropuf_POP_ro_puf_AXI4L_0_0 (user.org:user:POP_ro_puf_AXI4L:1.0) from (Rev. 10) to (Rev. 11)






Copyright 1986-2020 Xilinx, Inc. All Rights Reserved.
------------------------------------------------------------------------------------
| Tool Version : Vivado v.2020.2 (lin64) Build 3064766 Wed Nov 18 09:12:47 MST 2020
| Date         : Sun Oct  6 15:38:06 2024
| Host         : puftester-Latitude-E7240 running 64-bit Ubuntu 18.04.6 LTS
| Command      : upgrade_ip
| Device       : xczu3eg-sbva484-1-i
------------------------------------------------------------------------------------

Upgrade Log for IP 'u96_v2_pop_ropuf_POP_ro_puf_AXI4L_0_0'

1. Summary
----------

SUCCESS in the conversion of u96_v2_pop_ropuf_POP_ro_puf_AXI4L_0_0 (user.org:user:POP_ro_puf_AXI4L:1.0 (Rev. 10)) to Vivado generation flows.






Copyright 1986-2020 Xilinx, Inc. All Rights Reserved.
------------------------------------------------------------------------------------
| Tool Version : Vivado v.2020.2 (lin64) Build 3064766 Wed Nov 18 09:12:47 MST 2020
| Date         : Sun Oct  6 15:35:46 2024
| Host         : puftester-Latitude-E7240 running 64-bit Ubuntu 18.04.6 LTS
| Command      : upgrade_ip
| Device       : xczu3eg-sbva484-1-i
------------------------------------------------------------------------------------

Upgrade Log for IP 'u96_v2_pop_ropuf_POP_ro_puf_AXI4L_0_0'

1. Summary
----------

SUCCESS in the upgrade of u96_v2_pop_ropuf_POP_ro_puf_AXI4L_0_0 (user.org:user:POP_ro_puf_AXI4L:1.0) from (Rev. 9) to (Rev. 10)






Copyright 1986-2020 Xilinx, Inc. All Rights Reserved.
------------------------------------------------------------------------------------
| Tool Version : Vivado v.2020.2 (lin64) Build 3064766 Wed Nov 18 09:12:47 MST 2020
| Date         : Sun Oct  6 13:21:12 2024
| Host         : puftester-Latitude-E7240 running 64-bit Ubuntu 18.04.6 LTS
| Command      : upgrade_ip
| Device       : xczu3eg-sbva484-1-i
------------------------------------------------------------------------------------

Upgrade Log for IP 'u96_v2_pop_ropuf_POP_ro_puf_AXI4L_0_0'

1. Summary
----------

SUCCESS in the upgrade of u96_v2_pop_ropuf_POP_ro_puf_AXI4L_0_0 (user.org:user:POP_ro_puf_AXI4L:1.0) from (Rev. 8) to (Rev. 9)






Copyright 1986-2020 Xilinx, Inc. All Rights Reserved.
------------------------------------------------------------------------------------
| Tool Version : Vivado v.2020.2 (lin64) Build 3064766 Wed Nov 18 09:12:47 MST 2020
| Date         : Sun Oct  6 13:03:22 2024
| Host         : puftester-Latitude-E7240 running 64-bit Ubuntu 18.04.6 LTS
| Command      : upgrade_ip
| Device       : xczu3eg-sbva484-1-i
------------------------------------------------------------------------------------

Upgrade Log for IP 'u96_v2_pop_ropuf_POP_ro_puf_AXI4L_0_0'

1. Summary
----------

SUCCESS in the upgrade of u96_v2_pop_ropuf_POP_ro_puf_AXI4L_0_0 (user.org:user:POP_ro_puf_AXI4L:1.0) from (Rev. 7) to (Rev. 8)






Copyright 1986-2020 Xilinx, Inc. All Rights Reserved.
------------------------------------------------------------------------------------
| Tool Version : Vivado v.2020.2 (lin64) Build 3064766 Wed Nov 18 09:12:47 MST 2020
| Date         : Sun Oct  6 12:49:46 2024
| Host         : puftester-Latitude-E7240 running 64-bit Ubuntu 18.04.6 LTS
| Command      : upgrade_ip
| Device       : xczu3eg-sbva484-1-i
------------------------------------------------------------------------------------

Upgrade Log for IP 'u96_v2_pop_ropuf_POP_ro_puf_AXI4L_0_0'

1. Summary
----------

SUCCESS in the upgrade of u96_v2_pop_ropuf_POP_ro_puf_AXI4L_0_0 (user.org:user:POP_ro_puf_AXI4L:1.0) from (Rev. 6) to (Rev. 7)






Copyright 1986-2020 Xilinx, Inc. All Rights Reserved.
------------------------------------------------------------------------------------
| Tool Version : Vivado v.2020.2 (lin64) Build 3064766 Wed Nov 18 09:12:47 MST 2020
| Date         : Fri Oct  4 17:37:18 2024
| Host         : puftester-Latitude-E7240 running 64-bit Ubuntu 18.04.6 LTS
| Command      : upgrade_ip
| Device       : xczu3eg-sbva484-1-i
------------------------------------------------------------------------------------

Upgrade Log for IP 'u96_v2_pop_ropuf_POP_ro_puf_AXI4L_0_0'

1. Summary
----------

SUCCESS in the upgrade of u96_v2_pop_ropuf_POP_ro_puf_AXI4L_0_0 (user.org:user:POP_ro_puf_AXI4L:1.0) from (Rev. 5) to (Rev. 6)






Copyright 1986-2020 Xilinx, Inc. All Rights Reserved.
------------------------------------------------------------------------------------
| Tool Version : Vivado v.2020.2 (lin64) Build 3064766 Wed Nov 18 09:12:47 MST 2020
| Date         : Sun Sep 29 23:58:40 2024
| Host         : puftester-Latitude-E7240 running 64-bit Ubuntu 18.04.6 LTS
| Command      : upgrade_ip
| Device       : xczu3eg-sbva484-1-i
------------------------------------------------------------------------------------

Upgrade Log for IP 'u96_v2_pop_ropuf_POP_ro_puf_AXI4L_0_0'

1. Summary
----------

SUCCESS in the upgrade of u96_v2_pop_ropuf_POP_ro_puf_AXI4L_0_0 (user.org:user:POP_ro_puf_AXI4L:1.0) from (Rev. 4) to (Rev. 5)






Copyright 1986-2020 Xilinx, Inc. All Rights Reserved.
------------------------------------------------------------------------------------
| Tool Version : Vivado v.2020.2 (lin64) Build 3064766 Wed Nov 18 09:12:47 MST 2020
| Date         : Sun Sep 29 19:38:50 2024
| Host         : puftester-Latitude-E7240 running 64-bit Ubuntu 18.04.6 LTS
| Command      : upgrade_ip
| Device       : xczu3eg-sbva484-1-i
------------------------------------------------------------------------------------

Upgrade Log for IP 'u96_v2_pop_ropuf_POP_ro_puf_AXI4L_0_0'

1. Summary
----------

SUCCESS in the upgrade of u96_v2_pop_ropuf_POP_ro_puf_AXI4L_0_0 (user.org:user:POP_ro_puf_AXI4L:1.0) from (Rev. 3) to (Rev. 4)






Copyright 1986-2020 Xilinx, Inc. All Rights Reserved.
------------------------------------------------------------------------------------
| Tool Version : Vivado v.2020.2 (lin64) Build 3064766 Wed Nov 18 09:12:47 MST 2020
| Date         : Sun Sep 29 18:55:52 2024
| Host         : puftester-Latitude-E7240 running 64-bit Ubuntu 18.04.6 LTS
| Command      : upgrade_ip
| Device       : xczu3eg-sbva484-1-i
------------------------------------------------------------------------------------

Upgrade Log for IP 'u96_v2_tima_ropuf2_POP_ro_puf_AXI4L_0_0'

1. Summary
----------

CAUTION (success, with warnings) in the upgrade of u96_v2_tima_ropuf2_POP_ro_puf_AXI4L_0_0 (user.org:user:POP_ro_puf_AXI4L:1.0) from (Rev. 2) to (Rev. 3)

After upgrade, an IP may have parameter and port differences compared to the original customization. Please review the parameters within the IP customization GUI to ensure proper functionality. Also, please review the updated IP instantiation template to ensure proper connectivity, and update your design if required.

2. Interface Information
------------------------

Detected external interface differences while upgrading 'u96_v2_tima_ropuf2_POP_ro_puf_AXI4L_0_0'.


-Upgrade has added interface 'clk' (xilinx.com:signal:clock:1.0)


3. Connection Warnings
----------------------

Detected external port differences while upgrading 'u96_v2_tima_ropuf2_POP_ro_puf_AXI4L_0_0'. These changes may impact your design.


-Upgrade has added port 'clk'


