Copyright 1986-2020 Xilinx, Inc. All Rights Reserved.
------------------------------------------------------------------------------------
| Tool Version : Vivado v.2020.2 (lin64) Build 3064766 Wed Nov 18 09:12:47 MST 2020
| Date         : Wed Oct  9 22:47:01 2024
| Host         : puftester-Latitude-E7240 running 64-bit Ubuntu 18.04.6 LTS
| Command      : upgrade_ip
| Device       : xczu3eg-sbva484-1-i
------------------------------------------------------------------------------------

Upgrade Log for IP 'u96v2_arbutterfly_ArButterfly_PUF_0_0'

1. Summary
----------

SUCCESS in the upgrade of u96v2_arbutterfly_ArButterfly_PUF_0_0 (user.org:user:ArButterfly_PUF:1.0) from (Rev. 5) to (Rev. 6)






Copyright 1986-2020 Xilinx, Inc. All Rights Reserved.
------------------------------------------------------------------------------------
| Tool Version : Vivado v.2020.2 (lin64) Build 3064766 Wed Nov 18 09:12:47 MST 2020
| Date         : Wed Oct  9 22:40:10 2024
| Host         : puftester-Latitude-E7240 running 64-bit Ubuntu 18.04.6 LTS
| Command      : upgrade_ip
| Device       : xczu3eg-sbva484-1-i
------------------------------------------------------------------------------------

Upgrade Log for IP 'u96v2_arbutterfly_ArButterfly_PUF_0_0'

1. Summary
----------

SUCCESS in the upgrade of u96v2_arbutterfly_ArButterfly_PUF_0_0 (user.org:user:ArButterfly_PUF:1.0) from (Rev. 4) to (Rev. 5)






Copyright 1986-2020 Xilinx, Inc. All Rights Reserved.
------------------------------------------------------------------------------------
| Tool Version : Vivado v.2020.2 (lin64) Build 3064766 Wed Nov 18 09:12:47 MST 2020
| Date         : Wed Oct  9 16:42:13 2024
| Host         : puftester-Latitude-E7240 running 64-bit Ubuntu 18.04.6 LTS
| Command      : upgrade_ip
| Device       : xczu3eg-sbva484-1-i
------------------------------------------------------------------------------------

Upgrade Log for IP 'u96v2_arbutterfly_ArButterfly_PUF_0_0'

1. Summary
----------

SUCCESS in the upgrade of u96v2_arbutterfly_ArButterfly_PUF_0_0 (user.org:user:ArButterfly_PUF:1.0) from (Rev. 3) to (Rev. 4)

