INFO: [VRFC 10-2263] Analyzing Verilog file "/home/puftester/PhD/repo/Hw-designs/PUFs/Butterfly_PUF/Butterfly_PUF.sim/sim_1/synth/timing/xsim/tb_top_puf_time_synth.v" into library xil_defaultlib
INFO: [VRFC 10-311] analyzing module IBUF_UNIQ_BASE_
INFO: [VRFC 10-311] analyzing module IBUF_HD47
INFO: [VRFC 10-311] analyzing module IBUF_HD48
INFO: [VRFC 10-311] analyzing module IBUF_HD49
INFO: [VRFC 10-311] analyzing module IBUF_HD50
INFO: [VRFC 10-311] analyzing module IBUF_HD51
INFO: [VRFC 10-311] analyzing module IBUF_HD52
INFO: [VRFC 10-311] analyzing module IBUF_HD53
INFO: [VRFC 10-311] analyzing module IBUF_HD54
INFO: [VRFC 10-311] analyzing module IBUF_HD55
INFO: [VRFC 10-311] analyzing module IBUF_HD56
INFO: [VRFC 10-311] analyzing module IBUF_HD57
INFO: [VRFC 10-311] analyzing module IBUF_HD58
INFO: [VRFC 10-311] analyzing module IBUF_HD59
INFO: [VRFC 10-311] analyzing module IBUF_HD60
INFO: [VRFC 10-311] analyzing module IBUF_HD61
INFO: [VRFC 10-311] analyzing module IBUF_HD62
INFO: [VRFC 10-311] analyzing module IBUF_HD63
INFO: [VRFC 10-311] analyzing module IBUF_HD64
INFO: [VRFC 10-311] analyzing module IBUF_HD65
INFO: [VRFC 10-311] analyzing module IBUF_HD66
INFO: [VRFC 10-311] analyzing module IBUF_HD67
INFO: [VRFC 10-311] analyzing module IBUF_HD68
INFO: [VRFC 10-311] analyzing module IBUF_HD69
INFO: [VRFC 10-311] analyzing module IBUF_HD70
INFO: [VRFC 10-311] analyzing module IBUF_HD71
INFO: [VRFC 10-311] analyzing module IBUF_HD72
INFO: [VRFC 10-311] analyzing module IBUF_HD73
INFO: [VRFC 10-311] analyzing module IBUF_HD74
INFO: [VRFC 10-311] analyzing module IBUF_HD75
INFO: [VRFC 10-311] analyzing module IBUF_HD76
INFO: [VRFC 10-311] analyzing module IBUF_HD77
INFO: [VRFC 10-311] analyzing module IBUF_HD78
INFO: [VRFC 10-311] analyzing module IBUF_HD79
INFO: [VRFC 10-311] analyzing module IBUF_HD80
INFO: [VRFC 10-311] analyzing module IBUF_HD81
INFO: [VRFC 10-311] analyzing module IBUF_HD82
INFO: [VRFC 10-311] analyzing module IBUF_HD83
INFO: [VRFC 10-311] analyzing module IBUF_HD84
INFO: [VRFC 10-311] analyzing module IBUF_HD85
INFO: [VRFC 10-311] analyzing module IBUF_HD86
INFO: [VRFC 10-311] analyzing module Arbys
INFO: [VRFC 10-311] analyzing module Arbys__1
INFO: [VRFC 10-311] analyzing module Arbys__10
INFO: [VRFC 10-311] analyzing module Arbys__100
INFO: [VRFC 10-311] analyzing module Arbys__101
INFO: [VRFC 10-311] analyzing module Arbys__102
INFO: [VRFC 10-311] analyzing module Arbys__103
INFO: [VRFC 10-311] analyzing module Arbys__104
INFO: [VRFC 10-311] analyzing module Arbys__105
INFO: [VRFC 10-311] analyzing module Arbys__106
INFO: [VRFC 10-311] analyzing module Arbys__107
INFO: [VRFC 10-311] analyzing module Arbys__108
INFO: [VRFC 10-311] analyzing module Arbys__109
INFO: [VRFC 10-311] analyzing module Arbys__11
INFO: [VRFC 10-311] analyzing module Arbys__110
INFO: [VRFC 10-311] analyzing module Arbys__111
INFO: [VRFC 10-311] analyzing module Arbys__112
INFO: [VRFC 10-311] analyzing module Arbys__113
INFO: [VRFC 10-311] analyzing module Arbys__114
INFO: [VRFC 10-311] analyzing module Arbys__115
INFO: [VRFC 10-311] analyzing module Arbys__116
INFO: [VRFC 10-311] analyzing module Arbys__117
INFO: [VRFC 10-311] analyzing module Arbys__118
INFO: [VRFC 10-311] analyzing module Arbys__119
INFO: [VRFC 10-311] analyzing module Arbys__12
INFO: [VRFC 10-311] analyzing module Arbys__120
INFO: [VRFC 10-311] analyzing module Arbys__121
INFO: [VRFC 10-311] analyzing module Arbys__122
INFO: [VRFC 10-311] analyzing module Arbys__123
INFO: [VRFC 10-311] analyzing module Arbys__124
INFO: [VRFC 10-311] analyzing module Arbys__125
INFO: [VRFC 10-311] analyzing module Arbys__126
INFO: [VRFC 10-311] analyzing module Arbys__127
INFO: [VRFC 10-311] analyzing module Arbys__128
INFO: [VRFC 10-311] analyzing module Arbys__129
INFO: [VRFC 10-311] analyzing module Arbys__13
INFO: [VRFC 10-311] analyzing module Arbys__130
INFO: [VRFC 10-311] analyzing module Arbys__131
INFO: [VRFC 10-311] analyzing module Arbys__132
INFO: [VRFC 10-311] analyzing module Arbys__133
INFO: [VRFC 10-311] analyzing module Arbys__134
INFO: [VRFC 10-311] analyzing module Arbys__135
INFO: [VRFC 10-311] analyzing module Arbys__136
INFO: [VRFC 10-311] analyzing module Arbys__137
INFO: [VRFC 10-311] analyzing module Arbys__138
INFO: [VRFC 10-311] analyzing module Arbys__139
INFO: [VRFC 10-311] analyzing module Arbys__14
INFO: [VRFC 10-311] analyzing module Arbys__140
INFO: [VRFC 10-311] analyzing module Arbys__141
INFO: [VRFC 10-311] analyzing module Arbys__142
INFO: [VRFC 10-311] analyzing module Arbys__143
INFO: [VRFC 10-311] analyzing module Arbys__144
INFO: [VRFC 10-311] analyzing module Arbys__145
INFO: [VRFC 10-311] analyzing module Arbys__146
INFO: [VRFC 10-311] analyzing module Arbys__147
INFO: [VRFC 10-311] analyzing module Arbys__148
INFO: [VRFC 10-311] analyzing module Arbys__149
INFO: [VRFC 10-311] analyzing module Arbys__15
INFO: [VRFC 10-311] analyzing module Arbys__150
INFO: [VRFC 10-311] analyzing module Arbys__151
INFO: [VRFC 10-311] analyzing module Arbys__152
INFO: [VRFC 10-311] analyzing module Arbys__153
INFO: [VRFC 10-311] analyzing module Arbys__154
INFO: [VRFC 10-311] analyzing module Arbys__155
INFO: [VRFC 10-311] analyzing module Arbys__156
INFO: [VRFC 10-311] analyzing module Arbys__157
INFO: [VRFC 10-311] analyzing module Arbys__158
INFO: [VRFC 10-311] analyzing module Arbys__159
INFO: [VRFC 10-311] analyzing module Arbys__16
INFO: [VRFC 10-311] analyzing module Arbys__160
INFO: [VRFC 10-311] analyzing module Arbys__161
INFO: [VRFC 10-311] analyzing module Arbys__162
INFO: [VRFC 10-311] analyzing module Arbys__163
INFO: [VRFC 10-311] analyzing module Arbys__164
INFO: [VRFC 10-311] analyzing module Arbys__165
INFO: [VRFC 10-311] analyzing module Arbys__166
INFO: [VRFC 10-311] analyzing module Arbys__167
INFO: [VRFC 10-311] analyzing module Arbys__168
INFO: [VRFC 10-311] analyzing module Arbys__169
INFO: [VRFC 10-311] analyzing module Arbys__17
INFO: [VRFC 10-311] analyzing module Arbys__170
INFO: [VRFC 10-311] analyzing module Arbys__171
INFO: [VRFC 10-311] analyzing module Arbys__172
INFO: [VRFC 10-311] analyzing module Arbys__173
INFO: [VRFC 10-311] analyzing module Arbys__174
INFO: [VRFC 10-311] analyzing module Arbys__175
INFO: [VRFC 10-311] analyzing module Arbys__176
INFO: [VRFC 10-311] analyzing module Arbys__177
INFO: [VRFC 10-311] analyzing module Arbys__178
INFO: [VRFC 10-311] analyzing module Arbys__179
INFO: [VRFC 10-311] analyzing module Arbys__18
INFO: [VRFC 10-311] analyzing module Arbys__180
INFO: [VRFC 10-311] analyzing module Arbys__181
INFO: [VRFC 10-311] analyzing module Arbys__182
INFO: [VRFC 10-311] analyzing module Arbys__183
INFO: [VRFC 10-311] analyzing module Arbys__184
INFO: [VRFC 10-311] analyzing module Arbys__185
INFO: [VRFC 10-311] analyzing module Arbys__186
INFO: [VRFC 10-311] analyzing module Arbys__187
INFO: [VRFC 10-311] analyzing module Arbys__188
INFO: [VRFC 10-311] analyzing module Arbys__189
INFO: [VRFC 10-311] analyzing module Arbys__19
INFO: [VRFC 10-311] analyzing module Arbys__190
INFO: [VRFC 10-311] analyzing module Arbys__191
INFO: [VRFC 10-311] analyzing module Arbys__192
INFO: [VRFC 10-311] analyzing module Arbys__193
INFO: [VRFC 10-311] analyzing module Arbys__194
INFO: [VRFC 10-311] analyzing module Arbys__195
INFO: [VRFC 10-311] analyzing module Arbys__196
INFO: [VRFC 10-311] analyzing module Arbys__197
INFO: [VRFC 10-311] analyzing module Arbys__198
INFO: [VRFC 10-311] analyzing module Arbys__199
INFO: [VRFC 10-311] analyzing module Arbys__2
INFO: [VRFC 10-311] analyzing module Arbys__20
INFO: [VRFC 10-311] analyzing module Arbys__200
INFO: [VRFC 10-311] analyzing module Arbys__201
INFO: [VRFC 10-311] analyzing module Arbys__202
INFO: [VRFC 10-311] analyzing module Arbys__203
INFO: [VRFC 10-311] analyzing module Arbys__204
INFO: [VRFC 10-311] analyzing module Arbys__205
INFO: [VRFC 10-311] analyzing module Arbys__206
INFO: [VRFC 10-311] analyzing module Arbys__207
INFO: [VRFC 10-311] analyzing module Arbys__208
INFO: [VRFC 10-311] analyzing module Arbys__209
INFO: [VRFC 10-311] analyzing module Arbys__21
INFO: [VRFC 10-311] analyzing module Arbys__210
INFO: [VRFC 10-311] analyzing module Arbys__211
INFO: [VRFC 10-311] analyzing module Arbys__212
INFO: [VRFC 10-311] analyzing module Arbys__213
INFO: [VRFC 10-311] analyzing module Arbys__214
INFO: [VRFC 10-311] analyzing module Arbys__215
INFO: [VRFC 10-311] analyzing module Arbys__216
INFO: [VRFC 10-311] analyzing module Arbys__217
INFO: [VRFC 10-311] analyzing module Arbys__218
INFO: [VRFC 10-311] analyzing module Arbys__219
INFO: [VRFC 10-311] analyzing module Arbys__22
INFO: [VRFC 10-311] analyzing module Arbys__220
INFO: [VRFC 10-311] analyzing module Arbys__221
INFO: [VRFC 10-311] analyzing module Arbys__222
INFO: [VRFC 10-311] analyzing module Arbys__223
INFO: [VRFC 10-311] analyzing module Arbys__224
INFO: [VRFC 10-311] analyzing module Arbys__225
INFO: [VRFC 10-311] analyzing module Arbys__226
INFO: [VRFC 10-311] analyzing module Arbys__227
INFO: [VRFC 10-311] analyzing module Arbys__228
INFO: [VRFC 10-311] analyzing module Arbys__229
INFO: [VRFC 10-311] analyzing module Arbys__23
INFO: [VRFC 10-311] analyzing module Arbys__230
INFO: [VRFC 10-311] analyzing module Arbys__231
INFO: [VRFC 10-311] analyzing module Arbys__232
INFO: [VRFC 10-311] analyzing module Arbys__233
INFO: [VRFC 10-311] analyzing module Arbys__234
INFO: [VRFC 10-311] analyzing module Arbys__235
INFO: [VRFC 10-311] analyzing module Arbys__236
INFO: [VRFC 10-311] analyzing module Arbys__237
INFO: [VRFC 10-311] analyzing module Arbys__238
INFO: [VRFC 10-311] analyzing module Arbys__239
INFO: [VRFC 10-311] analyzing module Arbys__24
INFO: [VRFC 10-311] analyzing module Arbys__240
INFO: [VRFC 10-311] analyzing module Arbys__241
INFO: [VRFC 10-311] analyzing module Arbys__242
INFO: [VRFC 10-311] analyzing module Arbys__243
INFO: [VRFC 10-311] analyzing module Arbys__244
INFO: [VRFC 10-311] analyzing module Arbys__245
INFO: [VRFC 10-311] analyzing module Arbys__246
INFO: [VRFC 10-311] analyzing module Arbys__247
INFO: [VRFC 10-311] analyzing module Arbys__248
INFO: [VRFC 10-311] analyzing module Arbys__249
INFO: [VRFC 10-311] analyzing module Arbys__25
INFO: [VRFC 10-311] analyzing module Arbys__250
INFO: [VRFC 10-311] analyzing module Arbys__251
INFO: [VRFC 10-311] analyzing module Arbys__252
INFO: [VRFC 10-311] analyzing module Arbys__253
INFO: [VRFC 10-311] analyzing module Arbys__254
INFO: [VRFC 10-311] analyzing module Arbys__255
INFO: [VRFC 10-311] analyzing module Arbys__256
INFO: [VRFC 10-311] analyzing module Arbys__257
INFO: [VRFC 10-311] analyzing module Arbys__258
INFO: [VRFC 10-311] analyzing module Arbys__259
INFO: [VRFC 10-311] analyzing module Arbys__26
INFO: [VRFC 10-311] analyzing module Arbys__260
INFO: [VRFC 10-311] analyzing module Arbys__261
INFO: [VRFC 10-311] analyzing module Arbys__262
INFO: [VRFC 10-311] analyzing module Arbys__263
INFO: [VRFC 10-311] analyzing module Arbys__264
INFO: [VRFC 10-311] analyzing module Arbys__265
INFO: [VRFC 10-311] analyzing module Arbys__266
INFO: [VRFC 10-311] analyzing module Arbys__267
INFO: [VRFC 10-311] analyzing module Arbys__268
INFO: [VRFC 10-311] analyzing module Arbys__269
INFO: [VRFC 10-311] analyzing module Arbys__27
INFO: [VRFC 10-311] analyzing module Arbys__270
INFO: [VRFC 10-311] analyzing module Arbys__271
INFO: [VRFC 10-311] analyzing module Arbys__272
INFO: [VRFC 10-311] analyzing module Arbys__273
INFO: [VRFC 10-311] analyzing module Arbys__274
INFO: [VRFC 10-311] analyzing module Arbys__275
INFO: [VRFC 10-311] analyzing module Arbys__276
INFO: [VRFC 10-311] analyzing module Arbys__277
INFO: [VRFC 10-311] analyzing module Arbys__278
INFO: [VRFC 10-311] analyzing module Arbys__279
INFO: [VRFC 10-311] analyzing module Arbys__28
INFO: [VRFC 10-311] analyzing module Arbys__280
INFO: [VRFC 10-311] analyzing module Arbys__281
INFO: [VRFC 10-311] analyzing module Arbys__282
INFO: [VRFC 10-311] analyzing module Arbys__283
INFO: [VRFC 10-311] analyzing module Arbys__284
INFO: [VRFC 10-311] analyzing module Arbys__285
INFO: [VRFC 10-311] analyzing module Arbys__286
INFO: [VRFC 10-311] analyzing module Arbys__287
INFO: [VRFC 10-311] analyzing module Arbys__288
INFO: [VRFC 10-311] analyzing module Arbys__289
INFO: [VRFC 10-311] analyzing module Arbys__29
INFO: [VRFC 10-311] analyzing module Arbys__290
INFO: [VRFC 10-311] analyzing module Arbys__291
INFO: [VRFC 10-311] analyzing module Arbys__292
INFO: [VRFC 10-311] analyzing module Arbys__293
INFO: [VRFC 10-311] analyzing module Arbys__294
INFO: [VRFC 10-311] analyzing module Arbys__295
INFO: [VRFC 10-311] analyzing module Arbys__296
INFO: [VRFC 10-311] analyzing module Arbys__297
INFO: [VRFC 10-311] analyzing module Arbys__298
INFO: [VRFC 10-311] analyzing module Arbys__299
INFO: [VRFC 10-311] analyzing module Arbys__3
INFO: [VRFC 10-311] analyzing module Arbys__30
INFO: [VRFC 10-311] analyzing module Arbys__300
INFO: [VRFC 10-311] analyzing module Arbys__301
INFO: [VRFC 10-311] analyzing module Arbys__302
INFO: [VRFC 10-311] analyzing module Arbys__303
INFO: [VRFC 10-311] analyzing module Arbys__304
INFO: [VRFC 10-311] analyzing module Arbys__305
INFO: [VRFC 10-311] analyzing module Arbys__306
INFO: [VRFC 10-311] analyzing module Arbys__307
INFO: [VRFC 10-311] analyzing module Arbys__308
INFO: [VRFC 10-311] analyzing module Arbys__309
INFO: [VRFC 10-311] analyzing module Arbys__31
INFO: [VRFC 10-311] analyzing module Arbys__310
INFO: [VRFC 10-311] analyzing module Arbys__311
INFO: [VRFC 10-311] analyzing module Arbys__312
INFO: [VRFC 10-311] analyzing module Arbys__313
INFO: [VRFC 10-311] analyzing module Arbys__314
INFO: [VRFC 10-311] analyzing module Arbys__315
INFO: [VRFC 10-311] analyzing module Arbys__316
INFO: [VRFC 10-311] analyzing module Arbys__317
INFO: [VRFC 10-311] analyzing module Arbys__318
INFO: [VRFC 10-311] analyzing module Arbys__319
INFO: [VRFC 10-311] analyzing module Arbys__32
INFO: [VRFC 10-311] analyzing module Arbys__320
INFO: [VRFC 10-311] analyzing module Arbys__321
INFO: [VRFC 10-311] analyzing module Arbys__322
INFO: [VRFC 10-311] analyzing module Arbys__323
INFO: [VRFC 10-311] analyzing module Arbys__324
INFO: [VRFC 10-311] analyzing module Arbys__325
INFO: [VRFC 10-311] analyzing module Arbys__326
INFO: [VRFC 10-311] analyzing module Arbys__327
INFO: [VRFC 10-311] analyzing module Arbys__328
INFO: [VRFC 10-311] analyzing module Arbys__329
INFO: [VRFC 10-311] analyzing module Arbys__33
INFO: [VRFC 10-311] analyzing module Arbys__330
INFO: [VRFC 10-311] analyzing module Arbys__331
INFO: [VRFC 10-311] analyzing module Arbys__332
INFO: [VRFC 10-311] analyzing module Arbys__333
INFO: [VRFC 10-311] analyzing module Arbys__334
INFO: [VRFC 10-311] analyzing module Arbys__335
INFO: [VRFC 10-311] analyzing module Arbys__336
INFO: [VRFC 10-311] analyzing module Arbys__337
INFO: [VRFC 10-311] analyzing module Arbys__338
INFO: [VRFC 10-311] analyzing module Arbys__339
INFO: [VRFC 10-311] analyzing module Arbys__34
INFO: [VRFC 10-311] analyzing module Arbys__340
INFO: [VRFC 10-311] analyzing module Arbys__341
INFO: [VRFC 10-311] analyzing module Arbys__342
INFO: [VRFC 10-311] analyzing module Arbys__343
INFO: [VRFC 10-311] analyzing module Arbys__344
INFO: [VRFC 10-311] analyzing module Arbys__345
INFO: [VRFC 10-311] analyzing module Arbys__346
INFO: [VRFC 10-311] analyzing module Arbys__347
INFO: [VRFC 10-311] analyzing module Arbys__348
INFO: [VRFC 10-311] analyzing module Arbys__349
INFO: [VRFC 10-311] analyzing module Arbys__35
INFO: [VRFC 10-311] analyzing module Arbys__350
INFO: [VRFC 10-311] analyzing module Arbys__351
INFO: [VRFC 10-311] analyzing module Arbys__352
INFO: [VRFC 10-311] analyzing module Arbys__353
INFO: [VRFC 10-311] analyzing module Arbys__354
INFO: [VRFC 10-311] analyzing module Arbys__355
INFO: [VRFC 10-311] analyzing module Arbys__356
INFO: [VRFC 10-311] analyzing module Arbys__357
INFO: [VRFC 10-311] analyzing module Arbys__358
INFO: [VRFC 10-311] analyzing module Arbys__359
INFO: [VRFC 10-311] analyzing module Arbys__36
INFO: [VRFC 10-311] analyzing module Arbys__360
INFO: [VRFC 10-311] analyzing module Arbys__361
INFO: [VRFC 10-311] analyzing module Arbys__362
INFO: [VRFC 10-311] analyzing module Arbys__363
INFO: [VRFC 10-311] analyzing module Arbys__364
INFO: [VRFC 10-311] analyzing module Arbys__365
INFO: [VRFC 10-311] analyzing module Arbys__366
INFO: [VRFC 10-311] analyzing module Arbys__367
INFO: [VRFC 10-311] analyzing module Arbys__368
INFO: [VRFC 10-311] analyzing module Arbys__369
INFO: [VRFC 10-311] analyzing module Arbys__37
INFO: [VRFC 10-311] analyzing module Arbys__370
INFO: [VRFC 10-311] analyzing module Arbys__371
INFO: [VRFC 10-311] analyzing module Arbys__372
INFO: [VRFC 10-311] analyzing module Arbys__373
INFO: [VRFC 10-311] analyzing module Arbys__374
INFO: [VRFC 10-311] analyzing module Arbys__375
INFO: [VRFC 10-311] analyzing module Arbys__376
INFO: [VRFC 10-311] analyzing module Arbys__377
INFO: [VRFC 10-311] analyzing module Arbys__378
INFO: [VRFC 10-311] analyzing module Arbys__379
INFO: [VRFC 10-311] analyzing module Arbys__38
INFO: [VRFC 10-311] analyzing module Arbys__380
INFO: [VRFC 10-311] analyzing module Arbys__381
INFO: [VRFC 10-311] analyzing module Arbys__382
INFO: [VRFC 10-311] analyzing module Arbys__383
INFO: [VRFC 10-311] analyzing module Arbys__384
INFO: [VRFC 10-311] analyzing module Arbys__385
INFO: [VRFC 10-311] analyzing module Arbys__386
INFO: [VRFC 10-311] analyzing module Arbys__387
INFO: [VRFC 10-311] analyzing module Arbys__388
INFO: [VRFC 10-311] analyzing module Arbys__389
INFO: [VRFC 10-311] analyzing module Arbys__39
INFO: [VRFC 10-311] analyzing module Arbys__390
INFO: [VRFC 10-311] analyzing module Arbys__391
INFO: [VRFC 10-311] analyzing module Arbys__392
INFO: [VRFC 10-311] analyzing module Arbys__393
INFO: [VRFC 10-311] analyzing module Arbys__394
INFO: [VRFC 10-311] analyzing module Arbys__395
INFO: [VRFC 10-311] analyzing module Arbys__396
INFO: [VRFC 10-311] analyzing module Arbys__397
INFO: [VRFC 10-311] analyzing module Arbys__398
INFO: [VRFC 10-311] analyzing module Arbys__399
INFO: [VRFC 10-311] analyzing module Arbys__4
INFO: [VRFC 10-311] analyzing module Arbys__40
INFO: [VRFC 10-311] analyzing module Arbys__400
INFO: [VRFC 10-311] analyzing module Arbys__401
INFO: [VRFC 10-311] analyzing module Arbys__402
INFO: [VRFC 10-311] analyzing module Arbys__403
INFO: [VRFC 10-311] analyzing module Arbys__404
INFO: [VRFC 10-311] analyzing module Arbys__405
INFO: [VRFC 10-311] analyzing module Arbys__406
INFO: [VRFC 10-311] analyzing module Arbys__407
INFO: [VRFC 10-311] analyzing module Arbys__408
INFO: [VRFC 10-311] analyzing module Arbys__409
INFO: [VRFC 10-311] analyzing module Arbys__41
INFO: [VRFC 10-311] analyzing module Arbys__410
INFO: [VRFC 10-311] analyzing module Arbys__411
INFO: [VRFC 10-311] analyzing module Arbys__412
INFO: [VRFC 10-311] analyzing module Arbys__413
INFO: [VRFC 10-311] analyzing module Arbys__414
INFO: [VRFC 10-311] analyzing module Arbys__415
INFO: [VRFC 10-311] analyzing module Arbys__416
INFO: [VRFC 10-311] analyzing module Arbys__417
INFO: [VRFC 10-311] analyzing module Arbys__418
INFO: [VRFC 10-311] analyzing module Arbys__419
INFO: [VRFC 10-311] analyzing module Arbys__42
INFO: [VRFC 10-311] analyzing module Arbys__420
INFO: [VRFC 10-311] analyzing module Arbys__421
INFO: [VRFC 10-311] analyzing module Arbys__422
INFO: [VRFC 10-311] analyzing module Arbys__423
INFO: [VRFC 10-311] analyzing module Arbys__424
INFO: [VRFC 10-311] analyzing module Arbys__425
INFO: [VRFC 10-311] analyzing module Arbys__426
INFO: [VRFC 10-311] analyzing module Arbys__427
INFO: [VRFC 10-311] analyzing module Arbys__428
INFO: [VRFC 10-311] analyzing module Arbys__429
INFO: [VRFC 10-311] analyzing module Arbys__43
INFO: [VRFC 10-311] analyzing module Arbys__430
INFO: [VRFC 10-311] analyzing module Arbys__431
INFO: [VRFC 10-311] analyzing module Arbys__432
INFO: [VRFC 10-311] analyzing module Arbys__433
INFO: [VRFC 10-311] analyzing module Arbys__434
INFO: [VRFC 10-311] analyzing module Arbys__435
INFO: [VRFC 10-311] analyzing module Arbys__436
INFO: [VRFC 10-311] analyzing module Arbys__437
INFO: [VRFC 10-311] analyzing module Arbys__438
INFO: [VRFC 10-311] analyzing module Arbys__439
INFO: [VRFC 10-311] analyzing module Arbys__44
INFO: [VRFC 10-311] analyzing module Arbys__440
INFO: [VRFC 10-311] analyzing module Arbys__441
INFO: [VRFC 10-311] analyzing module Arbys__442
INFO: [VRFC 10-311] analyzing module Arbys__443
INFO: [VRFC 10-311] analyzing module Arbys__444
INFO: [VRFC 10-311] analyzing module Arbys__445
INFO: [VRFC 10-311] analyzing module Arbys__446
INFO: [VRFC 10-311] analyzing module Arbys__447
INFO: [VRFC 10-311] analyzing module Arbys__448
INFO: [VRFC 10-311] analyzing module Arbys__449
INFO: [VRFC 10-311] analyzing module Arbys__45
INFO: [VRFC 10-311] analyzing module Arbys__450
INFO: [VRFC 10-311] analyzing module Arbys__451
INFO: [VRFC 10-311] analyzing module Arbys__452
INFO: [VRFC 10-311] analyzing module Arbys__453
INFO: [VRFC 10-311] analyzing module Arbys__454
INFO: [VRFC 10-311] analyzing module Arbys__455
INFO: [VRFC 10-311] analyzing module Arbys__456
INFO: [VRFC 10-311] analyzing module Arbys__457
INFO: [VRFC 10-311] analyzing module Arbys__458
INFO: [VRFC 10-311] analyzing module Arbys__459
INFO: [VRFC 10-311] analyzing module Arbys__46
INFO: [VRFC 10-311] analyzing module Arbys__460
INFO: [VRFC 10-311] analyzing module Arbys__461
INFO: [VRFC 10-311] analyzing module Arbys__462
INFO: [VRFC 10-311] analyzing module Arbys__463
INFO: [VRFC 10-311] analyzing module Arbys__464
INFO: [VRFC 10-311] analyzing module Arbys__465
INFO: [VRFC 10-311] analyzing module Arbys__466
INFO: [VRFC 10-311] analyzing module Arbys__467
INFO: [VRFC 10-311] analyzing module Arbys__468
INFO: [VRFC 10-311] analyzing module Arbys__469
INFO: [VRFC 10-311] analyzing module Arbys__47
INFO: [VRFC 10-311] analyzing module Arbys__470
INFO: [VRFC 10-311] analyzing module Arbys__471
INFO: [VRFC 10-311] analyzing module Arbys__472
INFO: [VRFC 10-311] analyzing module Arbys__473
INFO: [VRFC 10-311] analyzing module Arbys__474
INFO: [VRFC 10-311] analyzing module Arbys__475
INFO: [VRFC 10-311] analyzing module Arbys__476
INFO: [VRFC 10-311] analyzing module Arbys__477
INFO: [VRFC 10-311] analyzing module Arbys__478
INFO: [VRFC 10-311] analyzing module Arbys__479
INFO: [VRFC 10-311] analyzing module Arbys__48
INFO: [VRFC 10-311] analyzing module Arbys__480
INFO: [VRFC 10-311] analyzing module Arbys__481
INFO: [VRFC 10-311] analyzing module Arbys__482
INFO: [VRFC 10-311] analyzing module Arbys__483
INFO: [VRFC 10-311] analyzing module Arbys__484
INFO: [VRFC 10-311] analyzing module Arbys__485
INFO: [VRFC 10-311] analyzing module Arbys__486
INFO: [VRFC 10-311] analyzing module Arbys__487
INFO: [VRFC 10-311] analyzing module Arbys__488
INFO: [VRFC 10-311] analyzing module Arbys__489
INFO: [VRFC 10-311] analyzing module Arbys__49
INFO: [VRFC 10-311] analyzing module Arbys__490
INFO: [VRFC 10-311] analyzing module Arbys__491
INFO: [VRFC 10-311] analyzing module Arbys__492
INFO: [VRFC 10-311] analyzing module Arbys__493
INFO: [VRFC 10-311] analyzing module Arbys__494
INFO: [VRFC 10-311] analyzing module Arbys__495
INFO: [VRFC 10-311] analyzing module Arbys__5
INFO: [VRFC 10-311] analyzing module Arbys__50
INFO: [VRFC 10-311] analyzing module Arbys__51
INFO: [VRFC 10-311] analyzing module Arbys__52
INFO: [VRFC 10-311] analyzing module Arbys__53
INFO: [VRFC 10-311] analyzing module Arbys__54
INFO: [VRFC 10-311] analyzing module Arbys__55
INFO: [VRFC 10-311] analyzing module Arbys__56
INFO: [VRFC 10-311] analyzing module Arbys__57
INFO: [VRFC 10-311] analyzing module Arbys__58
INFO: [VRFC 10-311] analyzing module Arbys__59
INFO: [VRFC 10-311] analyzing module Arbys__6
INFO: [VRFC 10-311] analyzing module Arbys__60
INFO: [VRFC 10-311] analyzing module Arbys__61
INFO: [VRFC 10-311] analyzing module Arbys__62
INFO: [VRFC 10-311] analyzing module Arbys__63
INFO: [VRFC 10-311] analyzing module Arbys__64
INFO: [VRFC 10-311] analyzing module Arbys__65
INFO: [VRFC 10-311] analyzing module Arbys__66
INFO: [VRFC 10-311] analyzing module Arbys__67
INFO: [VRFC 10-311] analyzing module Arbys__68
INFO: [VRFC 10-311] analyzing module Arbys__69
INFO: [VRFC 10-311] analyzing module Arbys__7
INFO: [VRFC 10-311] analyzing module Arbys__70
INFO: [VRFC 10-311] analyzing module Arbys__71
INFO: [VRFC 10-311] analyzing module Arbys__72
INFO: [VRFC 10-311] analyzing module Arbys__73
INFO: [VRFC 10-311] analyzing module Arbys__74
INFO: [VRFC 10-311] analyzing module Arbys__75
INFO: [VRFC 10-311] analyzing module Arbys__76
INFO: [VRFC 10-311] analyzing module Arbys__77
INFO: [VRFC 10-311] analyzing module Arbys__78
INFO: [VRFC 10-311] analyzing module Arbys__79
INFO: [VRFC 10-311] analyzing module Arbys__8
INFO: [VRFC 10-311] analyzing module Arbys__80
INFO: [VRFC 10-311] analyzing module Arbys__81
INFO: [VRFC 10-311] analyzing module Arbys__82
INFO: [VRFC 10-311] analyzing module Arbys__83
INFO: [VRFC 10-311] analyzing module Arbys__84
INFO: [VRFC 10-311] analyzing module Arbys__85
INFO: [VRFC 10-311] analyzing module Arbys__86
INFO: [VRFC 10-311] analyzing module Arbys__87
INFO: [VRFC 10-311] analyzing module Arbys__88
INFO: [VRFC 10-311] analyzing module Arbys__89
INFO: [VRFC 10-311] analyzing module Arbys__9
INFO: [VRFC 10-311] analyzing module Arbys__90
INFO: [VRFC 10-311] analyzing module Arbys__91
INFO: [VRFC 10-311] analyzing module Arbys__92
INFO: [VRFC 10-311] analyzing module Arbys__93
INFO: [VRFC 10-311] analyzing module Arbys__94
INFO: [VRFC 10-311] analyzing module Arbys__95
INFO: [VRFC 10-311] analyzing module Arbys__96
INFO: [VRFC 10-311] analyzing module Arbys__97
INFO: [VRFC 10-311] analyzing module Arbys__98
INFO: [VRFC 10-311] analyzing module Arbys__99
INFO: [VRFC 10-311] analyzing module Butterfly
INFO: [VRFC 10-311] analyzing module Butterfly__1
INFO: [VRFC 10-311] analyzing module Butterfly__10
INFO: [VRFC 10-311] analyzing module Butterfly__100
INFO: [VRFC 10-311] analyzing module Butterfly__101
INFO: [VRFC 10-311] analyzing module Butterfly__102
INFO: [VRFC 10-311] analyzing module Butterfly__103
INFO: [VRFC 10-311] analyzing module Butterfly__104
INFO: [VRFC 10-311] analyzing module Butterfly__105
INFO: [VRFC 10-311] analyzing module Butterfly__106
INFO: [VRFC 10-311] analyzing module Butterfly__107
INFO: [VRFC 10-311] analyzing module Butterfly__108
INFO: [VRFC 10-311] analyzing module Butterfly__109
INFO: [VRFC 10-311] analyzing module Butterfly__11
INFO: [VRFC 10-311] analyzing module Butterfly__110
INFO: [VRFC 10-311] analyzing module Butterfly__111
INFO: [VRFC 10-311] analyzing module Butterfly__112
INFO: [VRFC 10-311] analyzing module Butterfly__113
INFO: [VRFC 10-311] analyzing module Butterfly__114
INFO: [VRFC 10-311] analyzing module Butterfly__115
INFO: [VRFC 10-311] analyzing module Butterfly__116
INFO: [VRFC 10-311] analyzing module Butterfly__117
INFO: [VRFC 10-311] analyzing module Butterfly__118
INFO: [VRFC 10-311] analyzing module Butterfly__119
INFO: [VRFC 10-311] analyzing module Butterfly__12
INFO: [VRFC 10-311] analyzing module Butterfly__120
INFO: [VRFC 10-311] analyzing module Butterfly__121
INFO: [VRFC 10-311] analyzing module Butterfly__122
INFO: [VRFC 10-311] analyzing module Butterfly__123
INFO: [VRFC 10-311] analyzing module Butterfly__124
INFO: [VRFC 10-311] analyzing module Butterfly__125
INFO: [VRFC 10-311] analyzing module Butterfly__126
INFO: [VRFC 10-311] analyzing module Butterfly__127
INFO: [VRFC 10-311] analyzing module Butterfly__128
INFO: [VRFC 10-311] analyzing module Butterfly__129
INFO: [VRFC 10-311] analyzing module Butterfly__13
INFO: [VRFC 10-311] analyzing module Butterfly__130
INFO: [VRFC 10-311] analyzing module Butterfly__131
INFO: [VRFC 10-311] analyzing module Butterfly__132
INFO: [VRFC 10-311] analyzing module Butterfly__133
INFO: [VRFC 10-311] analyzing module Butterfly__134
INFO: [VRFC 10-311] analyzing module Butterfly__135
INFO: [VRFC 10-311] analyzing module Butterfly__136
INFO: [VRFC 10-311] analyzing module Butterfly__137
INFO: [VRFC 10-311] analyzing module Butterfly__138
INFO: [VRFC 10-311] analyzing module Butterfly__139
INFO: [VRFC 10-311] analyzing module Butterfly__14
INFO: [VRFC 10-311] analyzing module Butterfly__140
INFO: [VRFC 10-311] analyzing module Butterfly__141
INFO: [VRFC 10-311] analyzing module Butterfly__142
INFO: [VRFC 10-311] analyzing module Butterfly__143
INFO: [VRFC 10-311] analyzing module Butterfly__144
INFO: [VRFC 10-311] analyzing module Butterfly__145
INFO: [VRFC 10-311] analyzing module Butterfly__146
INFO: [VRFC 10-311] analyzing module Butterfly__147
INFO: [VRFC 10-311] analyzing module Butterfly__148
INFO: [VRFC 10-311] analyzing module Butterfly__149
INFO: [VRFC 10-311] analyzing module Butterfly__15
INFO: [VRFC 10-311] analyzing module Butterfly__150
INFO: [VRFC 10-311] analyzing module Butterfly__151
INFO: [VRFC 10-311] analyzing module Butterfly__152
INFO: [VRFC 10-311] analyzing module Butterfly__153
INFO: [VRFC 10-311] analyzing module Butterfly__154
INFO: [VRFC 10-311] analyzing module Butterfly__155
INFO: [VRFC 10-311] analyzing module Butterfly__156
INFO: [VRFC 10-311] analyzing module Butterfly__157
INFO: [VRFC 10-311] analyzing module Butterfly__158
INFO: [VRFC 10-311] analyzing module Butterfly__159
INFO: [VRFC 10-311] analyzing module Butterfly__16
INFO: [VRFC 10-311] analyzing module Butterfly__160
INFO: [VRFC 10-311] analyzing module Butterfly__161
INFO: [VRFC 10-311] analyzing module Butterfly__162
INFO: [VRFC 10-311] analyzing module Butterfly__163
INFO: [VRFC 10-311] analyzing module Butterfly__164
INFO: [VRFC 10-311] analyzing module Butterfly__165
INFO: [VRFC 10-311] analyzing module Butterfly__166
INFO: [VRFC 10-311] analyzing module Butterfly__167
INFO: [VRFC 10-311] analyzing module Butterfly__168
INFO: [VRFC 10-311] analyzing module Butterfly__169
INFO: [VRFC 10-311] analyzing module Butterfly__17
INFO: [VRFC 10-311] analyzing module Butterfly__170
INFO: [VRFC 10-311] analyzing module Butterfly__171
INFO: [VRFC 10-311] analyzing module Butterfly__172
INFO: [VRFC 10-311] analyzing module Butterfly__173
INFO: [VRFC 10-311] analyzing module Butterfly__174
INFO: [VRFC 10-311] analyzing module Butterfly__175
INFO: [VRFC 10-311] analyzing module Butterfly__176
INFO: [VRFC 10-311] analyzing module Butterfly__177
INFO: [VRFC 10-311] analyzing module Butterfly__178
INFO: [VRFC 10-311] analyzing module Butterfly__179
INFO: [VRFC 10-311] analyzing module Butterfly__18
INFO: [VRFC 10-311] analyzing module Butterfly__180
INFO: [VRFC 10-311] analyzing module Butterfly__181
INFO: [VRFC 10-311] analyzing module Butterfly__182
INFO: [VRFC 10-311] analyzing module Butterfly__183
INFO: [VRFC 10-311] analyzing module Butterfly__184
INFO: [VRFC 10-311] analyzing module Butterfly__185
INFO: [VRFC 10-311] analyzing module Butterfly__186
INFO: [VRFC 10-311] analyzing module Butterfly__187
INFO: [VRFC 10-311] analyzing module Butterfly__188
INFO: [VRFC 10-311] analyzing module Butterfly__189
INFO: [VRFC 10-311] analyzing module Butterfly__19
INFO: [VRFC 10-311] analyzing module Butterfly__190
INFO: [VRFC 10-311] analyzing module Butterfly__191
INFO: [VRFC 10-311] analyzing module Butterfly__192
INFO: [VRFC 10-311] analyzing module Butterfly__193
INFO: [VRFC 10-311] analyzing module Butterfly__194
INFO: [VRFC 10-311] analyzing module Butterfly__195
INFO: [VRFC 10-311] analyzing module Butterfly__196
INFO: [VRFC 10-311] analyzing module Butterfly__197
INFO: [VRFC 10-311] analyzing module Butterfly__198
INFO: [VRFC 10-311] analyzing module Butterfly__199
INFO: [VRFC 10-311] analyzing module Butterfly__2
INFO: [VRFC 10-311] analyzing module Butterfly__20
INFO: [VRFC 10-311] analyzing module Butterfly__200
INFO: [VRFC 10-311] analyzing module Butterfly__201
INFO: [VRFC 10-311] analyzing module Butterfly__202
INFO: [VRFC 10-311] analyzing module Butterfly__203
INFO: [VRFC 10-311] analyzing module Butterfly__204
INFO: [VRFC 10-311] analyzing module Butterfly__205
INFO: [VRFC 10-311] analyzing module Butterfly__206
INFO: [VRFC 10-311] analyzing module Butterfly__207
INFO: [VRFC 10-311] analyzing module Butterfly__208
INFO: [VRFC 10-311] analyzing module Butterfly__209
INFO: [VRFC 10-311] analyzing module Butterfly__21
INFO: [VRFC 10-311] analyzing module Butterfly__210
INFO: [VRFC 10-311] analyzing module Butterfly__211
INFO: [VRFC 10-311] analyzing module Butterfly__212
INFO: [VRFC 10-311] analyzing module Butterfly__213
INFO: [VRFC 10-311] analyzing module Butterfly__214
INFO: [VRFC 10-311] analyzing module Butterfly__215
INFO: [VRFC 10-311] analyzing module Butterfly__216
INFO: [VRFC 10-311] analyzing module Butterfly__217
INFO: [VRFC 10-311] analyzing module Butterfly__218
INFO: [VRFC 10-311] analyzing module Butterfly__219
INFO: [VRFC 10-311] analyzing module Butterfly__22
INFO: [VRFC 10-311] analyzing module Butterfly__220
INFO: [VRFC 10-311] analyzing module Butterfly__221
INFO: [VRFC 10-311] analyzing module Butterfly__222
INFO: [VRFC 10-311] analyzing module Butterfly__223
INFO: [VRFC 10-311] analyzing module Butterfly__224
INFO: [VRFC 10-311] analyzing module Butterfly__225
INFO: [VRFC 10-311] analyzing module Butterfly__226
INFO: [VRFC 10-311] analyzing module Butterfly__227
INFO: [VRFC 10-311] analyzing module Butterfly__228
INFO: [VRFC 10-311] analyzing module Butterfly__229
INFO: [VRFC 10-311] analyzing module Butterfly__23
INFO: [VRFC 10-311] analyzing module Butterfly__230
INFO: [VRFC 10-311] analyzing module Butterfly__231
INFO: [VRFC 10-311] analyzing module Butterfly__232
INFO: [VRFC 10-311] analyzing module Butterfly__233
INFO: [VRFC 10-311] analyzing module Butterfly__234
INFO: [VRFC 10-311] analyzing module Butterfly__235
INFO: [VRFC 10-311] analyzing module Butterfly__236
INFO: [VRFC 10-311] analyzing module Butterfly__237
INFO: [VRFC 10-311] analyzing module Butterfly__238
INFO: [VRFC 10-311] analyzing module Butterfly__239
INFO: [VRFC 10-311] analyzing module Butterfly__24
INFO: [VRFC 10-311] analyzing module Butterfly__240
INFO: [VRFC 10-311] analyzing module Butterfly__241
INFO: [VRFC 10-311] analyzing module Butterfly__242
INFO: [VRFC 10-311] analyzing module Butterfly__243
INFO: [VRFC 10-311] analyzing module Butterfly__244
INFO: [VRFC 10-311] analyzing module Butterfly__245
INFO: [VRFC 10-311] analyzing module Butterfly__246
INFO: [VRFC 10-311] analyzing module Butterfly__247
INFO: [VRFC 10-311] analyzing module Butterfly__25
INFO: [VRFC 10-311] analyzing module Butterfly__26
INFO: [VRFC 10-311] analyzing module Butterfly__27
INFO: [VRFC 10-311] analyzing module Butterfly__28
INFO: [VRFC 10-311] analyzing module Butterfly__29
INFO: [VRFC 10-311] analyzing module Butterfly__3
INFO: [VRFC 10-311] analyzing module Butterfly__30
INFO: [VRFC 10-311] analyzing module Butterfly__31
INFO: [VRFC 10-311] analyzing module Butterfly__32
INFO: [VRFC 10-311] analyzing module Butterfly__33
INFO: [VRFC 10-311] analyzing module Butterfly__34
INFO: [VRFC 10-311] analyzing module Butterfly__35
INFO: [VRFC 10-311] analyzing module Butterfly__36
INFO: [VRFC 10-311] analyzing module Butterfly__37
INFO: [VRFC 10-311] analyzing module Butterfly__38
INFO: [VRFC 10-311] analyzing module Butterfly__39
INFO: [VRFC 10-311] analyzing module Butterfly__4
INFO: [VRFC 10-311] analyzing module Butterfly__40
INFO: [VRFC 10-311] analyzing module Butterfly__41
INFO: [VRFC 10-311] analyzing module Butterfly__42
INFO: [VRFC 10-311] analyzing module Butterfly__43
INFO: [VRFC 10-311] analyzing module Butterfly__44
INFO: [VRFC 10-311] analyzing module Butterfly__45
INFO: [VRFC 10-311] analyzing module Butterfly__46
INFO: [VRFC 10-311] analyzing module Butterfly__47
INFO: [VRFC 10-311] analyzing module Butterfly__48
INFO: [VRFC 10-311] analyzing module Butterfly__49
INFO: [VRFC 10-311] analyzing module Butterfly__5
INFO: [VRFC 10-311] analyzing module Butterfly__50
INFO: [VRFC 10-311] analyzing module Butterfly__51
INFO: [VRFC 10-311] analyzing module Butterfly__52
INFO: [VRFC 10-311] analyzing module Butterfly__53
INFO: [VRFC 10-311] analyzing module Butterfly__54
INFO: [VRFC 10-311] analyzing module Butterfly__55
INFO: [VRFC 10-311] analyzing module Butterfly__56
INFO: [VRFC 10-311] analyzing module Butterfly__57
INFO: [VRFC 10-311] analyzing module Butterfly__58
INFO: [VRFC 10-311] analyzing module Butterfly__59
INFO: [VRFC 10-311] analyzing module Butterfly__6
INFO: [VRFC 10-311] analyzing module Butterfly__60
INFO: [VRFC 10-311] analyzing module Butterfly__61
INFO: [VRFC 10-311] analyzing module Butterfly__62
INFO: [VRFC 10-311] analyzing module Butterfly__63
INFO: [VRFC 10-311] analyzing module Butterfly__64
INFO: [VRFC 10-311] analyzing module Butterfly__65
INFO: [VRFC 10-311] analyzing module Butterfly__66
INFO: [VRFC 10-311] analyzing module Butterfly__67
INFO: [VRFC 10-311] analyzing module Butterfly__68
INFO: [VRFC 10-311] analyzing module Butterfly__69
INFO: [VRFC 10-311] analyzing module Butterfly__7
INFO: [VRFC 10-311] analyzing module Butterfly__70
INFO: [VRFC 10-311] analyzing module Butterfly__71
INFO: [VRFC 10-311] analyzing module Butterfly__72
INFO: [VRFC 10-311] analyzing module Butterfly__73
INFO: [VRFC 10-311] analyzing module Butterfly__74
INFO: [VRFC 10-311] analyzing module Butterfly__75
INFO: [VRFC 10-311] analyzing module Butterfly__76
INFO: [VRFC 10-311] analyzing module Butterfly__77
INFO: [VRFC 10-311] analyzing module Butterfly__78
INFO: [VRFC 10-311] analyzing module Butterfly__79
INFO: [VRFC 10-311] analyzing module Butterfly__8
INFO: [VRFC 10-311] analyzing module Butterfly__80
INFO: [VRFC 10-311] analyzing module Butterfly__81
INFO: [VRFC 10-311] analyzing module Butterfly__82
INFO: [VRFC 10-311] analyzing module Butterfly__83
INFO: [VRFC 10-311] analyzing module Butterfly__84
INFO: [VRFC 10-311] analyzing module Butterfly__85
INFO: [VRFC 10-311] analyzing module Butterfly__86
INFO: [VRFC 10-311] analyzing module Butterfly__87
INFO: [VRFC 10-311] analyzing module Butterfly__88
INFO: [VRFC 10-311] analyzing module Butterfly__89
INFO: [VRFC 10-311] analyzing module Butterfly__9
INFO: [VRFC 10-311] analyzing module Butterfly__90
INFO: [VRFC 10-311] analyzing module Butterfly__91
INFO: [VRFC 10-311] analyzing module Butterfly__92
INFO: [VRFC 10-311] analyzing module Butterfly__93
INFO: [VRFC 10-311] analyzing module Butterfly__94
INFO: [VRFC 10-311] analyzing module Butterfly__95
INFO: [VRFC 10-311] analyzing module Butterfly__96
INFO: [VRFC 10-311] analyzing module Butterfly__97
INFO: [VRFC 10-311] analyzing module Butterfly__98
INFO: [VRFC 10-311] analyzing module Butterfly__99
INFO: [VRFC 10-311] analyzing module DFF
INFO: [VRFC 10-311] analyzing module DFF_0
INFO: [VRFC 10-311] analyzing module DFF_1
INFO: [VRFC 10-311] analyzing module DFF_10
INFO: [VRFC 10-311] analyzing module DFF_100
INFO: [VRFC 10-311] analyzing module DFF_101
INFO: [VRFC 10-311] analyzing module DFF_102
INFO: [VRFC 10-311] analyzing module DFF_103
INFO: [VRFC 10-311] analyzing module DFF_104
INFO: [VRFC 10-311] analyzing module DFF_105
INFO: [VRFC 10-311] analyzing module DFF_106
INFO: [VRFC 10-311] analyzing module DFF_107
INFO: [VRFC 10-311] analyzing module DFF_108
INFO: [VRFC 10-311] analyzing module DFF_109
INFO: [VRFC 10-311] analyzing module DFF_11
INFO: [VRFC 10-311] analyzing module DFF_110
INFO: [VRFC 10-311] analyzing module DFF_111
INFO: [VRFC 10-311] analyzing module DFF_112
INFO: [VRFC 10-311] analyzing module DFF_113
INFO: [VRFC 10-311] analyzing module DFF_114
INFO: [VRFC 10-311] analyzing module DFF_115
INFO: [VRFC 10-311] analyzing module DFF_116
INFO: [VRFC 10-311] analyzing module DFF_117
INFO: [VRFC 10-311] analyzing module DFF_118
INFO: [VRFC 10-311] analyzing module DFF_119
INFO: [VRFC 10-311] analyzing module DFF_12
INFO: [VRFC 10-311] analyzing module DFF_120
INFO: [VRFC 10-311] analyzing module DFF_121
INFO: [VRFC 10-311] analyzing module DFF_122
INFO: [VRFC 10-311] analyzing module DFF_123
INFO: [VRFC 10-311] analyzing module DFF_124
INFO: [VRFC 10-311] analyzing module DFF_125
INFO: [VRFC 10-311] analyzing module DFF_126
INFO: [VRFC 10-311] analyzing module DFF_127
INFO: [VRFC 10-311] analyzing module DFF_128
INFO: [VRFC 10-311] analyzing module DFF_129
INFO: [VRFC 10-311] analyzing module DFF_13
INFO: [VRFC 10-311] analyzing module DFF_130
INFO: [VRFC 10-311] analyzing module DFF_131
INFO: [VRFC 10-311] analyzing module DFF_132
INFO: [VRFC 10-311] analyzing module DFF_133
INFO: [VRFC 10-311] analyzing module DFF_134
INFO: [VRFC 10-311] analyzing module DFF_135
INFO: [VRFC 10-311] analyzing module DFF_136
INFO: [VRFC 10-311] analyzing module DFF_137
INFO: [VRFC 10-311] analyzing module DFF_138
INFO: [VRFC 10-311] analyzing module DFF_139
INFO: [VRFC 10-311] analyzing module DFF_14
INFO: [VRFC 10-311] analyzing module DFF_140
INFO: [VRFC 10-311] analyzing module DFF_141
INFO: [VRFC 10-311] analyzing module DFF_142
INFO: [VRFC 10-311] analyzing module DFF_143
INFO: [VRFC 10-311] analyzing module DFF_144
INFO: [VRFC 10-311] analyzing module DFF_145
INFO: [VRFC 10-311] analyzing module DFF_146
INFO: [VRFC 10-311] analyzing module DFF_147
INFO: [VRFC 10-311] analyzing module DFF_148
INFO: [VRFC 10-311] analyzing module DFF_149
INFO: [VRFC 10-311] analyzing module DFF_15
INFO: [VRFC 10-311] analyzing module DFF_150
INFO: [VRFC 10-311] analyzing module DFF_151
INFO: [VRFC 10-311] analyzing module DFF_152
INFO: [VRFC 10-311] analyzing module DFF_153
INFO: [VRFC 10-311] analyzing module DFF_154
INFO: [VRFC 10-311] analyzing module DFF_155
INFO: [VRFC 10-311] analyzing module DFF_156
INFO: [VRFC 10-311] analyzing module DFF_157
INFO: [VRFC 10-311] analyzing module DFF_158
INFO: [VRFC 10-311] analyzing module DFF_159
INFO: [VRFC 10-311] analyzing module DFF_16
INFO: [VRFC 10-311] analyzing module DFF_160
INFO: [VRFC 10-311] analyzing module DFF_161
INFO: [VRFC 10-311] analyzing module DFF_162
INFO: [VRFC 10-311] analyzing module DFF_163
INFO: [VRFC 10-311] analyzing module DFF_164
INFO: [VRFC 10-311] analyzing module DFF_165
INFO: [VRFC 10-311] analyzing module DFF_166
INFO: [VRFC 10-311] analyzing module DFF_167
INFO: [VRFC 10-311] analyzing module DFF_168
INFO: [VRFC 10-311] analyzing module DFF_169
INFO: [VRFC 10-311] analyzing module DFF_17
INFO: [VRFC 10-311] analyzing module DFF_170
INFO: [VRFC 10-311] analyzing module DFF_171
INFO: [VRFC 10-311] analyzing module DFF_172
INFO: [VRFC 10-311] analyzing module DFF_173
INFO: [VRFC 10-311] analyzing module DFF_174
INFO: [VRFC 10-311] analyzing module DFF_175
INFO: [VRFC 10-311] analyzing module DFF_176
INFO: [VRFC 10-311] analyzing module DFF_177
INFO: [VRFC 10-311] analyzing module DFF_178
INFO: [VRFC 10-311] analyzing module DFF_179
INFO: [VRFC 10-311] analyzing module DFF_18
INFO: [VRFC 10-311] analyzing module DFF_180
INFO: [VRFC 10-311] analyzing module DFF_181
INFO: [VRFC 10-311] analyzing module DFF_182
INFO: [VRFC 10-311] analyzing module DFF_183
INFO: [VRFC 10-311] analyzing module DFF_184
INFO: [VRFC 10-311] analyzing module DFF_185
INFO: [VRFC 10-311] analyzing module DFF_186
INFO: [VRFC 10-311] analyzing module DFF_187
INFO: [VRFC 10-311] analyzing module DFF_188
INFO: [VRFC 10-311] analyzing module DFF_189
INFO: [VRFC 10-311] analyzing module DFF_19
INFO: [VRFC 10-311] analyzing module DFF_190
INFO: [VRFC 10-311] analyzing module DFF_191
INFO: [VRFC 10-311] analyzing module DFF_192
INFO: [VRFC 10-311] analyzing module DFF_193
INFO: [VRFC 10-311] analyzing module DFF_194
INFO: [VRFC 10-311] analyzing module DFF_195
INFO: [VRFC 10-311] analyzing module DFF_196
INFO: [VRFC 10-311] analyzing module DFF_197
INFO: [VRFC 10-311] analyzing module DFF_198
INFO: [VRFC 10-311] analyzing module DFF_199
INFO: [VRFC 10-311] analyzing module DFF_2
INFO: [VRFC 10-311] analyzing module DFF_20
INFO: [VRFC 10-311] analyzing module DFF_200
INFO: [VRFC 10-311] analyzing module DFF_201
INFO: [VRFC 10-311] analyzing module DFF_202
INFO: [VRFC 10-311] analyzing module DFF_203
INFO: [VRFC 10-311] analyzing module DFF_204
INFO: [VRFC 10-311] analyzing module DFF_205
INFO: [VRFC 10-311] analyzing module DFF_206
INFO: [VRFC 10-311] analyzing module DFF_207
INFO: [VRFC 10-311] analyzing module DFF_208
INFO: [VRFC 10-311] analyzing module DFF_209
INFO: [VRFC 10-311] analyzing module DFF_21
INFO: [VRFC 10-311] analyzing module DFF_210
INFO: [VRFC 10-311] analyzing module DFF_211
INFO: [VRFC 10-311] analyzing module DFF_212
INFO: [VRFC 10-311] analyzing module DFF_213
INFO: [VRFC 10-311] analyzing module DFF_214
INFO: [VRFC 10-311] analyzing module DFF_215
INFO: [VRFC 10-311] analyzing module DFF_216
INFO: [VRFC 10-311] analyzing module DFF_217
INFO: [VRFC 10-311] analyzing module DFF_218
INFO: [VRFC 10-311] analyzing module DFF_219
INFO: [VRFC 10-311] analyzing module DFF_22
INFO: [VRFC 10-311] analyzing module DFF_220
INFO: [VRFC 10-311] analyzing module DFF_221
INFO: [VRFC 10-311] analyzing module DFF_222
INFO: [VRFC 10-311] analyzing module DFF_223
INFO: [VRFC 10-311] analyzing module DFF_224
INFO: [VRFC 10-311] analyzing module DFF_225
INFO: [VRFC 10-311] analyzing module DFF_226
INFO: [VRFC 10-311] analyzing module DFF_227
INFO: [VRFC 10-311] analyzing module DFF_228
INFO: [VRFC 10-311] analyzing module DFF_229
INFO: [VRFC 10-311] analyzing module DFF_23
INFO: [VRFC 10-311] analyzing module DFF_230
INFO: [VRFC 10-311] analyzing module DFF_231
INFO: [VRFC 10-311] analyzing module DFF_232
INFO: [VRFC 10-311] analyzing module DFF_233
INFO: [VRFC 10-311] analyzing module DFF_234
INFO: [VRFC 10-311] analyzing module DFF_235
INFO: [VRFC 10-311] analyzing module DFF_236
INFO: [VRFC 10-311] analyzing module DFF_237
INFO: [VRFC 10-311] analyzing module DFF_238
INFO: [VRFC 10-311] analyzing module DFF_239
INFO: [VRFC 10-311] analyzing module DFF_24
INFO: [VRFC 10-311] analyzing module DFF_240
INFO: [VRFC 10-311] analyzing module DFF_241
INFO: [VRFC 10-311] analyzing module DFF_242
INFO: [VRFC 10-311] analyzing module DFF_243
INFO: [VRFC 10-311] analyzing module DFF_244
INFO: [VRFC 10-311] analyzing module DFF_245
INFO: [VRFC 10-311] analyzing module DFF_246
INFO: [VRFC 10-311] analyzing module DFF_247
INFO: [VRFC 10-311] analyzing module DFF_248
INFO: [VRFC 10-311] analyzing module DFF_249
INFO: [VRFC 10-311] analyzing module DFF_25
INFO: [VRFC 10-311] analyzing module DFF_250
INFO: [VRFC 10-311] analyzing module DFF_251
INFO: [VRFC 10-311] analyzing module DFF_252
INFO: [VRFC 10-311] analyzing module DFF_253
INFO: [VRFC 10-311] analyzing module DFF_254
INFO: [VRFC 10-311] analyzing module DFF_255
INFO: [VRFC 10-311] analyzing module DFF_256
INFO: [VRFC 10-311] analyzing module DFF_257
INFO: [VRFC 10-311] analyzing module DFF_258
INFO: [VRFC 10-311] analyzing module DFF_259
INFO: [VRFC 10-311] analyzing module DFF_26
INFO: [VRFC 10-311] analyzing module DFF_260
INFO: [VRFC 10-311] analyzing module DFF_261
INFO: [VRFC 10-311] analyzing module DFF_262
INFO: [VRFC 10-311] analyzing module DFF_263
INFO: [VRFC 10-311] analyzing module DFF_264
INFO: [VRFC 10-311] analyzing module DFF_265
INFO: [VRFC 10-311] analyzing module DFF_266
INFO: [VRFC 10-311] analyzing module DFF_267
INFO: [VRFC 10-311] analyzing module DFF_268
INFO: [VRFC 10-311] analyzing module DFF_269
INFO: [VRFC 10-311] analyzing module DFF_27
INFO: [VRFC 10-311] analyzing module DFF_270
INFO: [VRFC 10-311] analyzing module DFF_271
INFO: [VRFC 10-311] analyzing module DFF_272
INFO: [VRFC 10-311] analyzing module DFF_273
INFO: [VRFC 10-311] analyzing module DFF_274
INFO: [VRFC 10-311] analyzing module DFF_275
INFO: [VRFC 10-311] analyzing module DFF_276
INFO: [VRFC 10-311] analyzing module DFF_277
INFO: [VRFC 10-311] analyzing module DFF_278
INFO: [VRFC 10-311] analyzing module DFF_279
INFO: [VRFC 10-311] analyzing module DFF_28
INFO: [VRFC 10-311] analyzing module DFF_280
INFO: [VRFC 10-311] analyzing module DFF_281
INFO: [VRFC 10-311] analyzing module DFF_282
INFO: [VRFC 10-311] analyzing module DFF_283
INFO: [VRFC 10-311] analyzing module DFF_284
INFO: [VRFC 10-311] analyzing module DFF_285
INFO: [VRFC 10-311] analyzing module DFF_286
INFO: [VRFC 10-311] analyzing module DFF_287
INFO: [VRFC 10-311] analyzing module DFF_288
INFO: [VRFC 10-311] analyzing module DFF_289
INFO: [VRFC 10-311] analyzing module DFF_29
INFO: [VRFC 10-311] analyzing module DFF_290
INFO: [VRFC 10-311] analyzing module DFF_291
INFO: [VRFC 10-311] analyzing module DFF_292
INFO: [VRFC 10-311] analyzing module DFF_293
INFO: [VRFC 10-311] analyzing module DFF_294
INFO: [VRFC 10-311] analyzing module DFF_295
INFO: [VRFC 10-311] analyzing module DFF_296
INFO: [VRFC 10-311] analyzing module DFF_297
INFO: [VRFC 10-311] analyzing module DFF_298
INFO: [VRFC 10-311] analyzing module DFF_299
INFO: [VRFC 10-311] analyzing module DFF_3
INFO: [VRFC 10-311] analyzing module DFF_30
INFO: [VRFC 10-311] analyzing module DFF_300
INFO: [VRFC 10-311] analyzing module DFF_301
INFO: [VRFC 10-311] analyzing module DFF_302
INFO: [VRFC 10-311] analyzing module DFF_303
INFO: [VRFC 10-311] analyzing module DFF_304
INFO: [VRFC 10-311] analyzing module DFF_305
INFO: [VRFC 10-311] analyzing module DFF_306
INFO: [VRFC 10-311] analyzing module DFF_307
INFO: [VRFC 10-311] analyzing module DFF_308
INFO: [VRFC 10-311] analyzing module DFF_309
INFO: [VRFC 10-311] analyzing module DFF_31
INFO: [VRFC 10-311] analyzing module DFF_310
INFO: [VRFC 10-311] analyzing module DFF_311
INFO: [VRFC 10-311] analyzing module DFF_312
INFO: [VRFC 10-311] analyzing module DFF_313
INFO: [VRFC 10-311] analyzing module DFF_314
INFO: [VRFC 10-311] analyzing module DFF_315
INFO: [VRFC 10-311] analyzing module DFF_316
INFO: [VRFC 10-311] analyzing module DFF_317
INFO: [VRFC 10-311] analyzing module DFF_318
INFO: [VRFC 10-311] analyzing module DFF_319
INFO: [VRFC 10-311] analyzing module DFF_32
INFO: [VRFC 10-311] analyzing module DFF_320
INFO: [VRFC 10-311] analyzing module DFF_321
INFO: [VRFC 10-311] analyzing module DFF_322
INFO: [VRFC 10-311] analyzing module DFF_323
INFO: [VRFC 10-311] analyzing module DFF_324
INFO: [VRFC 10-311] analyzing module DFF_325
INFO: [VRFC 10-311] analyzing module DFF_326
INFO: [VRFC 10-311] analyzing module DFF_327
INFO: [VRFC 10-311] analyzing module DFF_328
INFO: [VRFC 10-311] analyzing module DFF_329
INFO: [VRFC 10-311] analyzing module DFF_33
INFO: [VRFC 10-311] analyzing module DFF_330
INFO: [VRFC 10-311] analyzing module DFF_331
INFO: [VRFC 10-311] analyzing module DFF_332
INFO: [VRFC 10-311] analyzing module DFF_333
INFO: [VRFC 10-311] analyzing module DFF_334
INFO: [VRFC 10-311] analyzing module DFF_335
INFO: [VRFC 10-311] analyzing module DFF_336
INFO: [VRFC 10-311] analyzing module DFF_337
INFO: [VRFC 10-311] analyzing module DFF_338
INFO: [VRFC 10-311] analyzing module DFF_339
INFO: [VRFC 10-311] analyzing module DFF_34
INFO: [VRFC 10-311] analyzing module DFF_340
INFO: [VRFC 10-311] analyzing module DFF_341
INFO: [VRFC 10-311] analyzing module DFF_342
INFO: [VRFC 10-311] analyzing module DFF_343
INFO: [VRFC 10-311] analyzing module DFF_344
INFO: [VRFC 10-311] analyzing module DFF_345
INFO: [VRFC 10-311] analyzing module DFF_346
INFO: [VRFC 10-311] analyzing module DFF_347
INFO: [VRFC 10-311] analyzing module DFF_348
INFO: [VRFC 10-311] analyzing module DFF_349
INFO: [VRFC 10-311] analyzing module DFF_35
INFO: [VRFC 10-311] analyzing module DFF_350
INFO: [VRFC 10-311] analyzing module DFF_351
INFO: [VRFC 10-311] analyzing module DFF_352
INFO: [VRFC 10-311] analyzing module DFF_353
INFO: [VRFC 10-311] analyzing module DFF_354
INFO: [VRFC 10-311] analyzing module DFF_355
INFO: [VRFC 10-311] analyzing module DFF_356
INFO: [VRFC 10-311] analyzing module DFF_357
INFO: [VRFC 10-311] analyzing module DFF_358
INFO: [VRFC 10-311] analyzing module DFF_359
INFO: [VRFC 10-311] analyzing module DFF_36
INFO: [VRFC 10-311] analyzing module DFF_360
INFO: [VRFC 10-311] analyzing module DFF_361
INFO: [VRFC 10-311] analyzing module DFF_362
INFO: [VRFC 10-311] analyzing module DFF_363
INFO: [VRFC 10-311] analyzing module DFF_364
INFO: [VRFC 10-311] analyzing module DFF_365
INFO: [VRFC 10-311] analyzing module DFF_366
INFO: [VRFC 10-311] analyzing module DFF_367
INFO: [VRFC 10-311] analyzing module DFF_368
INFO: [VRFC 10-311] analyzing module DFF_369
INFO: [VRFC 10-311] analyzing module DFF_37
INFO: [VRFC 10-311] analyzing module DFF_370
INFO: [VRFC 10-311] analyzing module DFF_371
INFO: [VRFC 10-311] analyzing module DFF_372
INFO: [VRFC 10-311] analyzing module DFF_373
INFO: [VRFC 10-311] analyzing module DFF_374
INFO: [VRFC 10-311] analyzing module DFF_375
INFO: [VRFC 10-311] analyzing module DFF_376
INFO: [VRFC 10-311] analyzing module DFF_377
INFO: [VRFC 10-311] analyzing module DFF_378
INFO: [VRFC 10-311] analyzing module DFF_379
INFO: [VRFC 10-311] analyzing module DFF_38
INFO: [VRFC 10-311] analyzing module DFF_380
INFO: [VRFC 10-311] analyzing module DFF_381
INFO: [VRFC 10-311] analyzing module DFF_382
INFO: [VRFC 10-311] analyzing module DFF_383
INFO: [VRFC 10-311] analyzing module DFF_384
INFO: [VRFC 10-311] analyzing module DFF_385
INFO: [VRFC 10-311] analyzing module DFF_386
INFO: [VRFC 10-311] analyzing module DFF_387
INFO: [VRFC 10-311] analyzing module DFF_388
INFO: [VRFC 10-311] analyzing module DFF_389
INFO: [VRFC 10-311] analyzing module DFF_39
INFO: [VRFC 10-311] analyzing module DFF_390
INFO: [VRFC 10-311] analyzing module DFF_391
INFO: [VRFC 10-311] analyzing module DFF_392
INFO: [VRFC 10-311] analyzing module DFF_393
INFO: [VRFC 10-311] analyzing module DFF_394
INFO: [VRFC 10-311] analyzing module DFF_395
INFO: [VRFC 10-311] analyzing module DFF_396
INFO: [VRFC 10-311] analyzing module DFF_397
INFO: [VRFC 10-311] analyzing module DFF_398
INFO: [VRFC 10-311] analyzing module DFF_399
INFO: [VRFC 10-311] analyzing module DFF_4
INFO: [VRFC 10-311] analyzing module DFF_40
INFO: [VRFC 10-311] analyzing module DFF_400
INFO: [VRFC 10-311] analyzing module DFF_401
INFO: [VRFC 10-311] analyzing module DFF_402
INFO: [VRFC 10-311] analyzing module DFF_403
INFO: [VRFC 10-311] analyzing module DFF_404
INFO: [VRFC 10-311] analyzing module DFF_405
INFO: [VRFC 10-311] analyzing module DFF_406
INFO: [VRFC 10-311] analyzing module DFF_407
INFO: [VRFC 10-311] analyzing module DFF_408
INFO: [VRFC 10-311] analyzing module DFF_409
INFO: [VRFC 10-311] analyzing module DFF_41
INFO: [VRFC 10-311] analyzing module DFF_410
INFO: [VRFC 10-311] analyzing module DFF_411
INFO: [VRFC 10-311] analyzing module DFF_412
INFO: [VRFC 10-311] analyzing module DFF_413
INFO: [VRFC 10-311] analyzing module DFF_414
INFO: [VRFC 10-311] analyzing module DFF_415
INFO: [VRFC 10-311] analyzing module DFF_416
INFO: [VRFC 10-311] analyzing module DFF_417
INFO: [VRFC 10-311] analyzing module DFF_418
INFO: [VRFC 10-311] analyzing module DFF_419
INFO: [VRFC 10-311] analyzing module DFF_42
INFO: [VRFC 10-311] analyzing module DFF_420
INFO: [VRFC 10-311] analyzing module DFF_421
INFO: [VRFC 10-311] analyzing module DFF_422
INFO: [VRFC 10-311] analyzing module DFF_423
INFO: [VRFC 10-311] analyzing module DFF_424
INFO: [VRFC 10-311] analyzing module DFF_425
INFO: [VRFC 10-311] analyzing module DFF_426
INFO: [VRFC 10-311] analyzing module DFF_427
INFO: [VRFC 10-311] analyzing module DFF_428
INFO: [VRFC 10-311] analyzing module DFF_429
INFO: [VRFC 10-311] analyzing module DFF_43
INFO: [VRFC 10-311] analyzing module DFF_430
INFO: [VRFC 10-311] analyzing module DFF_431
INFO: [VRFC 10-311] analyzing module DFF_432
INFO: [VRFC 10-311] analyzing module DFF_433
INFO: [VRFC 10-311] analyzing module DFF_434
INFO: [VRFC 10-311] analyzing module DFF_435
INFO: [VRFC 10-311] analyzing module DFF_436
INFO: [VRFC 10-311] analyzing module DFF_437
INFO: [VRFC 10-311] analyzing module DFF_438
INFO: [VRFC 10-311] analyzing module DFF_439
INFO: [VRFC 10-311] analyzing module DFF_44
INFO: [VRFC 10-311] analyzing module DFF_440
INFO: [VRFC 10-311] analyzing module DFF_441
INFO: [VRFC 10-311] analyzing module DFF_442
INFO: [VRFC 10-311] analyzing module DFF_443
INFO: [VRFC 10-311] analyzing module DFF_444
INFO: [VRFC 10-311] analyzing module DFF_445
INFO: [VRFC 10-311] analyzing module DFF_446
INFO: [VRFC 10-311] analyzing module DFF_447
INFO: [VRFC 10-311] analyzing module DFF_448
INFO: [VRFC 10-311] analyzing module DFF_449
INFO: [VRFC 10-311] analyzing module DFF_45
INFO: [VRFC 10-311] analyzing module DFF_450
INFO: [VRFC 10-311] analyzing module DFF_451
INFO: [VRFC 10-311] analyzing module DFF_452
INFO: [VRFC 10-311] analyzing module DFF_453
INFO: [VRFC 10-311] analyzing module DFF_454
INFO: [VRFC 10-311] analyzing module DFF_455
INFO: [VRFC 10-311] analyzing module DFF_456
INFO: [VRFC 10-311] analyzing module DFF_457
INFO: [VRFC 10-311] analyzing module DFF_458
INFO: [VRFC 10-311] analyzing module DFF_459
INFO: [VRFC 10-311] analyzing module DFF_46
INFO: [VRFC 10-311] analyzing module DFF_460
INFO: [VRFC 10-311] analyzing module DFF_461
INFO: [VRFC 10-311] analyzing module DFF_462
INFO: [VRFC 10-311] analyzing module DFF_463
INFO: [VRFC 10-311] analyzing module DFF_464
INFO: [VRFC 10-311] analyzing module DFF_465
INFO: [VRFC 10-311] analyzing module DFF_466
INFO: [VRFC 10-311] analyzing module DFF_467
INFO: [VRFC 10-311] analyzing module DFF_468
INFO: [VRFC 10-311] analyzing module DFF_469
INFO: [VRFC 10-311] analyzing module DFF_47
INFO: [VRFC 10-311] analyzing module DFF_470
INFO: [VRFC 10-311] analyzing module DFF_471
INFO: [VRFC 10-311] analyzing module DFF_472
INFO: [VRFC 10-311] analyzing module DFF_473
INFO: [VRFC 10-311] analyzing module DFF_474
INFO: [VRFC 10-311] analyzing module DFF_475
INFO: [VRFC 10-311] analyzing module DFF_476
INFO: [VRFC 10-311] analyzing module DFF_477
INFO: [VRFC 10-311] analyzing module DFF_478
INFO: [VRFC 10-311] analyzing module DFF_479
INFO: [VRFC 10-311] analyzing module DFF_48
INFO: [VRFC 10-311] analyzing module DFF_480
INFO: [VRFC 10-311] analyzing module DFF_481
INFO: [VRFC 10-311] analyzing module DFF_482
INFO: [VRFC 10-311] analyzing module DFF_483
INFO: [VRFC 10-311] analyzing module DFF_484
INFO: [VRFC 10-311] analyzing module DFF_485
INFO: [VRFC 10-311] analyzing module DFF_486
INFO: [VRFC 10-311] analyzing module DFF_487
INFO: [VRFC 10-311] analyzing module DFF_488
INFO: [VRFC 10-311] analyzing module DFF_489
INFO: [VRFC 10-311] analyzing module DFF_49
INFO: [VRFC 10-311] analyzing module DFF_490
INFO: [VRFC 10-311] analyzing module DFF_491
INFO: [VRFC 10-311] analyzing module DFF_492
INFO: [VRFC 10-311] analyzing module DFF_493
INFO: [VRFC 10-311] analyzing module DFF_494
INFO: [VRFC 10-311] analyzing module DFF_5
INFO: [VRFC 10-311] analyzing module DFF_50
INFO: [VRFC 10-311] analyzing module DFF_51
INFO: [VRFC 10-311] analyzing module DFF_52
INFO: [VRFC 10-311] analyzing module DFF_53
INFO: [VRFC 10-311] analyzing module DFF_54
INFO: [VRFC 10-311] analyzing module DFF_55
INFO: [VRFC 10-311] analyzing module DFF_56
INFO: [VRFC 10-311] analyzing module DFF_57
INFO: [VRFC 10-311] analyzing module DFF_58
INFO: [VRFC 10-311] analyzing module DFF_59
INFO: [VRFC 10-311] analyzing module DFF_6
INFO: [VRFC 10-311] analyzing module DFF_60
INFO: [VRFC 10-311] analyzing module DFF_61
INFO: [VRFC 10-311] analyzing module DFF_62
INFO: [VRFC 10-311] analyzing module DFF_63
INFO: [VRFC 10-311] analyzing module DFF_64
INFO: [VRFC 10-311] analyzing module DFF_65
INFO: [VRFC 10-311] analyzing module DFF_66
INFO: [VRFC 10-311] analyzing module DFF_67
INFO: [VRFC 10-311] analyzing module DFF_68
INFO: [VRFC 10-311] analyzing module DFF_69
INFO: [VRFC 10-311] analyzing module DFF_7
INFO: [VRFC 10-311] analyzing module DFF_70
INFO: [VRFC 10-311] analyzing module DFF_71
INFO: [VRFC 10-311] analyzing module DFF_72
INFO: [VRFC 10-311] analyzing module DFF_73
INFO: [VRFC 10-311] analyzing module DFF_74
INFO: [VRFC 10-311] analyzing module DFF_75
INFO: [VRFC 10-311] analyzing module DFF_76
INFO: [VRFC 10-311] analyzing module DFF_77
INFO: [VRFC 10-311] analyzing module DFF_78
INFO: [VRFC 10-311] analyzing module DFF_79
INFO: [VRFC 10-311] analyzing module DFF_8
INFO: [VRFC 10-311] analyzing module DFF_80
INFO: [VRFC 10-311] analyzing module DFF_81
INFO: [VRFC 10-311] analyzing module DFF_82
INFO: [VRFC 10-311] analyzing module DFF_83
INFO: [VRFC 10-311] analyzing module DFF_84
INFO: [VRFC 10-311] analyzing module DFF_85
INFO: [VRFC 10-311] analyzing module DFF_86
INFO: [VRFC 10-311] analyzing module DFF_87
INFO: [VRFC 10-311] analyzing module DFF_88
INFO: [VRFC 10-311] analyzing module DFF_89
INFO: [VRFC 10-311] analyzing module DFF_9
INFO: [VRFC 10-311] analyzing module DFF_90
INFO: [VRFC 10-311] analyzing module DFF_91
INFO: [VRFC 10-311] analyzing module DFF_92
INFO: [VRFC 10-311] analyzing module DFF_93
INFO: [VRFC 10-311] analyzing module DFF_94
INFO: [VRFC 10-311] analyzing module DFF_95
INFO: [VRFC 10-311] analyzing module DFF_96
INFO: [VRFC 10-311] analyzing module DFF_97
INFO: [VRFC 10-311] analyzing module DFF_98
INFO: [VRFC 10-311] analyzing module DFF_99
INFO: [VRFC 10-311] analyzing module DFF__10
INFO: [VRFC 10-311] analyzing module DFF__3
INFO: [VRFC 10-311] analyzing module DFF__4
INFO: [VRFC 10-311] analyzing module DFF__5
INFO: [VRFC 10-311] analyzing module DFF__6
INFO: [VRFC 10-311] analyzing module DFF__7
INFO: [VRFC 10-311] analyzing module DFF__8
INFO: [VRFC 10-311] analyzing module DFF__9
INFO: [VRFC 10-311] analyzing module Puf
INFO: [VRFC 10-311] analyzing module top_puf
INFO: [VRFC 10-311] analyzing module glbl
INFO: [VRFC 10-163] Analyzing VHDL file "/home/puftester/PhD/repo/Hw-designs/PUFs/Butterfly_PUF/Butterfly_PUF.srcs/sources_1/new/top_puf.vhd" into library xil_defaultlib
INFO: [VRFC 10-3107] analyzing entity 'top_puf'
INFO: [VRFC 10-163] Analyzing VHDL file "/home/puftester/PhD/repo/Hw-designs/PUFs/Butterfly_PUF/Butterfly_PUF.srcs/sim_1/new/sim_puf.vhd" into library xil_defaultlib
INFO: [VRFC 10-3107] analyzing entity 'tb_top_puf'
