Copyright 1986-2020 Xilinx, Inc. All Rights Reserved.
----------------------------------------------------------------------------------------
| Tool Version : Vivado v.2020.2 (lin64) Build 3064766 Wed Nov 18 09:12:47 MST 2020
| Date         : Fri Sep 20 14:06:06 2024
| Host         : puftester-Latitude-E7240 running 64-bit Ubuntu 18.04.6 LTS
| Command      : report_control_sets -verbose -file APUF_Driver_control_sets_placed.rpt
| Design       : APUF_Driver
| Device       : xczu3eg
----------------------------------------------------------------------------------------

Control Set Information

Table of Contents
-----------------
1. Summary
2. Histogram
3. Flip-Flop Distribution
4. Detailed Control Set Information

1. Summary
----------

+----------------------------------------------------------+-------+
|                          Status                          | Count |
+----------------------------------------------------------+-------+
| Total control sets                                       |     6 |
|    Minimum number of control sets                        |     6 |
|    Addition due to synthesis replication                 |     0 |
|    Addition due to physical synthesis replication        |     0 |
| Unused register locations in slices containing registers |    11 |
+----------------------------------------------------------+-------+
* Control sets can be merged at opt_design using control_set_merge or merge_equivalent_drivers
** Run report_qor_suggestions for automated merging and remapping suggestions


2. Histogram
------------

+--------------------+-------+
|       Fanout       | Count |
+--------------------+-------+
| Total control sets |     6 |
| >= 0 to < 4        |     3 |
| >= 4 to < 6        |     1 |
| >= 6 to < 8        |     1 |
| >= 8 to < 10       |     0 |
| >= 10 to < 12      |     0 |
| >= 12 to < 14      |     0 |
| >= 14 to < 16      |     0 |
| >= 16              |     1 |
+--------------------+-------+
* Control sets can be remapped at either synth_design or opt_design


3. Flip-Flop Distribution
-------------------------

+--------------+-----------------------+------------------------+-----------------+--------------+
| Clock Enable | Synchronous Set/Reset | Asynchronous Set/Reset | Total Registers | Total Slices |
+--------------+-----------------------+------------------------+-----------------+--------------+
| No           | No                    | No                     |               6 |            3 |
| No           | No                    | Yes                    |               0 |            0 |
| No           | Yes                   | No                     |               0 |            0 |
| Yes          | No                    | No                     |              31 |            7 |
| Yes          | No                    | Yes                    |               4 |            1 |
| Yes          | Yes                   | No                     |               0 |            0 |
+--------------+-----------------------+------------------------+-----------------+--------------+


4. Detailed Control Set Information
-----------------------------------

+-------------------------------------------------------------------------------+-----------------------------+--------------------+------------------+----------------+--------------+
|                                  Clock Signal                                 |        Enable Signal        |  Set/Reset Signal  | Slice Load Count | Bel Load Count | Bels / Slice |
+-------------------------------------------------------------------------------+-----------------------------+--------------------+------------------+----------------+--------------+
|  APUF_TEST_UNIT/SWITCH_BLOCKS[4].SWITCH_BLOCK/EQUAL_PATHS[1].EQUAL_PATH_MUX/Q |                             |                    |                1 |              1 |         1.00 |
|  APUF_TEST_UNIT/SWITCH_BLOCKS[4].SWITCH_BLOCK/EQUAL_PATHS[2].EQUAL_PATH_MUX/Q |                             |                    |                1 |              2 |         2.00 |
|  APUF_TEST_UNIT/SWITCH_BLOCKS[4].SWITCH_BLOCK/EQUAL_PATHS[3].EQUAL_PATH_MUX/Q |                             |                    |                1 |              3 |         3.00 |
|  clk_IBUF_BUFG                                                                | FSM_onehot_state[3]_i_1_n_0 | enable_IBUF_inst/O |                1 |              4 |         4.00 |
|  clk_IBUF_BUFG                                                                | apuf_pulse                  |                    |                4 |              6 |         1.50 |
|  clk_IBUF_BUFG                                                                | apuf_challenge_enable       |                    |                3 |             25 |         8.33 |
+-------------------------------------------------------------------------------+-----------------------------+--------------------+------------------+----------------+--------------+


