INFO: [VRFC 10-2263] Analyzing Verilog file "/home/puftester/PhD/repo/Hw-designs/PUFs/pop_ro_puf/pop_ro_puf.sim/sim_1/synth/timing/xsim/tb_top_DB_time_synth.v" into library xil_defaultlib
INFO: [VRFC 10-311] analyzing module IBUF_UNIQ_BASE_
INFO: [VRFC 10-311] analyzing module IBUF_HD1
INFO: [VRFC 10-311] analyzing module IBUF_HD2
INFO: [VRFC 10-311] analyzing module IBUF_HD3
INFO: [VRFC 10-311] analyzing module IBUF_HD4
INFO: [VRFC 10-311] analyzing module IBUF_HD5
INFO: [VRFC 10-311] analyzing module IBUF_HD6
INFO: [VRFC 10-311] analyzing module IBUF_HD7
INFO: [VRFC 10-311] analyzing module IBUF_HD8
INFO: [VRFC 10-311] analyzing module RO_bank
INFO: [VRFC 10-311] analyzing module RO_bank__1
INFO: [VRFC 10-311] analyzing module RO_core
INFO: [VRFC 10-311] analyzing module RO_core__1
INFO: [VRFC 10-311] analyzing module RO_core__10
INFO: [VRFC 10-311] analyzing module RO_core__100
INFO: [VRFC 10-311] analyzing module RO_core__101
INFO: [VRFC 10-311] analyzing module RO_core__102
INFO: [VRFC 10-311] analyzing module RO_core__103
INFO: [VRFC 10-311] analyzing module RO_core__104
INFO: [VRFC 10-311] analyzing module RO_core__105
INFO: [VRFC 10-311] analyzing module RO_core__106
INFO: [VRFC 10-311] analyzing module RO_core__107
INFO: [VRFC 10-311] analyzing module RO_core__108
INFO: [VRFC 10-311] analyzing module RO_core__109
INFO: [VRFC 10-311] analyzing module RO_core__11
INFO: [VRFC 10-311] analyzing module RO_core__110
INFO: [VRFC 10-311] analyzing module RO_core__111
INFO: [VRFC 10-311] analyzing module RO_core__112
INFO: [VRFC 10-311] analyzing module RO_core__113
INFO: [VRFC 10-311] analyzing module RO_core__114
INFO: [VRFC 10-311] analyzing module RO_core__115
INFO: [VRFC 10-311] analyzing module RO_core__116
INFO: [VRFC 10-311] analyzing module RO_core__117
INFO: [VRFC 10-311] analyzing module RO_core__118
INFO: [VRFC 10-311] analyzing module RO_core__119
INFO: [VRFC 10-311] analyzing module RO_core__12
INFO: [VRFC 10-311] analyzing module RO_core__120
INFO: [VRFC 10-311] analyzing module RO_core__121
INFO: [VRFC 10-311] analyzing module RO_core__122
INFO: [VRFC 10-311] analyzing module RO_core__123
INFO: [VRFC 10-311] analyzing module RO_core__124
INFO: [VRFC 10-311] analyzing module RO_core__125
INFO: [VRFC 10-311] analyzing module RO_core__126
INFO: [VRFC 10-311] analyzing module RO_core__127
INFO: [VRFC 10-311] analyzing module RO_core__128
INFO: [VRFC 10-311] analyzing module RO_core__129
INFO: [VRFC 10-311] analyzing module RO_core__13
INFO: [VRFC 10-311] analyzing module RO_core__130
INFO: [VRFC 10-311] analyzing module RO_core__131
INFO: [VRFC 10-311] analyzing module RO_core__132
INFO: [VRFC 10-311] analyzing module RO_core__133
INFO: [VRFC 10-311] analyzing module RO_core__134
INFO: [VRFC 10-311] analyzing module RO_core__135
INFO: [VRFC 10-311] analyzing module RO_core__136
INFO: [VRFC 10-311] analyzing module RO_core__137
INFO: [VRFC 10-311] analyzing module RO_core__138
INFO: [VRFC 10-311] analyzing module RO_core__139
INFO: [VRFC 10-311] analyzing module RO_core__14
INFO: [VRFC 10-311] analyzing module RO_core__140
INFO: [VRFC 10-311] analyzing module RO_core__141
INFO: [VRFC 10-311] analyzing module RO_core__142
INFO: [VRFC 10-311] analyzing module RO_core__143
INFO: [VRFC 10-311] analyzing module RO_core__144
INFO: [VRFC 10-311] analyzing module RO_core__145
INFO: [VRFC 10-311] analyzing module RO_core__146
INFO: [VRFC 10-311] analyzing module RO_core__147
INFO: [VRFC 10-311] analyzing module RO_core__148
INFO: [VRFC 10-311] analyzing module RO_core__149
INFO: [VRFC 10-311] analyzing module RO_core__15
INFO: [VRFC 10-311] analyzing module RO_core__150
INFO: [VRFC 10-311] analyzing module RO_core__151
INFO: [VRFC 10-311] analyzing module RO_core__152
INFO: [VRFC 10-311] analyzing module RO_core__153
INFO: [VRFC 10-311] analyzing module RO_core__154
INFO: [VRFC 10-311] analyzing module RO_core__155
INFO: [VRFC 10-311] analyzing module RO_core__156
INFO: [VRFC 10-311] analyzing module RO_core__157
INFO: [VRFC 10-311] analyzing module RO_core__158
INFO: [VRFC 10-311] analyzing module RO_core__159
INFO: [VRFC 10-311] analyzing module RO_core__16
INFO: [VRFC 10-311] analyzing module RO_core__160
INFO: [VRFC 10-311] analyzing module RO_core__161
INFO: [VRFC 10-311] analyzing module RO_core__162
INFO: [VRFC 10-311] analyzing module RO_core__163
INFO: [VRFC 10-311] analyzing module RO_core__164
INFO: [VRFC 10-311] analyzing module RO_core__165
INFO: [VRFC 10-311] analyzing module RO_core__166
INFO: [VRFC 10-311] analyzing module RO_core__167
INFO: [VRFC 10-311] analyzing module RO_core__168
INFO: [VRFC 10-311] analyzing module RO_core__169
INFO: [VRFC 10-311] analyzing module RO_core__17
INFO: [VRFC 10-311] analyzing module RO_core__170
INFO: [VRFC 10-311] analyzing module RO_core__171
INFO: [VRFC 10-311] analyzing module RO_core__172
INFO: [VRFC 10-311] analyzing module RO_core__173
INFO: [VRFC 10-311] analyzing module RO_core__174
INFO: [VRFC 10-311] analyzing module RO_core__175
INFO: [VRFC 10-311] analyzing module RO_core__176
INFO: [VRFC 10-311] analyzing module RO_core__177
INFO: [VRFC 10-311] analyzing module RO_core__178
INFO: [VRFC 10-311] analyzing module RO_core__179
INFO: [VRFC 10-311] analyzing module RO_core__18
INFO: [VRFC 10-311] analyzing module RO_core__180
INFO: [VRFC 10-311] analyzing module RO_core__181
INFO: [VRFC 10-311] analyzing module RO_core__182
INFO: [VRFC 10-311] analyzing module RO_core__183
INFO: [VRFC 10-311] analyzing module RO_core__184
INFO: [VRFC 10-311] analyzing module RO_core__185
INFO: [VRFC 10-311] analyzing module RO_core__186
INFO: [VRFC 10-311] analyzing module RO_core__187
INFO: [VRFC 10-311] analyzing module RO_core__188
INFO: [VRFC 10-311] analyzing module RO_core__189
INFO: [VRFC 10-311] analyzing module RO_core__19
INFO: [VRFC 10-311] analyzing module RO_core__190
INFO: [VRFC 10-311] analyzing module RO_core__191
INFO: [VRFC 10-311] analyzing module RO_core__192
INFO: [VRFC 10-311] analyzing module RO_core__193
INFO: [VRFC 10-311] analyzing module RO_core__194
INFO: [VRFC 10-311] analyzing module RO_core__195
INFO: [VRFC 10-311] analyzing module RO_core__196
INFO: [VRFC 10-311] analyzing module RO_core__197
INFO: [VRFC 10-311] analyzing module RO_core__198
INFO: [VRFC 10-311] analyzing module RO_core__199
INFO: [VRFC 10-311] analyzing module RO_core__2
INFO: [VRFC 10-311] analyzing module RO_core__20
INFO: [VRFC 10-311] analyzing module RO_core__200
INFO: [VRFC 10-311] analyzing module RO_core__201
INFO: [VRFC 10-311] analyzing module RO_core__202
INFO: [VRFC 10-311] analyzing module RO_core__203
INFO: [VRFC 10-311] analyzing module RO_core__204
INFO: [VRFC 10-311] analyzing module RO_core__205
INFO: [VRFC 10-311] analyzing module RO_core__206
INFO: [VRFC 10-311] analyzing module RO_core__207
INFO: [VRFC 10-311] analyzing module RO_core__208
INFO: [VRFC 10-311] analyzing module RO_core__209
INFO: [VRFC 10-311] analyzing module RO_core__21
INFO: [VRFC 10-311] analyzing module RO_core__210
INFO: [VRFC 10-311] analyzing module RO_core__211
INFO: [VRFC 10-311] analyzing module RO_core__212
INFO: [VRFC 10-311] analyzing module RO_core__213
INFO: [VRFC 10-311] analyzing module RO_core__214
INFO: [VRFC 10-311] analyzing module RO_core__215
INFO: [VRFC 10-311] analyzing module RO_core__216
INFO: [VRFC 10-311] analyzing module RO_core__217
INFO: [VRFC 10-311] analyzing module RO_core__218
INFO: [VRFC 10-311] analyzing module RO_core__219
INFO: [VRFC 10-311] analyzing module RO_core__22
INFO: [VRFC 10-311] analyzing module RO_core__220
INFO: [VRFC 10-311] analyzing module RO_core__221
INFO: [VRFC 10-311] analyzing module RO_core__222
INFO: [VRFC 10-311] analyzing module RO_core__223
INFO: [VRFC 10-311] analyzing module RO_core__224
INFO: [VRFC 10-311] analyzing module RO_core__225
INFO: [VRFC 10-311] analyzing module RO_core__226
INFO: [VRFC 10-311] analyzing module RO_core__227
INFO: [VRFC 10-311] analyzing module RO_core__228
INFO: [VRFC 10-311] analyzing module RO_core__229
INFO: [VRFC 10-311] analyzing module RO_core__23
INFO: [VRFC 10-311] analyzing module RO_core__230
INFO: [VRFC 10-311] analyzing module RO_core__231
INFO: [VRFC 10-311] analyzing module RO_core__232
INFO: [VRFC 10-311] analyzing module RO_core__233
INFO: [VRFC 10-311] analyzing module RO_core__234
INFO: [VRFC 10-311] analyzing module RO_core__235
INFO: [VRFC 10-311] analyzing module RO_core__236
INFO: [VRFC 10-311] analyzing module RO_core__237
INFO: [VRFC 10-311] analyzing module RO_core__238
INFO: [VRFC 10-311] analyzing module RO_core__239
INFO: [VRFC 10-311] analyzing module RO_core__24
INFO: [VRFC 10-311] analyzing module RO_core__240
INFO: [VRFC 10-311] analyzing module RO_core__241
INFO: [VRFC 10-311] analyzing module RO_core__242
INFO: [VRFC 10-311] analyzing module RO_core__243
INFO: [VRFC 10-311] analyzing module RO_core__244
INFO: [VRFC 10-311] analyzing module RO_core__245
INFO: [VRFC 10-311] analyzing module RO_core__246
INFO: [VRFC 10-311] analyzing module RO_core__247
INFO: [VRFC 10-311] analyzing module RO_core__248
INFO: [VRFC 10-311] analyzing module RO_core__249
INFO: [VRFC 10-311] analyzing module RO_core__25
INFO: [VRFC 10-311] analyzing module RO_core__250
INFO: [VRFC 10-311] analyzing module RO_core__251
INFO: [VRFC 10-311] analyzing module RO_core__252
INFO: [VRFC 10-311] analyzing module RO_core__253
INFO: [VRFC 10-311] analyzing module RO_core__254
INFO: [VRFC 10-311] analyzing module RO_core__255
INFO: [VRFC 10-311] analyzing module RO_core__26
INFO: [VRFC 10-311] analyzing module RO_core__27
INFO: [VRFC 10-311] analyzing module RO_core__28
INFO: [VRFC 10-311] analyzing module RO_core__29
INFO: [VRFC 10-311] analyzing module RO_core__3
INFO: [VRFC 10-311] analyzing module RO_core__30
INFO: [VRFC 10-311] analyzing module RO_core__31
INFO: [VRFC 10-311] analyzing module RO_core__32
INFO: [VRFC 10-311] analyzing module RO_core__33
INFO: [VRFC 10-311] analyzing module RO_core__34
INFO: [VRFC 10-311] analyzing module RO_core__35
INFO: [VRFC 10-311] analyzing module RO_core__36
INFO: [VRFC 10-311] analyzing module RO_core__37
INFO: [VRFC 10-311] analyzing module RO_core__38
INFO: [VRFC 10-311] analyzing module RO_core__39
INFO: [VRFC 10-311] analyzing module RO_core__4
INFO: [VRFC 10-311] analyzing module RO_core__40
INFO: [VRFC 10-311] analyzing module RO_core__41
INFO: [VRFC 10-311] analyzing module RO_core__42
INFO: [VRFC 10-311] analyzing module RO_core__43
INFO: [VRFC 10-311] analyzing module RO_core__44
INFO: [VRFC 10-311] analyzing module RO_core__45
INFO: [VRFC 10-311] analyzing module RO_core__46
INFO: [VRFC 10-311] analyzing module RO_core__47
INFO: [VRFC 10-311] analyzing module RO_core__48
INFO: [VRFC 10-311] analyzing module RO_core__49
INFO: [VRFC 10-311] analyzing module RO_core__5
INFO: [VRFC 10-311] analyzing module RO_core__50
INFO: [VRFC 10-311] analyzing module RO_core__51
INFO: [VRFC 10-311] analyzing module RO_core__52
INFO: [VRFC 10-311] analyzing module RO_core__53
INFO: [VRFC 10-311] analyzing module RO_core__54
INFO: [VRFC 10-311] analyzing module RO_core__55
INFO: [VRFC 10-311] analyzing module RO_core__56
INFO: [VRFC 10-311] analyzing module RO_core__57
INFO: [VRFC 10-311] analyzing module RO_core__58
INFO: [VRFC 10-311] analyzing module RO_core__59
INFO: [VRFC 10-311] analyzing module RO_core__6
INFO: [VRFC 10-311] analyzing module RO_core__60
INFO: [VRFC 10-311] analyzing module RO_core__61
INFO: [VRFC 10-311] analyzing module RO_core__62
INFO: [VRFC 10-311] analyzing module RO_core__63
INFO: [VRFC 10-311] analyzing module RO_core__64
INFO: [VRFC 10-311] analyzing module RO_core__65
INFO: [VRFC 10-311] analyzing module RO_core__66
INFO: [VRFC 10-311] analyzing module RO_core__67
INFO: [VRFC 10-311] analyzing module RO_core__68
INFO: [VRFC 10-311] analyzing module RO_core__69
INFO: [VRFC 10-311] analyzing module RO_core__7
INFO: [VRFC 10-311] analyzing module RO_core__70
INFO: [VRFC 10-311] analyzing module RO_core__71
INFO: [VRFC 10-311] analyzing module RO_core__72
INFO: [VRFC 10-311] analyzing module RO_core__73
INFO: [VRFC 10-311] analyzing module RO_core__74
INFO: [VRFC 10-311] analyzing module RO_core__75
INFO: [VRFC 10-311] analyzing module RO_core__76
INFO: [VRFC 10-311] analyzing module RO_core__77
INFO: [VRFC 10-311] analyzing module RO_core__78
INFO: [VRFC 10-311] analyzing module RO_core__79
INFO: [VRFC 10-311] analyzing module RO_core__8
INFO: [VRFC 10-311] analyzing module RO_core__80
INFO: [VRFC 10-311] analyzing module RO_core__81
INFO: [VRFC 10-311] analyzing module RO_core__82
INFO: [VRFC 10-311] analyzing module RO_core__83
INFO: [VRFC 10-311] analyzing module RO_core__84
INFO: [VRFC 10-311] analyzing module RO_core__85
INFO: [VRFC 10-311] analyzing module RO_core__86
INFO: [VRFC 10-311] analyzing module RO_core__87
INFO: [VRFC 10-311] analyzing module RO_core__88
INFO: [VRFC 10-311] analyzing module RO_core__89
INFO: [VRFC 10-311] analyzing module RO_core__9
INFO: [VRFC 10-311] analyzing module RO_core__90
INFO: [VRFC 10-311] analyzing module RO_core__91
INFO: [VRFC 10-311] analyzing module RO_core__92
INFO: [VRFC 10-311] analyzing module RO_core__93
INFO: [VRFC 10-311] analyzing module RO_core__94
INFO: [VRFC 10-311] analyzing module RO_core__95
INFO: [VRFC 10-311] analyzing module RO_core__96
INFO: [VRFC 10-311] analyzing module RO_core__97
INFO: [VRFC 10-311] analyzing module RO_core__98
INFO: [VRFC 10-311] analyzing module RO_core__99
INFO: [VRFC 10-311] analyzing module puf
INFO: [VRFC 10-311] analyzing module top_DB
INFO: [VRFC 10-311] analyzing module glbl
INFO: [VRFC 10-163] Analyzing VHDL file "/home/puftester/PhD/repo/Hw-designs/PUFs/pop_ro_puf/pop_ro_puf.srcs/sim_1/new/puf_sim.vhd" into library xil_defaultlib
INFO: [VRFC 10-3107] analyzing entity 'tb_top_DB'
